Determining if the pthread_create exist failed with the following output:
Change Dir: /home/adi/ardu_ws/build/mavros_extras/CMakeFiles/CMakeTmp

Run Build Command:"/usr/bin/make" "cmTC_fade3/fast"
/usr/bin/make -f CMakeFiles/cmTC_fade3.dir/build.make CMakeFiles/cmTC_fade3.dir/build
make[1]: Entering directory '/home/adi/ardu_ws/build/mavros_extras/CMakeFiles/CMakeTmp'
Building C object CMakeFiles/cmTC_fade3.dir/CheckSymbolExists.c.o
/usr/bin/gcc-6    -o CMakeFiles/cmTC_fade3.dir/CheckSymbolExists.c.o   -c /home/adi/ardu_ws/build/mavros_extras/CMakeFiles/CMakeTmp/CheckSymbolExists.c
Linking C executable cmTC_fade3
/usr/bin/cmake -E cmake_link_script CMakeFiles/cmTC_fade3.dir/link.txt --verbose=1
/usr/bin/gcc-6      -rdynamic CMakeFiles/cmTC_fade3.dir/CheckSymbolExists.c.o  -o cmTC_fade3 
CMakeFiles/cmTC_fade3.dir/CheckSymbolExists.c.o: In function `main':
CheckSymbolExists.c:(.text+0x1b): undefined reference to `pthread_create'
collect2: error: ld returned 1 exit status
CMakeFiles/cmTC_fade3.dir/build.make:97: recipe for target 'cmTC_fade3' failed
make[1]: *** [cmTC_fade3] Error 1
make[1]: Leaving directory '/home/adi/ardu_ws/build/mavros_extras/CMakeFiles/CMakeTmp'
Makefile:126: recipe for target 'cmTC_fade3/fast' failed
make: *** [cmTC_fade3/fast] Error 2

File /home/adi/ardu_ws/build/mavros_extras/CMakeFiles/CMakeTmp/CheckSymbolExists.c:
/* */
#include <pthread.h>

int main(int argc, char** argv)
{
  (void)argv;
#ifndef pthread_create
  return ((int*)(&pthread_create))[argc];
#else
  (void)argc;
  return 0;
#endif
}

Determining if the function pthread_create exists in the pthreads failed with the following output:
Change Dir: /home/adi/ardu_ws/build/mavros_extras/CMakeFiles/CMakeTmp

Run Build Command:"/usr/bin/make" "cmTC_ae8bd/fast"
/usr/bin/make -f CMakeFiles/cmTC_ae8bd.dir/build.make CMakeFiles/cmTC_ae8bd.dir/build
make[1]: Entering directory '/home/adi/ardu_ws/build/mavros_extras/CMakeFiles/CMakeTmp'
Building C object CMakeFiles/cmTC_ae8bd.dir/CheckFunctionExists.c.o
/usr/bin/gcc-6   -DCHECK_FUNCTION_EXISTS=pthread_create   -o CMakeFiles/cmTC_ae8bd.dir/CheckFunctionExists.c.o   -c /usr/share/cmake-3.10/Modules/CheckFunctionExists.c
Linking C executable cmTC_ae8bd
/usr/bin/cmake -E cmake_link_script CMakeFiles/cmTC_ae8bd.dir/link.txt --verbose=1
/usr/bin/gcc-6  -DCHECK_FUNCTION_EXISTS=pthread_create    -rdynamic CMakeFiles/cmTC_ae8bd.dir/CheckFunctionExists.c.o  -o cmTC_ae8bd -lpthreads 
/usr/bin/x86_64-linux-gnu-ld: cannot find -lpthreads
collect2: error: ld returned 1 exit status
CMakeFiles/cmTC_ae8bd.dir/build.make:97: recipe for target 'cmTC_ae8bd' failed
make[1]: *** [cmTC_ae8bd] Error 1
make[1]: Leaving directory '/home/adi/ardu_ws/build/mavros_extras/CMakeFiles/CMakeTmp'
Makefile:126: recipe for target 'cmTC_ae8bd/fast' failed
make: *** [cmTC_ae8bd/fast] Error 2


