In file included from [01m[K/home/adi/ardu_ws/src/iq_gnc/src/drone.cpp:3:0[m[K:
[01m[K/home/adi/ardu_ws/src/iq_gnc/src/classes/drone_base_class.cpp:1:20:[m[K [01;35m[Kwarning: [m[Kextra tokens at end of #include directive
 #include "global.h"[01;35m[K;[m[K
                    [01;35m[K^[m[K
In file included from [01m[K/home/adi/ardu_ws/src/iq_gnc/src/classes/drone_base_class.cpp:1:0[m[K,
                 from [01m[K/home/adi/ardu_ws/src/iq_gnc/src/drone.cpp:3[m[K:
[01m[K/home/adi/ardu_ws/src/iq_gnc/src/classes/global.h:4:12:[m[K [01;35m[Kwarning: [m[K‘[01m[KN[m[K’ initialized and declared ‘[01m[Kextern[m[K’
 extern int [01;35m[KN[m[K = 3;
            [01;35m[K^[m[K
[01m[K/home/adi/ardu_ws/src/iq_gnc/src/classes/global.h:5:30:[m[K [01;35m[Kwarning: [m[K‘[01m[Kaltitude[m[K’ initialized and declared ‘[01m[Kextern[m[K’
 extern vector<int> altitude(N[01;35m[K)[m[K;
                              [01;35m[K^[m[K
[01m[K/home/adi/ardu_ws/src/iq_gnc/src/classes/global.h:6:26:[m[K [01;35m[Kwarning: [m[K‘[01m[Kfuel[m[K’ initialized and declared ‘[01m[Kextern[m[K’
 extern vector<int> fuel(N[01;35m[K)[m[K;
                          [01;35m[K^[m[K
[01m[K/home/adi/ardu_ws/src/iq_gnc/src/classes/global.h:7:26:[m[K [01;35m[Kwarning: [m[K‘[01m[Ktemp[m[K’ initialized and declared ‘[01m[Kextern[m[K’
 extern vector<int> temp(N[01;35m[K)[m[K;
                          [01;35m[K^[m[K
[01m[K/home/adi/ardu_ws/src/iq_gnc/src/classes/global.h:8:39:[m[K [01;35m[Kwarning: [m[K‘[01m[Ktechnical_sensor[m[K’ initialized and declared ‘[01m[Kextern[m[K’
 extern vector<bool> technical_sensor(N[01;35m[K)[m[K;
                                       [01;35m[K^[m[K
[01m[K/home/adi/ardu_ws/src/iq_gnc/src/classes/global.h:9:25:[m[K [01;35m[Kwarning: [m[K‘[01m[Kbat[m[K’ initialized and declared ‘[01m[Kextern[m[K’
 extern vector<int> bat(N[01;35m[K)[m[K;
                         [01;35m[K^[m[K
[01m[K/home/adi/ardu_ws/src/iq_gnc/src/classes/global.h:11:12:[m[K [01;35m[Kwarning: [m[K‘[01m[Kdrone_number_counter[m[K’ initialized and declared ‘[01m[Kextern[m[K’
 extern int [01;35m[Kdrone_number_counter[m[K = 0;
            [01;35m[K^~~~~~~~~~~~~~~~~~~~[m[K
[01m[K/home/adi/ardu_ws/src/iq_gnc/src/classes/global.h:12:12:[m[K [01;35m[Kwarning: [m[K‘[01m[Kdrone_synchronisation_counter[m[K’ initialized and declared ‘[01m[Kextern[m[K’
 extern int [01;35m[Kdrone_synchronisation_counter[m[K = 0;
            [01;35m[K^~~~~~~~~~~~~~~~~~~~~~~~~~~~~[m[K
[01m[K/home/adi/ardu_ws/src/iq_gnc/src/classes/global.h:13:12:[m[K [01;35m[Kwarning: [m[K‘[01m[Kdrone_synchronisation_counter_2[m[K’ initialized and declared ‘[01m[Kextern[m[K’
 extern int [01;35m[Kdrone_synchronisation_counter_2[m[K = 0;
            [01;35m[K^~~~~~~~~~~~~~~~~~~~~~~~~~~~~~~[m[K
[01m[K/home/adi/ardu_ws/src/iq_gnc/src/classes/global.h:14:12:[m[K [01;35m[Kwarning: [m[K‘[01m[Kserving_drone_counter[m[K’ initialized and declared ‘[01m[Kextern[m[K’
 extern int [01;35m[Kserving_drone_counter[m[K = 0;
            [01;35m[K^~~~~~~~~~~~~~~~~~~~~[m[K
[01m[K/home/adi/ardu_ws/src/iq_gnc/src/classes/global.h:17:26:[m[K [01;35m[Kwarning: [m[K‘[01m[Ktime[m[K’ initialized and declared ‘[01m[Kextern[m[K’
 extern vector<int> time(N[01;35m[K)[m[K;    // array to store the time taken by the drone to reach the requesting location
                          [01;35m[K^[m[K
[01m[K/home/adi/ardu_ws/src/iq_gnc/src/classes/global.h:17:26:[m[K [01;31m[Kerror: [m[K‘[01m[Kstd::vector<int> time[m[K’ redeclared as different kind of symbol
In file included from [01m[K/usr/include/pthread.h:24:0[m[K,
                 from [01m[K/usr/include/x86_64-linux-gnu/c++/7/bits/gthr-default.h:35[m[K,
                 from [01m[K/usr/include/x86_64-linux-gnu/c++/7/bits/gthr.h:148[m[K,
                 from [01m[K/usr/include/c++/7/ext/atomicity.h:35[m[K,
                 from [01m[K/usr/include/c++/7/bits/basic_string.h:39[m[K,
                 from [01m[K/usr/include/c++/7/string:52[m[K,
                 from [01m[K/home/adi/ardu_ws/devel/include/mavros_msgs/CommandTOLRequest.h:9[m[K,
                 from [01m[K/home/adi/ardu_ws/devel/include/mavros_msgs/CommandTOL.h:11[m[K,
                 from [01m[K/home/adi/ardu_ws/src/iq_gnc/include/gnc_functions.hpp:1[m[K,
                 from [01m[K/home/adi/ardu_ws/src/iq_gnc/src/drone.cpp:1[m[K:
[01m[K/usr/include/time.h:75:15:[m[K [01;36m[Knote: [m[Kprevious declaration ‘[01m[Ktime_t time(time_t*)[m[K’
 extern time_t [01;36m[Ktime[m[K (time_t *__timer) __THROW;
               [01;36m[K^~~~[m[K
In file included from [01m[K/home/adi/ardu_ws/src/iq_gnc/src/classes/drone_base_class.cpp:1:0[m[K,
                 from [01m[K/home/adi/ardu_ws/src/iq_gnc/src/drone.cpp:3[m[K:
[01m[K/home/adi/ardu_ws/src/iq_gnc/src/classes/global.h:31:20:[m[K [01;35m[Kwarning: [m[K‘[01m[Kx[m[K’ initialized and declared ‘[01m[Kextern[m[K’
 extern vector<int> [01;35m[Kx[m[K = {0, 0, 5};
                    [01;35m[K^[m[K
[01m[K/home/adi/ardu_ws/src/iq_gnc/src/classes/global.h:32:20:[m[K [01;35m[Kwarning: [m[K‘[01m[Ky[m[K’ initialized and declared ‘[01m[Kextern[m[K’
 extern vector<int> [01;35m[Ky[m[K = {0, -5, -5};
                    [01;35m[K^[m[K
[01m[K/home/adi/ardu_ws/src/iq_gnc/src/classes/global.h:33:26:[m[K [01;35m[Kwarning: [m[K‘[01m[Kdist[m[K’ initialized and declared ‘[01m[Kextern[m[K’
 extern vector<int> dist(N[01;35m[K)[m[K;    // array to store the linear distances of drones 1, 2, and 3
                          [01;35m[K^[m[K
[01m[K/home/adi/ardu_ws/src/iq_gnc/src/classes/global.h:34:33:[m[K [01;35m[Kwarning: [m[K‘[01m[Kupdate_dist[m[K’ initialized and declared ‘[01m[Kextern[m[K’
 extern vector<int> update_dist(N[01;35m[K)[m[K;
                                 [01;35m[K^[m[K
[01m[K/home/adi/ardu_ws/src/iq_gnc/src/classes/global.h:35:39:[m[K [01;35m[Kwarning: [m[K‘[01m[Kshortest_distance[m[K’ initialized and declared ‘[01m[Kextern[m[K’
 extern vector<int> shortest_distance(N[01;35m[K)[m[K;
                                       [01;35m[K^[m[K
[01m[K/home/adi/ardu_ws/src/iq_gnc/src/classes/global.h:36:28:[m[K [01;35m[Kwarning: [m[K‘[01m[Kchosen[m[K’ initialized and declared ‘[01m[Kextern[m[K’
 extern vector<int> chosen(N[01;35m[K)[m[K;  // to store the drone value which is chosen to serve the request
                            [01;35m[K^[m[K
[01m[K/home/adi/ardu_ws/src/iq_gnc/src/classes/global.h:39:36:[m[K [01;35m[Kwarning: [m[K‘[01m[Kselected_drone[m[K’ initialized and declared ‘[01m[Kextern[m[K’
 extern vector<int> selected_drone(N[01;35m[K)[m[K;
                                    [01;35m[K^[m[K
[01m[K/home/adi/ardu_ws/src/iq_gnc/src/drone.cpp:[m[K In function ‘[01m[Kint main(int, char**)[m[K’:
[01m[K/home/adi/ardu_ws/src/iq_gnc/src/drone.cpp:23:5:[m[K [01;31m[Kerror: [m[K‘[01m[Kdrone_instance[m[K’ was not declared in this scope
     [01;31m[Kdrone_instance[m[K = Drone(my_number);
     [01;31m[K^~~~~~~~~~~~~~[m[K
[01m[K/home/adi/ardu_ws/src/iq_gnc/src/drone.cpp:23:5:[m[K [01;36m[Knote: [m[Ksuggested alternative: ‘[01m[Kupdate_distance[m[K’
     [01;36m[Kdrone_instance[m[K = Drone(my_number);
     [01;36m[K^~~~~~~~~~~~~~[m[K
     [32m[Kupdate_distance[m[K
make[2]: *** [CMakeFiles/drone.dir/src/drone.cpp.o] Error 1
make[1]: *** [CMakeFiles/drone.dir/all] Error 2
make: *** [all] Error 2
