In file included from [01m[K/opt/ros/melodic/include/ros/ros.h:40:0[m[K,
                 from [01m[K/home/adi/ardu_ws/src/iq_gnc/include/gnc_functions.hpp:8[m[K,
                 from [01m[K/home/adi/ardu_ws/src/iq_gnc/src/classes/drone_base_class.cpp:2[m[K,
                 from [01m[K/home/adi/ardu_ws/src/iq_gnc/src/drone.cpp:1[m[K:
[01m[K/home/adi/ardu_ws/src/iq_gnc/src/drone.cpp:[m[K In function ‘[01m[Kint main(int, char**)[m[K’:
[01m[K/home/adi/ardu_ws/src/iq_gnc/src/drone.cpp:40:66:[m[K [01;31m[Kerror: [m[Kno match for ‘[01m[Koperator*[m[K’ (operand type is ‘[01m[Kstd::vector<bool>::reference {aka std::_Bit_reference}[m[K’)
             ROS_INFO("AVAILABILITY OF DRONE %d : %d", my_number, [01;31m[K*availability[my_number][m[K);
                                                                  [01;31m[K^~~~~~~~~~~~~~~~~~~~~~~~[m[K
[01m[K/opt/ros/melodic/include/ros/console.h:348:165:[m[K [01;36m[Knote: [m[Kin definition of macro ‘[01m[KROSCONSOLE_PRINT_AT_LOCATION_WITH_FILTER[m[K’
     ::ros::console::print(filter, __rosconsole_define_location__loc.logger_, __rosconsole_define_location__loc.level_, __FILE__, __LINE__, __ROSCONSOLE_FUNCTION__, [01;36m[K__VA_ARGS__[m[K)
                                                                                                                                                                     [01;36m[K^~~~~~~~~~~[m[K
[01m[K/opt/ros/melodic/include/ros/console.h:387:7:[m[K [01;36m[Knote: [m[Kin expansion of macro ‘[01m[KROSCONSOLE_PRINT_AT_LOCATION[m[K’
       [01;36m[KROSCONSOLE_PRINT_AT_LOCATION[m[K(__VA_ARGS__); \
       [01;36m[K^~~~~~~~~~~~~~~~~~~~~~~~~~~~[m[K
[01m[K/opt/ros/melodic/include/ros/console.h:572:35:[m[K [01;36m[Knote: [m[Kin expansion of macro ‘[01m[KROS_LOG_COND[m[K’
 #define ROS_LOG(level, name, ...) [01;36m[KROS_LOG_COND[m[K(true, level, name, __VA_ARGS__)
                                   [01;36m[K^~~~~~~~~~~~[m[K
[01m[K/opt/ros/melodic/include/rosconsole/macros_generated.h:110:23:[m[K [01;36m[Knote: [m[Kin expansion of macro ‘[01m[KROS_LOG[m[K’
 #define ROS_INFO(...) [01;36m[KROS_LOG[m[K(::ros::console::levels::Info, ROSCONSOLE_DEFAULT_NAME, __VA_ARGS__)
                       [01;36m[K^~~~~~~[m[K
[01m[K/home/adi/ardu_ws/src/iq_gnc/src/drone.cpp:40:13:[m[K [01;36m[Knote: [m[Kin expansion of macro ‘[01m[KROS_INFO[m[K’
             [01;36m[KR[m[KOS_INFO("AVAILABILITY OF DRONE %d : %d", my_number, *availability[my_number]);
             [01;36m[K^[m[K
In file included from [01m[K/usr/include/boost/config/no_tr1/complex.hpp:21:0[m[K,
                 from [01m[K/usr/include/boost/math/policies/error_handling.hpp:17[m[K,
                 from [01m[K/usr/include/boost/math/special_functions/round.hpp:14[m[K,
                 from [01m[K/opt/ros/melodic/include/ros/time.h:58[m[K,
                 from [01m[K/opt/ros/melodic/include/ros/serialization.h:34[m[K,
                 from [01m[K/home/adi/ardu_ws/devel/include/mavros_msgs/CommandTOLRequest.h:14[m[K,
                 from [01m[K/home/adi/ardu_ws/devel/include/mavros_msgs/CommandTOL.h:11[m[K,
                 from [01m[K/home/adi/ardu_ws/src/iq_gnc/include/gnc_functions.hpp:1[m[K,
                 from [01m[K/home/adi/ardu_ws/src/iq_gnc/src/classes/drone_base_class.cpp:2[m[K,
                 from [01m[K/home/adi/ardu_ws/src/iq_gnc/src/drone.cpp:1[m[K:
[01m[K/usr/include/c++/7/complex:386:5:[m[K [01;36m[Knote: [m[Kcandidate: template<class _Tp> std::complex<_Tp> std::operator*(const std::complex<_Tp>&, const std::complex<_Tp>&)
     [01;36m[Koperator[m[K*(const complex<_Tp>& __x, const complex<_Tp>& __y)
     [01;36m[K^~~~~~~~[m[K
[01m[K/usr/include/c++/7/complex:386:5:[m[K [01;36m[Knote: [m[K  template argument deduction/substitution failed:
In file included from [01m[K/opt/ros/melodic/include/ros/ros.h:40:0[m[K,
                 from [01m[K/home/adi/ardu_ws/src/iq_gnc/include/gnc_functions.hpp:8[m[K,
                 from [01m[K/home/adi/ardu_ws/src/iq_gnc/src/classes/drone_base_class.cpp:2[m[K,
                 from [01m[K/home/adi/ardu_ws/src/iq_gnc/src/drone.cpp:1[m[K:
[01m[K/home/adi/ardu_ws/src/iq_gnc/src/drone.cpp:40:89:[m[K [01;36m[Knote: [m[K  ‘[01m[Kstd::vector<bool>::reference {aka std::_Bit_reference}[m[K’ is not derived from ‘[01m[Kconst std::complex<_Tp>[m[K’
             ROS_INFO("AVAILABILITY OF DRONE %d : %d", my_number, *availability[my_number[01;36m[K][m[K);
                                                                                         [01;36m[K^[m[K
[01m[K/opt/ros/melodic/include/ros/console.h:348:165:[m[K [01;36m[Knote: [m[Kin definition of macro ‘[01m[KROSCONSOLE_PRINT_AT_LOCATION_WITH_FILTER[m[K’
     ::ros::console::print(filter, __rosconsole_define_location__loc.logger_, __rosconsole_define_location__loc.level_, __FILE__, __LINE__, __ROSCONSOLE_FUNCTION__, [01;36m[K__VA_ARGS__[m[K)
                                                                                                                                                                     [01;36m[K^~~~~~~~~~~[m[K
[01m[K/opt/ros/melodic/include/ros/console.h:387:7:[m[K [01;36m[Knote: [m[Kin expansion of macro ‘[01m[KROSCONSOLE_PRINT_AT_LOCATION[m[K’
       [01;36m[KROSCONSOLE_PRINT_AT_LOCATION[m[K(__VA_ARGS__); \
       [01;36m[K^~~~~~~~~~~~~~~~~~~~~~~~~~~~[m[K
[01m[K/opt/ros/melodic/include/ros/console.h:572:35:[m[K [01;36m[Knote: [m[Kin expansion of macro ‘[01m[KROS_LOG_COND[m[K’
 #define ROS_LOG(level, name, ...) [01;36m[KROS_LOG_COND[m[K(true, level, name, __VA_ARGS__)
                                   [01;36m[K^~~~~~~~~~~~[m[K
[01m[K/opt/ros/melodic/include/rosconsole/macros_generated.h:110:23:[m[K [01;36m[Knote: [m[Kin expansion of macro ‘[01m[KROS_LOG[m[K’
 #define ROS_INFO(...) [01;36m[KROS_LOG[m[K(::ros::console::levels::Info, ROSCONSOLE_DEFAULT_NAME, __VA_ARGS__)
                       [01;36m[K^~~~~~~[m[K
[01m[K/home/adi/ardu_ws/src/iq_gnc/src/drone.cpp:40:13:[m[K [01;36m[Knote: [m[Kin expansion of macro ‘[01m[KROS_INFO[m[K’
             [01;36m[KR[m[KOS_INFO("AVAILABILITY OF DRONE %d : %d", my_number, *availability[my_number]);
             [01;36m[K^[m[K
In file included from [01m[K/usr/include/boost/config/no_tr1/complex.hpp:21:0[m[K,
                 from [01m[K/usr/include/boost/math/policies/error_handling.hpp:17[m[K,
                 from [01m[K/usr/include/boost/math/special_functions/round.hpp:14[m[K,
                 from [01m[K/opt/ros/melodic/include/ros/time.h:58[m[K,
                 from [01m[K/opt/ros/melodic/include/ros/serialization.h:34[m[K,
                 from [01m[K/home/adi/ardu_ws/devel/include/mavros_msgs/CommandTOLRequest.h:14[m[K,
                 from [01m[K/home/adi/ardu_ws/devel/include/mavros_msgs/CommandTOL.h:11[m[K,
                 from [01m[K/home/adi/ardu_ws/src/iq_gnc/include/gnc_functions.hpp:1[m[K,
                 from [01m[K/home/adi/ardu_ws/src/iq_gnc/src/classes/drone_base_class.cpp:2[m[K,
                 from [01m[K/home/adi/ardu_ws/src/iq_gnc/src/drone.cpp:1[m[K:
[01m[K/usr/include/c++/7/complex:395:5:[m[K [01;36m[Knote: [m[Kcandidate: template<class _Tp> std::complex<_Tp> std::operator*(const std::complex<_Tp>&, const _Tp&)
     [01;36m[Koperator[m[K*(const complex<_Tp>& __x, const _Tp& __y)
     [01;36m[K^~~~~~~~[m[K
[01m[K/usr/include/c++/7/complex:395:5:[m[K [01;36m[Knote: [m[K  template argument deduction/substitution failed:
In file included from [01m[K/opt/ros/melodic/include/ros/ros.h:40:0[m[K,
                 from [01m[K/home/adi/ardu_ws/src/iq_gnc/include/gnc_functions.hpp:8[m[K,
                 from [01m[K/home/adi/ardu_ws/src/iq_gnc/src/classes/drone_base_class.cpp:2[m[K,
                 from [01m[K/home/adi/ardu_ws/src/iq_gnc/src/drone.cpp:1[m[K:
[01m[K/home/adi/ardu_ws/src/iq_gnc/src/drone.cpp:40:89:[m[K [01;36m[Knote: [m[K  ‘[01m[Kstd::vector<bool>::reference {aka std::_Bit_reference}[m[K’ is not derived from ‘[01m[Kconst std::complex<_Tp>[m[K’
             ROS_INFO("AVAILABILITY OF DRONE %d : %d", my_number, *availability[my_number[01;36m[K][m[K);
                                                                                         [01;36m[K^[m[K
[01m[K/opt/ros/melodic/include/ros/console.h:348:165:[m[K [01;36m[Knote: [m[Kin definition of macro ‘[01m[KROSCONSOLE_PRINT_AT_LOCATION_WITH_FILTER[m[K’
     ::ros::console::print(filter, __rosconsole_define_location__loc.logger_, __rosconsole_define_location__loc.level_, __FILE__, __LINE__, __ROSCONSOLE_FUNCTION__, [01;36m[K__VA_ARGS__[m[K)
                                                                                                                                                                     [01;36m[K^~~~~~~~~~~[m[K
[01m[K/opt/ros/melodic/include/ros/console.h:387:7:[m[K [01;36m[Knote: [m[Kin expansion of macro ‘[01m[KROSCONSOLE_PRINT_AT_LOCATION[m[K’
       [01;36m[KROSCONSOLE_PRINT_AT_LOCATION[m[K(__VA_ARGS__); \
       [01;36m[K^~~~~~~~~~~~~~~~~~~~~~~~~~~~[m[K
[01m[K/opt/ros/melodic/include/ros/console.h:572:35:[m[K [01;36m[Knote: [m[Kin expansion of macro ‘[01m[KROS_LOG_COND[m[K’
 #define ROS_LOG(level, name, ...) [01;36m[KROS_LOG_COND[m[K(true, level, name, __VA_ARGS__)
                                   [01;36m[K^~~~~~~~~~~~[m[K
[01m[K/opt/ros/melodic/include/rosconsole/macros_generated.h:110:23:[m[K [01;36m[Knote: [m[Kin expansion of macro ‘[01m[KROS_LOG[m[K’
 #define ROS_INFO(...) [01;36m[KROS_LOG[m[K(::ros::console::levels::Info, ROSCONSOLE_DEFAULT_NAME, __VA_ARGS__)
                       [01;36m[K^~~~~~~[m[K
[01m[K/home/adi/ardu_ws/src/iq_gnc/src/drone.cpp:40:13:[m[K [01;36m[Knote: [m[Kin expansion of macro ‘[01m[KROS_INFO[m[K’
             [01;36m[KR[m[KOS_INFO("AVAILABILITY OF DRONE %d : %d", my_number, *availability[my_number]);
             [01;36m[K^[m[K
In file included from [01m[K/usr/include/boost/config/no_tr1/complex.hpp:21:0[m[K,
                 from [01m[K/usr/include/boost/math/policies/error_handling.hpp:17[m[K,
                 from [01m[K/usr/include/boost/math/special_functions/round.hpp:14[m[K,
                 from [01m[K/opt/ros/melodic/include/ros/time.h:58[m[K,
                 from [01m[K/opt/ros/melodic/include/ros/serialization.h:34[m[K,
                 from [01m[K/home/adi/ardu_ws/devel/include/mavros_msgs/CommandTOLRequest.h:14[m[K,
                 from [01m[K/home/adi/ardu_ws/devel/include/mavros_msgs/CommandTOL.h:11[m[K,
                 from [01m[K/home/adi/ardu_ws/src/iq_gnc/include/gnc_functions.hpp:1[m[K,
                 from [01m[K/home/adi/ardu_ws/src/iq_gnc/src/classes/drone_base_class.cpp:2[m[K,
                 from [01m[K/home/adi/ardu_ws/src/iq_gnc/src/drone.cpp:1[m[K:
[01m[K/usr/include/c++/7/complex:404:5:[m[K [01;36m[Knote: [m[Kcandidate: template<class _Tp> std::complex<_Tp> std::operator*(const _Tp&, const std::complex<_Tp>&)
     [01;36m[Koperator[m[K*(const _Tp& __x, const complex<_Tp>& __y)
     [01;36m[K^~~~~~~~[m[K
[01m[K/usr/include/c++/7/complex:404:5:[m[K [01;36m[Knote: [m[K  template argument deduction/substitution failed:
In file included from [01m[K/opt/ros/melodic/include/ros/ros.h:40:0[m[K,
                 from [01m[K/home/adi/ardu_ws/src/iq_gnc/include/gnc_functions.hpp:8[m[K,
                 from [01m[K/home/adi/ardu_ws/src/iq_gnc/src/classes/drone_base_class.cpp:2[m[K,
                 from [01m[K/home/adi/ardu_ws/src/iq_gnc/src/drone.cpp:1[m[K:
[01m[K/home/adi/ardu_ws/src/iq_gnc/src/drone.cpp:40:89:[m[K [01;36m[Knote: [m[K  candidate expects 2 arguments, 1 provided
             ROS_INFO("AVAILABILITY OF DRONE %d : %d", my_number, *availability[my_number[01;36m[K][m[K);
                                                                                         [01;36m[K^[m[K
[01m[K/opt/ros/melodic/include/ros/console.h:348:165:[m[K [01;36m[Knote: [m[Kin definition of macro ‘[01m[KROSCONSOLE_PRINT_AT_LOCATION_WITH_FILTER[m[K’
     ::ros::console::print(filter, __rosconsole_define_location__loc.logger_, __rosconsole_define_location__loc.level_, __FILE__, __LINE__, __ROSCONSOLE_FUNCTION__, [01;36m[K__VA_ARGS__[m[K)
                                                                                                                                                                     [01;36m[K^~~~~~~~~~~[m[K
[01m[K/opt/ros/melodic/include/ros/console.h:387:7:[m[K [01;36m[Knote: [m[Kin expansion of macro ‘[01m[KROSCONSOLE_PRINT_AT_LOCATION[m[K’
       [01;36m[KROSCONSOLE_PRINT_AT_LOCATION[m[K(__VA_ARGS__); \
       [01;36m[K^~~~~~~~~~~~~~~~~~~~~~~~~~~~[m[K
[01m[K/opt/ros/melodic/include/ros/console.h:572:35:[m[K [01;36m[Knote: [m[Kin expansion of macro ‘[01m[KROS_LOG_COND[m[K’
 #define ROS_LOG(level, name, ...) [01;36m[KROS_LOG_COND[m[K(true, level, name, __VA_ARGS__)
                                   [01;36m[K^~~~~~~~~~~~[m[K
[01m[K/opt/ros/melodic/include/rosconsole/macros_generated.h:110:23:[m[K [01;36m[Knote: [m[Kin expansion of macro ‘[01m[KROS_LOG[m[K’
 #define ROS_INFO(...) [01;36m[KROS_LOG[m[K(::ros::console::levels::Info, ROSCONSOLE_DEFAULT_NAME, __VA_ARGS__)
                       [01;36m[K^~~~~~~[m[K
[01m[K/home/adi/ardu_ws/src/iq_gnc/src/drone.cpp:40:13:[m[K [01;36m[Knote: [m[Kin expansion of macro ‘[01m[KROS_INFO[m[K’
             [01;36m[KR[m[KOS_INFO("AVAILABILITY OF DRONE %d : %d", my_number, *availability[my_number]);
             [01;36m[K^[m[K
In file included from [01m[K/usr/include/c++/7/valarray:592:0[m[K,
                 from [01m[K/usr/include/x86_64-linux-gnu/c++/7/bits/stdc++.h:95[m[K,
                 from [01m[K/home/adi/ardu_ws/src/iq_gnc/src/classes/drone_base_class.cpp:3[m[K,
                 from [01m[K/home/adi/ardu_ws/src/iq_gnc/src/drone.cpp:1[m[K:
[01m[K/usr/include/c++/7/bits/valarray_after.h:404:5:[m[K [01;36m[Knote: [m[Kcandidate: template<class _Dom1, class _Dom2> std::_Expr<std::_BinClos<std::__multiplies, std::_Expr, std::_Expr, _Dom1, _Dom2>, typename std::__fun<std::__multiplies, typename _Dom1::value_type>::result_type> std::operator*(const std::_Expr<_Dom1, typename _Dom1::value_type>&, const std::_Expr<_Dom2, typename _Dom2::value_type>&)
     [01;36m[K_[m[KDEFINE_EXPR_BINARY_OPERATOR(*, __multiplies)
     [01;36m[K^[m[K
[01m[K/usr/include/c++/7/bits/valarray_after.h:404:5:[m[K [01;36m[Knote: [m[K  template argument deduction/substitution failed:
In file included from [01m[K/opt/ros/melodic/include/ros/ros.h:40:0[m[K,
                 from [01m[K/home/adi/ardu_ws/src/iq_gnc/include/gnc_functions.hpp:8[m[K,
                 from [01m[K/home/adi/ardu_ws/src/iq_gnc/src/classes/drone_base_class.cpp:2[m[K,
                 from [01m[K/home/adi/ardu_ws/src/iq_gnc/src/drone.cpp:1[m[K:
[01m[K/home/adi/ardu_ws/src/iq_gnc/src/drone.cpp:40:89:[m[K [01;36m[Knote: [m[K  ‘[01m[Kstd::vector<bool>::reference {aka std::_Bit_reference}[m[K’ is not derived from ‘[01m[Kconst std::_Expr<_Dom1, typename _Dom1::value_type>[m[K’
             ROS_INFO("AVAILABILITY OF DRONE %d : %d", my_number, *availability[my_number[01;36m[K][m[K);
                                                                                         [01;36m[K^[m[K
[01m[K/opt/ros/melodic/include/ros/console.h:348:165:[m[K [01;36m[Knote: [m[Kin definition of macro ‘[01m[KROSCONSOLE_PRINT_AT_LOCATION_WITH_FILTER[m[K’
     ::ros::console::print(filter, __rosconsole_define_location__loc.logger_, __rosconsole_define_location__loc.level_, __FILE__, __LINE__, __ROSCONSOLE_FUNCTION__, [01;36m[K__VA_ARGS__[m[K)
                                                                                                                                                                     [01;36m[K^~~~~~~~~~~[m[K
[01m[K/opt/ros/melodic/include/ros/console.h:387:7:[m[K [01;36m[Knote: [m[Kin expansion of macro ‘[01m[KROSCONSOLE_PRINT_AT_LOCATION[m[K’
       [01;36m[KROSCONSOLE_PRINT_AT_LOCATION[m[K(__VA_ARGS__); \
       [01;36m[K^~~~~~~~~~~~~~~~~~~~~~~~~~~~[m[K
[01m[K/opt/ros/melodic/include/ros/console.h:572:35:[m[K [01;36m[Knote: [m[Kin expansion of macro ‘[01m[KROS_LOG_COND[m[K’
 #define ROS_LOG(level, name, ...) [01;36m[KROS_LOG_COND[m[K(true, level, name, __VA_ARGS__)
                                   [01;36m[K^~~~~~~~~~~~[m[K
[01m[K/opt/ros/melodic/include/rosconsole/macros_generated.h:110:23:[m[K [01;36m[Knote: [m[Kin expansion of macro ‘[01m[KROS_LOG[m[K’
 #define ROS_INFO(...) [01;36m[KROS_LOG[m[K(::ros::console::levels::Info, ROSCONSOLE_DEFAULT_NAME, __VA_ARGS__)
                       [01;36m[K^~~~~~~[m[K
[01m[K/home/adi/ardu_ws/src/iq_gnc/src/drone.cpp:40:13:[m[K [01;36m[Knote: [m[Kin expansion of macro ‘[01m[KROS_INFO[m[K’
             [01;36m[KR[m[KOS_INFO("AVAILABILITY OF DRONE %d : %d", my_number, *availability[my_number]);
             [01;36m[K^[m[K
In file included from [01m[K/usr/include/c++/7/valarray:592:0[m[K,
                 from [01m[K/usr/include/x86_64-linux-gnu/c++/7/bits/stdc++.h:95[m[K,
                 from [01m[K/home/adi/ardu_ws/src/iq_gnc/src/classes/drone_base_class.cpp:3[m[K,
                 from [01m[K/home/adi/ardu_ws/src/iq_gnc/src/drone.cpp:1[m[K:
[01m[K/usr/include/c++/7/bits/valarray_after.h:404:5:[m[K [01;36m[Knote: [m[Kcandidate: template<class _Dom> std::_Expr<std::_BinClos<std::__multiplies, std::_Expr, std::_Constant, _Dom, typename _Dom::value_type>, typename std::__fun<std::__multiplies, typename _Dom1::value_type>::result_type> std::operator*(const std::_Expr<_Dom1, typename _Dom1::value_type>&, const typename _Dom::value_type&)
     [01;36m[K_[m[KDEFINE_EXPR_BINARY_OPERATOR(*, __multiplies)
     [01;36m[K^[m[K
[01m[K/usr/include/c++/7/bits/valarray_after.h:404:5:[m[K [01;36m[Knote: [m[K  template argument deduction/substitution failed:
In file included from [01m[K/opt/ros/melodic/include/ros/ros.h:40:0[m[K,
                 from [01m[K/home/adi/ardu_ws/src/iq_gnc/include/gnc_functions.hpp:8[m[K,
                 from [01m[K/home/adi/ardu_ws/src/iq_gnc/src/classes/drone_base_class.cpp:2[m[K,
                 from [01m[K/home/adi/ardu_ws/src/iq_gnc/src/drone.cpp:1[m[K:
[01m[K/home/adi/ardu_ws/src/iq_gnc/src/drone.cpp:40:89:[m[K [01;36m[Knote: [m[K  ‘[01m[Kstd::vector<bool>::reference {aka std::_Bit_reference}[m[K’ is not derived from ‘[01m[Kconst std::_Expr<_Dom1, typename _Dom1::value_type>[m[K’
             ROS_INFO("AVAILABILITY OF DRONE %d : %d", my_number, *availability[my_number[01;36m[K][m[K);
                                                                                         [01;36m[K^[m[K
[01m[K/opt/ros/melodic/include/ros/console.h:348:165:[m[K [01;36m[Knote: [m[Kin definition of macro ‘[01m[KROSCONSOLE_PRINT_AT_LOCATION_WITH_FILTER[m[K’
     ::ros::console::print(filter, __rosconsole_define_location__loc.logger_, __rosconsole_define_location__loc.level_, __FILE__, __LINE__, __ROSCONSOLE_FUNCTION__, [01;36m[K__VA_ARGS__[m[K)
                                                                                                                                                                     [01;36m[K^~~~~~~~~~~[m[K
[01m[K/opt/ros/melodic/include/ros/console.h:387:7:[m[K [01;36m[Knote: [m[Kin expansion of macro ‘[01m[KROSCONSOLE_PRINT_AT_LOCATION[m[K’
       [01;36m[KROSCONSOLE_PRINT_AT_LOCATION[m[K(__VA_ARGS__); \
       [01;36m[K^~~~~~~~~~~~~~~~~~~~~~~~~~~~[m[K
[01m[K/opt/ros/melodic/include/ros/console.h:572:35:[m[K [01;36m[Knote: [m[Kin expansion of macro ‘[01m[KROS_LOG_COND[m[K’
 #define ROS_LOG(level, name, ...) [01;36m[KROS_LOG_COND[m[K(true, level, name, __VA_ARGS__)
                                   [01;36m[K^~~~~~~~~~~~[m[K
[01m[K/opt/ros/melodic/include/rosconsole/macros_generated.h:110:23:[m[K [01;36m[Knote: [m[Kin expansion of macro ‘[01m[KROS_LOG[m[K’
 #define ROS_INFO(...) [01;36m[KROS_LOG[m[K(::ros::console::levels::Info, ROSCONSOLE_DEFAULT_NAME, __VA_ARGS__)
                       [01;36m[K^~~~~~~[m[K
[01m[K/home/adi/ardu_ws/src/iq_gnc/src/drone.cpp:40:13:[m[K [01;36m[Knote: [m[Kin expansion of macro ‘[01m[KROS_INFO[m[K’
             [01;36m[KR[m[KOS_INFO("AVAILABILITY OF DRONE %d : %d", my_number, *availability[my_number]);
             [01;36m[K^[m[K
In file included from [01m[K/usr/include/c++/7/valarray:592:0[m[K,
                 from [01m[K/usr/include/x86_64-linux-gnu/c++/7/bits/stdc++.h:95[m[K,
                 from [01m[K/home/adi/ardu_ws/src/iq_gnc/src/classes/drone_base_class.cpp:3[m[K,
                 from [01m[K/home/adi/ardu_ws/src/iq_gnc/src/drone.cpp:1[m[K:
[01m[K/usr/include/c++/7/bits/valarray_after.h:404:5:[m[K [01;36m[Knote: [m[Kcandidate: template<class _Dom> std::_Expr<std::_BinClos<std::__multiplies, std::_Constant, std::_Expr, typename _Dom::value_type, _Dom>, typename std::__fun<std::__multiplies, typename _Dom1::value_type>::result_type> std::operator*(const typename _Dom::value_type&, const std::_Expr<_Dom1, typename _Dom1::value_type>&)
     [01;36m[K_[m[KDEFINE_EXPR_BINARY_OPERATOR(*, __multiplies)
     [01;36m[K^[m[K
[01m[K/usr/include/c++/7/bits/valarray_after.h:404:5:[m[K [01;36m[Knote: [m[K  template argument deduction/substitution failed:
In file included from [01m[K/opt/ros/melodic/include/ros/ros.h:40:0[m[K,
                 from [01m[K/home/adi/ardu_ws/src/iq_gnc/include/gnc_functions.hpp:8[m[K,
                 from [01m[K/home/adi/ardu_ws/src/iq_gnc/src/classes/drone_base_class.cpp:2[m[K,
                 from [01m[K/home/adi/ardu_ws/src/iq_gnc/src/drone.cpp:1[m[K:
[01m[K/home/adi/ardu_ws/src/iq_gnc/src/drone.cpp:40:89:[m[K [01;36m[Knote: [m[K  candidate expects 2 arguments, 1 provided
             ROS_INFO("AVAILABILITY OF DRONE %d : %d", my_number, *availability[my_number[01;36m[K][m[K);
                                                                                         [01;36m[K^[m[K
[01m[K/opt/ros/melodic/include/ros/console.h:348:165:[m[K [01;36m[Knote: [m[Kin definition of macro ‘[01m[KROSCONSOLE_PRINT_AT_LOCATION_WITH_FILTER[m[K’
     ::ros::console::print(filter, __rosconsole_define_location__loc.logger_, __rosconsole_define_location__loc.level_, __FILE__, __LINE__, __ROSCONSOLE_FUNCTION__, [01;36m[K__VA_ARGS__[m[K)
                                                                                                                                                                     [01;36m[K^~~~~~~~~~~[m[K
[01m[K/opt/ros/melodic/include/ros/console.h:387:7:[m[K [01;36m[Knote: [m[Kin expansion of macro ‘[01m[KROSCONSOLE_PRINT_AT_LOCATION[m[K’
       [01;36m[KROSCONSOLE_PRINT_AT_LOCATION[m[K(__VA_ARGS__); \
       [01;36m[K^~~~~~~~~~~~~~~~~~~~~~~~~~~~[m[K
[01m[K/opt/ros/melodic/include/ros/console.h:572:35:[m[K [01;36m[Knote: [m[Kin expansion of macro ‘[01m[KROS_LOG_COND[m[K’
 #define ROS_LOG(level, name, ...) [01;36m[KROS_LOG_COND[m[K(true, level, name, __VA_ARGS__)
                                   [01;36m[K^~~~~~~~~~~~[m[K
[01m[K/opt/ros/melodic/include/rosconsole/macros_generated.h:110:23:[m[K [01;36m[Knote: [m[Kin expansion of macro ‘[01m[KROS_LOG[m[K’
 #define ROS_INFO(...) [01;36m[KROS_LOG[m[K(::ros::console::levels::Info, ROSCONSOLE_DEFAULT_NAME, __VA_ARGS__)
                       [01;36m[K^~~~~~~[m[K
[01m[K/home/adi/ardu_ws/src/iq_gnc/src/drone.cpp:40:13:[m[K [01;36m[Knote: [m[Kin expansion of macro ‘[01m[KROS_INFO[m[K’
             [01;36m[KR[m[KOS_INFO("AVAILABILITY OF DRONE %d : %d", my_number, *availability[my_number]);
             [01;36m[K^[m[K
In file included from [01m[K/usr/include/c++/7/valarray:592:0[m[K,
                 from [01m[K/usr/include/x86_64-linux-gnu/c++/7/bits/stdc++.h:95[m[K,
                 from [01m[K/home/adi/ardu_ws/src/iq_gnc/src/classes/drone_base_class.cpp:3[m[K,
                 from [01m[K/home/adi/ardu_ws/src/iq_gnc/src/drone.cpp:1[m[K:
[01m[K/usr/include/c++/7/bits/valarray_after.h:404:5:[m[K [01;36m[Knote: [m[Kcandidate: template<class _Dom> std::_Expr<std::_BinClos<std::__multiplies, std::_Expr, std::_ValArray, _Dom, typename _Dom::value_type>, typename std::__fun<std::__multiplies, typename _Dom1::value_type>::result_type> std::operator*(const std::_Expr<_Dom1, typename _Dom1::value_type>&, const std::valarray<typename _Dom::value_type>&)
     [01;36m[K_[m[KDEFINE_EXPR_BINARY_OPERATOR(*, __multiplies)
     [01;36m[K^[m[K
[01m[K/usr/include/c++/7/bits/valarray_after.h:404:5:[m[K [01;36m[Knote: [m[K  template argument deduction/substitution failed:
In file included from [01m[K/opt/ros/melodic/include/ros/ros.h:40:0[m[K,
                 from [01m[K/home/adi/ardu_ws/src/iq_gnc/include/gnc_functions.hpp:8[m[K,
                 from [01m[K/home/adi/ardu_ws/src/iq_gnc/src/classes/drone_base_class.cpp:2[m[K,
                 from [01m[K/home/adi/ardu_ws/src/iq_gnc/src/drone.cpp:1[m[K:
[01m[K/home/adi/ardu_ws/src/iq_gnc/src/drone.cpp:40:89:[m[K [01;36m[Knote: [m[K  ‘[01m[Kstd::vector<bool>::reference {aka std::_Bit_reference}[m[K’ is not derived from ‘[01m[Kconst std::_Expr<_Dom1, typename _Dom1::value_type>[m[K’
             ROS_INFO("AVAILABILITY OF DRONE %d : %d", my_number, *availability[my_number[01;36m[K][m[K);
                                                                                         [01;36m[K^[m[K
[01m[K/opt/ros/melodic/include/ros/console.h:348:165:[m[K [01;36m[Knote: [m[Kin definition of macro ‘[01m[KROSCONSOLE_PRINT_AT_LOCATION_WITH_FILTER[m[K’
     ::ros::console::print(filter, __rosconsole_define_location__loc.logger_, __rosconsole_define_location__loc.level_, __FILE__, __LINE__, __ROSCONSOLE_FUNCTION__, [01;36m[K__VA_ARGS__[m[K)
                                                                                                                                                                     [01;36m[K^~~~~~~~~~~[m[K
[01m[K/opt/ros/melodic/include/ros/console.h:387:7:[m[K [01;36m[Knote: [m[Kin expansion of macro ‘[01m[KROSCONSOLE_PRINT_AT_LOCATION[m[K’
       [01;36m[KROSCONSOLE_PRINT_AT_LOCATION[m[K(__VA_ARGS__); \
       [01;36m[K^~~~~~~~~~~~~~~~~~~~~~~~~~~~[m[K
[01m[K/opt/ros/melodic/include/ros/console.h:572:35:[m[K [01;36m[Knote: [m[Kin expansion of macro ‘[01m[KROS_LOG_COND[m[K’
 #define ROS_LOG(level, name, ...) [01;36m[KROS_LOG_COND[m[K(true, level, name, __VA_ARGS__)
                                   [01;36m[K^~~~~~~~~~~~[m[K
[01m[K/opt/ros/melodic/include/rosconsole/macros_generated.h:110:23:[m[K [01;36m[Knote: [m[Kin expansion of macro ‘[01m[KROS_LOG[m[K’
 #define ROS_INFO(...) [01;36m[KROS_LOG[m[K(::ros::console::levels::Info, ROSCONSOLE_DEFAULT_NAME, __VA_ARGS__)
                       [01;36m[K^~~~~~~[m[K
[01m[K/home/adi/ardu_ws/src/iq_gnc/src/drone.cpp:40:13:[m[K [01;36m[Knote: [m[Kin expansion of macro ‘[01m[KROS_INFO[m[K’
             [01;36m[KR[m[KOS_INFO("AVAILABILITY OF DRONE %d : %d", my_number, *availability[my_number]);
             [01;36m[K^[m[K
In file included from [01m[K/usr/include/c++/7/valarray:592:0[m[K,
                 from [01m[K/usr/include/x86_64-linux-gnu/c++/7/bits/stdc++.h:95[m[K,
                 from [01m[K/home/adi/ardu_ws/src/iq_gnc/src/classes/drone_base_class.cpp:3[m[K,
                 from [01m[K/home/adi/ardu_ws/src/iq_gnc/src/drone.cpp:1[m[K:
[01m[K/usr/include/c++/7/bits/valarray_after.h:404:5:[m[K [01;36m[Knote: [m[Kcandidate: template<class _Dom> std::_Expr<std::_BinClos<std::__multiplies, std::_ValArray, std::_Expr, typename _Dom::value_type, _Dom>, typename std::__fun<std::__multiplies, typename _Dom1::value_type>::result_type> std::operator*(const std::valarray<typename _Dom::value_type>&, const std::_Expr<_Dom1, typename _Dom1::value_type>&)
     [01;36m[K_[m[KDEFINE_EXPR_BINARY_OPERATOR(*, __multiplies)
     [01;36m[K^[m[K
[01m[K/usr/include/c++/7/bits/valarray_after.h:404:5:[m[K [01;36m[Knote: [m[K  template argument deduction/substitution failed:
In file included from [01m[K/opt/ros/melodic/include/ros/ros.h:40:0[m[K,
                 from [01m[K/home/adi/ardu_ws/src/iq_gnc/include/gnc_functions.hpp:8[m[K,
                 from [01m[K/home/adi/ardu_ws/src/iq_gnc/src/classes/drone_base_class.cpp:2[m[K,
                 from [01m[K/home/adi/ardu_ws/src/iq_gnc/src/drone.cpp:1[m[K:
[01m[K/home/adi/ardu_ws/src/iq_gnc/src/drone.cpp:40:89:[m[K [01;36m[Knote: [m[K  candidate expects 2 arguments, 1 provided
             ROS_INFO("AVAILABILITY OF DRONE %d : %d", my_number, *availability[my_number[01;36m[K][m[K);
                                                                                         [01;36m[K^[m[K
[01m[K/opt/ros/melodic/include/ros/console.h:348:165:[m[K [01;36m[Knote: [m[Kin definition of macro ‘[01m[KROSCONSOLE_PRINT_AT_LOCATION_WITH_FILTER[m[K’
     ::ros::console::print(filter, __rosconsole_define_location__loc.logger_, __rosconsole_define_location__loc.level_, __FILE__, __LINE__, __ROSCONSOLE_FUNCTION__, [01;36m[K__VA_ARGS__[m[K)
                                                                                                                                                                     [01;36m[K^~~~~~~~~~~[m[K
[01m[K/opt/ros/melodic/include/ros/console.h:387:7:[m[K [01;36m[Knote: [m[Kin expansion of macro ‘[01m[KROSCONSOLE_PRINT_AT_LOCATION[m[K’
       [01;36m[KROSCONSOLE_PRINT_AT_LOCATION[m[K(__VA_ARGS__); \
       [01;36m[K^~~~~~~~~~~~~~~~~~~~~~~~~~~~[m[K
[01m[K/opt/ros/melodic/include/ros/console.h:572:35:[m[K [01;36m[Knote: [m[Kin expansion of macro ‘[01m[KROS_LOG_COND[m[K’
 #define ROS_LOG(level, name, ...) [01;36m[KROS_LOG_COND[m[K(true, level, name, __VA_ARGS__)
                                   [01;36m[K^~~~~~~~~~~~[m[K
[01m[K/opt/ros/melodic/include/rosconsole/macros_generated.h:110:23:[m[K [01;36m[Knote: [m[Kin expansion of macro ‘[01m[KROS_LOG[m[K’
 #define ROS_INFO(...) [01;36m[KROS_LOG[m[K(::ros::console::levels::Info, ROSCONSOLE_DEFAULT_NAME, __VA_ARGS__)
                       [01;36m[K^~~~~~~[m[K
[01m[K/home/adi/ardu_ws/src/iq_gnc/src/drone.cpp:40:13:[m[K [01;36m[Knote: [m[Kin expansion of macro ‘[01m[KROS_INFO[m[K’
             [01;36m[KR[m[KOS_INFO("AVAILABILITY OF DRONE %d : %d", my_number, *availability[my_number]);
             [01;36m[K^[m[K
In file included from [01m[K/usr/include/x86_64-linux-gnu/c++/7/bits/stdc++.h:95:0[m[K,
                 from [01m[K/home/adi/ardu_ws/src/iq_gnc/src/classes/drone_base_class.cpp:3[m[K,
                 from [01m[K/home/adi/ardu_ws/src/iq_gnc/src/drone.cpp:1[m[K:
[01m[K/usr/include/c++/7/valarray:1174:1:[m[K [01;36m[Knote: [m[Kcandidate: template<class _Tp> std::_Expr<std::_BinClos<std::__multiplies, std::_ValArray, std::_ValArray, _Tp, _Tp>, typename std::__fun<std::__multiplies, _Tp>::result_type> std::operator*(const std::valarray<_Tp>&, const std::valarray<_Tp>&)
 [01;36m[K_[m[KDEFINE_BINARY_OPERATOR(*, __multiplies)
 [01;36m[K^[m[K
[01m[K/usr/include/c++/7/valarray:1174:1:[m[K [01;36m[Knote: [m[K  template argument deduction/substitution failed:
In file included from [01m[K/opt/ros/melodic/include/ros/ros.h:40:0[m[K,
                 from [01m[K/home/adi/ardu_ws/src/iq_gnc/include/gnc_functions.hpp:8[m[K,
                 from [01m[K/home/adi/ardu_ws/src/iq_gnc/src/classes/drone_base_class.cpp:2[m[K,
                 from [01m[K/home/adi/ardu_ws/src/iq_gnc/src/drone.cpp:1[m[K:
[01m[K/home/adi/ardu_ws/src/iq_gnc/src/drone.cpp:40:89:[m[K [01;36m[Knote: [m[K  ‘[01m[Kstd::vector<bool>::reference {aka std::_Bit_reference}[m[K’ is not derived from ‘[01m[Kconst std::valarray<_Tp>[m[K’
             ROS_INFO("AVAILABILITY OF DRONE %d : %d", my_number, *availability[my_number[01;36m[K][m[K);
                                                                                         [01;36m[K^[m[K
[01m[K/opt/ros/melodic/include/ros/console.h:348:165:[m[K [01;36m[Knote: [m[Kin definition of macro ‘[01m[KROSCONSOLE_PRINT_AT_LOCATION_WITH_FILTER[m[K’
     ::ros::console::print(filter, __rosconsole_define_location__loc.logger_, __rosconsole_define_location__loc.level_, __FILE__, __LINE__, __ROSCONSOLE_FUNCTION__, [01;36m[K__VA_ARGS__[m[K)
                                                                                                                                                                     [01;36m[K^~~~~~~~~~~[m[K
[01m[K/opt/ros/melodic/include/ros/console.h:387:7:[m[K [01;36m[Knote: [m[Kin expansion of macro ‘[01m[KROSCONSOLE_PRINT_AT_LOCATION[m[K’
       [01;36m[KROSCONSOLE_PRINT_AT_LOCATION[m[K(__VA_ARGS__); \
       [01;36m[K^~~~~~~~~~~~~~~~~~~~~~~~~~~~[m[K
[01m[K/opt/ros/melodic/include/ros/console.h:572:35:[m[K [01;36m[Knote: [m[Kin expansion of macro ‘[01m[KROS_LOG_COND[m[K’
 #define ROS_LOG(level, name, ...) [01;36m[KROS_LOG_COND[m[K(true, level, name, __VA_ARGS__)
                                   [01;36m[K^~~~~~~~~~~~[m[K
[01m[K/opt/ros/melodic/include/rosconsole/macros_generated.h:110:23:[m[K [01;36m[Knote: [m[Kin expansion of macro ‘[01m[KROS_LOG[m[K’
 #define ROS_INFO(...) [01;36m[KROS_LOG[m[K(::ros::console::levels::Info, ROSCONSOLE_DEFAULT_NAME, __VA_ARGS__)
                       [01;36m[K^~~~~~~[m[K
[01m[K/home/adi/ardu_ws/src/iq_gnc/src/drone.cpp:40:13:[m[K [01;36m[Knote: [m[Kin expansion of macro ‘[01m[KROS_INFO[m[K’
             [01;36m[KR[m[KOS_INFO("AVAILABILITY OF DRONE %d : %d", my_number, *availability[my_number]);
             [01;36m[K^[m[K
In file included from [01m[K/usr/include/x86_64-linux-gnu/c++/7/bits/stdc++.h:95:0[m[K,
                 from [01m[K/home/adi/ardu_ws/src/iq_gnc/src/classes/drone_base_class.cpp:3[m[K,
                 from [01m[K/home/adi/ardu_ws/src/iq_gnc/src/drone.cpp:1[m[K:
[01m[K/usr/include/c++/7/valarray:1174:1:[m[K [01;36m[Knote: [m[Kcandidate: template<class _Tp> std::_Expr<std::_BinClos<std::__multiplies, std::_ValArray, std::_Constant, _Tp, _Tp>, typename std::__fun<std::__multiplies, _Tp>::result_type> std::operator*(const std::valarray<_Tp>&, const _Tp&)
 [01;36m[K_[m[KDEFINE_BINARY_OPERATOR(*, __multiplies)
 [01;36m[K^[m[K
[01m[K/usr/include/c++/7/valarray:1174:1:[m[K [01;36m[Knote: [m[K  template argument deduction/substitution failed:
In file included from [01m[K/opt/ros/melodic/include/ros/ros.h:40:0[m[K,
                 from [01m[K/home/adi/ardu_ws/src/iq_gnc/include/gnc_functions.hpp:8[m[K,
                 from [01m[K/home/adi/ardu_ws/src/iq_gnc/src/classes/drone_base_class.cpp:2[m[K,
                 from [01m[K/home/adi/ardu_ws/src/iq_gnc/src/drone.cpp:1[m[K:
[01m[K/home/adi/ardu_ws/src/iq_gnc/src/drone.cpp:40:89:[m[K [01;36m[Knote: [m[K  ‘[01m[Kstd::vector<bool>::reference {aka std::_Bit_reference}[m[K’ is not derived from ‘[01m[Kconst std::valarray<_Tp>[m[K’
             ROS_INFO("AVAILABILITY OF DRONE %d : %d", my_number, *availability[my_number[01;36m[K][m[K);
                                                                                         [01;36m[K^[m[K
[01m[K/opt/ros/melodic/include/ros/console.h:348:165:[m[K [01;36m[Knote: [m[Kin definition of macro ‘[01m[KROSCONSOLE_PRINT_AT_LOCATION_WITH_FILTER[m[K’
     ::ros::console::print(filter, __rosconsole_define_location__loc.logger_, __rosconsole_define_location__loc.level_, __FILE__, __LINE__, __ROSCONSOLE_FUNCTION__, [01;36m[K__VA_ARGS__[m[K)
                                                                                                                                                                     [01;36m[K^~~~~~~~~~~[m[K
[01m[K/opt/ros/melodic/include/ros/console.h:387:7:[m[K [01;36m[Knote: [m[Kin expansion of macro ‘[01m[KROSCONSOLE_PRINT_AT_LOCATION[m[K’
       [01;36m[KROSCONSOLE_PRINT_AT_LOCATION[m[K(__VA_ARGS__); \
       [01;36m[K^~~~~~~~~~~~~~~~~~~~~~~~~~~~[m[K
[01m[K/opt/ros/melodic/include/ros/console.h:572:35:[m[K [01;36m[Knote: [m[Kin expansion of macro ‘[01m[KROS_LOG_COND[m[K’
 #define ROS_LOG(level, name, ...) [01;36m[KROS_LOG_COND[m[K(true, level, name, __VA_ARGS__)
                                   [01;36m[K^~~~~~~~~~~~[m[K
[01m[K/opt/ros/melodic/include/rosconsole/macros_generated.h:110:23:[m[K [01;36m[Knote: [m[Kin expansion of macro ‘[01m[KROS_LOG[m[K’
 #define ROS_INFO(...) [01;36m[KROS_LOG[m[K(::ros::console::levels::Info, ROSCONSOLE_DEFAULT_NAME, __VA_ARGS__)
                       [01;36m[K^~~~~~~[m[K
[01m[K/home/adi/ardu_ws/src/iq_gnc/src/drone.cpp:40:13:[m[K [01;36m[Knote: [m[Kin expansion of macro ‘[01m[KROS_INFO[m[K’
             [01;36m[KR[m[KOS_INFO("AVAILABILITY OF DRONE %d : %d", my_number, *availability[my_number]);
             [01;36m[K^[m[K
In file included from [01m[K/usr/include/x86_64-linux-gnu/c++/7/bits/stdc++.h:95:0[m[K,
                 from [01m[K/home/adi/ardu_ws/src/iq_gnc/src/classes/drone_base_class.cpp:3[m[K,
                 from [01m[K/home/adi/ardu_ws/src/iq_gnc/src/drone.cpp:1[m[K:
[01m[K/usr/include/c++/7/valarray:1174:1:[m[K [01;36m[Knote: [m[Kcandidate: template<class _Tp> std::_Expr<std::_BinClos<std::__multiplies, std::_Constant, std::_ValArray, _Tp, _Tp>, typename std::__fun<std::__multiplies, _Tp>::result_type> std::operator*(const _Tp&, const std::valarray<_Tp>&)
 [01;36m[K_[m[KDEFINE_BINARY_OPERATOR(*, __multiplies)
 [01;36m[K^[m[K
[01m[K/usr/include/c++/7/valarray:1174:1:[m[K [01;36m[Knote: [m[K  template argument deduction/substitution failed:
In file included from [01m[K/opt/ros/melodic/include/ros/ros.h:40:0[m[K,
                 from [01m[K/home/adi/ardu_ws/src/iq_gnc/include/gnc_functions.hpp:8[m[K,
                 from [01m[K/home/adi/ardu_ws/src/iq_gnc/src/classes/drone_base_class.cpp:2[m[K,
                 from [01m[K/home/adi/ardu_ws/src/iq_gnc/src/drone.cpp:1[m[K:
[01m[K/home/adi/ardu_ws/src/iq_gnc/src/drone.cpp:40:89:[m[K [01;36m[Knote: [m[K  candidate expects 2 arguments, 1 provided
             ROS_INFO("AVAILABILITY OF DRONE %d : %d", my_number, *availability[my_number[01;36m[K][m[K);
                                                                                         [01;36m[K^[m[K
[01m[K/opt/ros/melodic/include/ros/console.h:348:165:[m[K [01;36m[Knote: [m[Kin definition of macro ‘[01m[KROSCONSOLE_PRINT_AT_LOCATION_WITH_FILTER[m[K’
     ::ros::console::print(filter, __rosconsole_define_location__loc.logger_, __rosconsole_define_location__loc.level_, __FILE__, __LINE__, __ROSCONSOLE_FUNCTION__, [01;36m[K__VA_ARGS__[m[K)
                                                                                                                                                                     [01;36m[K^~~~~~~~~~~[m[K
[01m[K/opt/ros/melodic/include/ros/console.h:387:7:[m[K [01;36m[Knote: [m[Kin expansion of macro ‘[01m[KROSCONSOLE_PRINT_AT_LOCATION[m[K’
       [01;36m[KROSCONSOLE_PRINT_AT_LOCATION[m[K(__VA_ARGS__); \
       [01;36m[K^~~~~~~~~~~~~~~~~~~~~~~~~~~~[m[K
[01m[K/opt/ros/melodic/include/ros/console.h:572:35:[m[K [01;36m[Knote: [m[Kin expansion of macro ‘[01m[KROS_LOG_COND[m[K’
 #define ROS_LOG(level, name, ...) [01;36m[KROS_LOG_COND[m[K(true, level, name, __VA_ARGS__)
                                   [01;36m[K^~~~~~~~~~~~[m[K
[01m[K/opt/ros/melodic/include/rosconsole/macros_generated.h:110:23:[m[K [01;36m[Knote: [m[Kin expansion of macro ‘[01m[KROS_LOG[m[K’
 #define ROS_INFO(...) [01;36m[KROS_LOG[m[K(::ros::console::levels::Info, ROSCONSOLE_DEFAULT_NAME, __VA_ARGS__)
                       [01;36m[K^~~~~~~[m[K
[01m[K/home/adi/ardu_ws/src/iq_gnc/src/drone.cpp:40:13:[m[K [01;36m[Knote: [m[Kin expansion of macro ‘[01m[KROS_INFO[m[K’
             [01;36m[KR[m[KOS_INFO("AVAILABILITY OF DRONE %d : %d", my_number, *availability[my_number]);
             [01;36m[K^[m[K
make[2]: *** [CMakeFiles/drone.dir/src/drone.cpp.o] Error 1
make[1]: *** [CMakeFiles/drone.dir/all] Error 2
make: *** [all] Error 2
