CMakeFiles/input.dir/src/input.cpp.o: In function `set_heading(float)':
input.cpp:(.text+0x459): undefined reference to `ros::console::g_initialized'
input.cpp:(.text+0x469): undefined reference to `ros::console::initialize()'
input.cpp:(.text+0x4b6): undefined reference to `ros::console::initializeLogLocation(ros::console::LogLocation*, std::__cxx11::basic_string<char, std::char_traits<char>, std::allocator<char> > const&, ros::console::levels::Level)'
input.cpp:(.text+0x4f3): undefined reference to `ros::console::setLogLocationLevel(ros::console::LogLocation*, ros::console::levels::Level)'
input.cpp:(.text+0x4ff): undefined reference to `ros::console::checkLogLocationEnabled(ros::console::LogLocation*)'
input.cpp:(.text+0x560): undefined reference to `ros::console::print(ros::console::FilterBase*, void*, ros::console::levels::Level, char const*, int, char const*, char const*, ...)'
CMakeFiles/input.dir/src/input.cpp.o: In function `set_destination(float, float, float, float)':
input.cpp:(.text+0x918): undefined reference to `ros::console::g_initialized'
input.cpp:(.text+0x928): undefined reference to `ros::console::initialize()'
input.cpp:(.text+0x975): undefined reference to `ros::console::initializeLogLocation(ros::console::LogLocation*, std::__cxx11::basic_string<char, std::char_traits<char>, std::allocator<char> > const&, ros::console::levels::Level)'
input.cpp:(.text+0x9b2): undefined reference to `ros::console::setLogLocationLevel(ros::console::LogLocation*, ros::console::levels::Level)'
input.cpp:(.text+0x9be): undefined reference to `ros::console::checkLogLocationEnabled(ros::console::LogLocation*)'
input.cpp:(.text+0xa22): undefined reference to `ros::console::print(ros::console::FilterBase*, void*, ros::console::levels::Level, char const*, int, char const*, char const*, ...)'
CMakeFiles/input.dir/src/input.cpp.o: In function `wait4connect()':
input.cpp:(.text+0xac7): undefined reference to `ros::console::g_initialized'
input.cpp:(.text+0xad7): undefined reference to `ros::console::initialize()'
input.cpp:(.text+0xb24): undefined reference to `ros::console::initializeLogLocation(ros::console::LogLocation*, std::__cxx11::basic_string<char, std::char_traits<char>, std::allocator<char> > const&, ros::console::levels::Level)'
input.cpp:(.text+0xb61): undefined reference to `ros::console::setLogLocationLevel(ros::console::LogLocation*, ros::console::levels::Level)'
input.cpp:(.text+0xb6d): undefined reference to `ros::console::checkLogLocationEnabled(ros::console::LogLocation*)'
input.cpp:(.text+0xbc2): undefined reference to `ros::console::print(ros::console::FilterBase*, void*, ros::console::levels::Level, char const*, int, char const*, char const*, ...)'
input.cpp:(.text+0xbcb): undefined reference to `ros::ok()'
input.cpp:(.text+0xbef): undefined reference to `ros::spinOnce()'
input.cpp:(.text+0xc17): undefined reference to `ros::Duration::sleep() const'
input.cpp:(.text+0xc3b): undefined reference to `ros::console::g_initialized'
input.cpp:(.text+0xc4b): undefined reference to `ros::console::initialize()'
input.cpp:(.text+0xc98): undefined reference to `ros::console::initializeLogLocation(ros::console::LogLocation*, std::__cxx11::basic_string<char, std::char_traits<char>, std::allocator<char> > const&, ros::console::levels::Level)'
input.cpp:(.text+0xcd5): undefined reference to `ros::console::setLogLocationLevel(ros::console::LogLocation*, ros::console::levels::Level)'
input.cpp:(.text+0xce1): undefined reference to `ros::console::checkLogLocationEnabled(ros::console::LogLocation*)'
input.cpp:(.text+0xd36): undefined reference to `ros::console::print(ros::console::FilterBase*, void*, ros::console::levels::Level, char const*, int, char const*, char const*, ...)'
input.cpp:(.text+0xd4b): undefined reference to `ros::console::g_initialized'
input.cpp:(.text+0xd5b): undefined reference to `ros::console::initialize()'
input.cpp:(.text+0xda8): undefined reference to `ros::console::initializeLogLocation(ros::console::LogLocation*, std::__cxx11::basic_string<char, std::char_traits<char>, std::allocator<char> > const&, ros::console::levels::Level)'
input.cpp:(.text+0xde5): undefined reference to `ros::console::setLogLocationLevel(ros::console::LogLocation*, ros::console::levels::Level)'
input.cpp:(.text+0xdf1): undefined reference to `ros::console::checkLogLocationEnabled(ros::console::LogLocation*)'
input.cpp:(.text+0xe46): undefined reference to `ros::console::print(ros::console::FilterBase*, void*, ros::console::levels::Level, char const*, int, char const*, char const*, ...)'
CMakeFiles/input.dir/src/input.cpp.o: In function `wait4start()':
input.cpp:(.text+0xf2c): undefined reference to `ros::console::g_initialized'
input.cpp:(.text+0xf3c): undefined reference to `ros::console::initialize()'
input.cpp:(.text+0xf89): undefined reference to `ros::console::initializeLogLocation(ros::console::LogLocation*, std::__cxx11::basic_string<char, std::char_traits<char>, std::allocator<char> > const&, ros::console::levels::Level)'
input.cpp:(.text+0xfc6): undefined reference to `ros::console::setLogLocationLevel(ros::console::LogLocation*, ros::console::levels::Level)'
input.cpp:(.text+0xfd2): undefined reference to `ros::console::checkLogLocationEnabled(ros::console::LogLocation*)'
input.cpp:(.text+0x1027): undefined reference to `ros::console::print(ros::console::FilterBase*, void*, ros::console::levels::Level, char const*, int, char const*, char const*, ...)'
input.cpp:(.text+0x1030): undefined reference to `ros::ok()'
input.cpp:(.text+0x1060): undefined reference to `ros::spinOnce()'
input.cpp:(.text+0x1088): undefined reference to `ros::Duration::sleep() const'
input.cpp:(.text+0x10b8): undefined reference to `ros::console::g_initialized'
input.cpp:(.text+0x10c8): undefined reference to `ros::console::initialize()'
input.cpp:(.text+0x1115): undefined reference to `ros::console::initializeLogLocation(ros::console::LogLocation*, std::__cxx11::basic_string<char, std::char_traits<char>, std::allocator<char> > const&, ros::console::levels::Level)'
input.cpp:(.text+0x1152): undefined reference to `ros::console::setLogLocationLevel(ros::console::LogLocation*, ros::console::levels::Level)'
input.cpp:(.text+0x115e): undefined reference to `ros::console::checkLogLocationEnabled(ros::console::LogLocation*)'
input.cpp:(.text+0x11b3): undefined reference to `ros::console::print(ros::console::FilterBase*, void*, ros::console::levels::Level, char const*, int, char const*, char const*, ...)'
input.cpp:(.text+0x11c8): undefined reference to `ros::console::g_initialized'
input.cpp:(.text+0x11d8): undefined reference to `ros::console::initialize()'
input.cpp:(.text+0x1225): undefined reference to `ros::console::initializeLogLocation(ros::console::LogLocation*, std::__cxx11::basic_string<char, std::char_traits<char>, std::allocator<char> > const&, ros::console::levels::Level)'
input.cpp:(.text+0x1262): undefined reference to `ros::console::setLogLocationLevel(ros::console::LogLocation*, ros::console::levels::Level)'
input.cpp:(.text+0x126e): undefined reference to `ros::console::checkLogLocationEnabled(ros::console::LogLocation*)'
input.cpp:(.text+0x12c3): undefined reference to `ros::console::print(ros::console::FilterBase*, void*, ros::console::levels::Level, char const*, int, char const*, char const*, ...)'
CMakeFiles/input.dir/src/input.cpp.o: In function `initialize_local_frame()':
input.cpp:(.text+0x13a9): undefined reference to `ros::console::g_initialized'
input.cpp:(.text+0x13b9): undefined reference to `ros::console::initialize()'
input.cpp:(.text+0x1406): undefined reference to `ros::console::initializeLogLocation(ros::console::LogLocation*, std::__cxx11::basic_string<char, std::char_traits<char>, std::allocator<char> > const&, ros::console::levels::Level)'
input.cpp:(.text+0x1443): undefined reference to `ros::console::setLogLocationLevel(ros::console::LogLocation*, ros::console::levels::Level)'
input.cpp:(.text+0x144f): undefined reference to `ros::console::checkLogLocationEnabled(ros::console::LogLocation*)'
input.cpp:(.text+0x14a4): undefined reference to `ros::console::print(ros::console::FilterBase*, void*, ros::console::levels::Level, char const*, int, char const*, char const*, ...)'
input.cpp:(.text+0x14ca): undefined reference to `ros::spinOnce()'
input.cpp:(.text+0x14f2): undefined reference to `ros::Duration::sleep() const'
input.cpp:(.text+0x16bc): undefined reference to `ros::console::g_initialized'
input.cpp:(.text+0x16cc): undefined reference to `ros::console::initialize()'
input.cpp:(.text+0x1719): undefined reference to `ros::console::initializeLogLocation(ros::console::LogLocation*, std::__cxx11::basic_string<char, std::char_traits<char>, std::allocator<char> > const&, ros::console::levels::Level)'
input.cpp:(.text+0x1756): undefined reference to `ros::console::setLogLocationLevel(ros::console::LogLocation*, ros::console::levels::Level)'
input.cpp:(.text+0x1762): undefined reference to `ros::console::checkLogLocationEnabled(ros::console::LogLocation*)'
input.cpp:(.text+0x17b7): undefined reference to `ros::console::print(ros::console::FilterBase*, void*, ros::console::levels::Level, char const*, int, char const*, char const*, ...)'
input.cpp:(.text+0x17c2): undefined reference to `ros::console::g_initialized'
input.cpp:(.text+0x17d2): undefined reference to `ros::console::initialize()'
input.cpp:(.text+0x181f): undefined reference to `ros::console::initializeLogLocation(ros::console::LogLocation*, std::__cxx11::basic_string<char, std::char_traits<char>, std::allocator<char> > const&, ros::console::levels::Level)'
input.cpp:(.text+0x185c): undefined reference to `ros::console::setLogLocationLevel(ros::console::LogLocation*, ros::console::levels::Level)'
input.cpp:(.text+0x1868): undefined reference to `ros::console::checkLogLocationEnabled(ros::console::LogLocation*)'
input.cpp:(.text+0x18c9): undefined reference to `ros::console::print(ros::console::FilterBase*, void*, ros::console::levels::Level, char const*, int, char const*, char const*, ...)'
CMakeFiles/input.dir/src/input.cpp.o: In function `arm()':
input.cpp:(.text+0x19e2): undefined reference to `ros::spinOnce()'
input.cpp:(.text+0x1a0a): undefined reference to `ros::Duration::sleep() const'
input.cpp:(.text+0x1a23): undefined reference to `ros::console::g_initialized'
input.cpp:(.text+0x1a33): undefined reference to `ros::console::initialize()'
input.cpp:(.text+0x1a80): undefined reference to `ros::console::initializeLogLocation(ros::console::LogLocation*, std::__cxx11::basic_string<char, std::char_traits<char>, std::allocator<char> > const&, ros::console::levels::Level)'
input.cpp:(.text+0x1abd): undefined reference to `ros::console::setLogLocationLevel(ros::console::LogLocation*, ros::console::levels::Level)'
input.cpp:(.text+0x1ac9): undefined reference to `ros::console::checkLogLocationEnabled(ros::console::LogLocation*)'
input.cpp:(.text+0x1b1e): undefined reference to `ros::console::print(ros::console::FilterBase*, void*, ros::console::levels::Level, char const*, int, char const*, char const*, ...)'
input.cpp:(.text+0x1b4a): undefined reference to `ros::ok()'
input.cpp:(.text+0x1b86): undefined reference to `ros::Duration::sleep() const'
input.cpp:(.text+0x1bd0): undefined reference to `ros::console::g_initialized'
input.cpp:(.text+0x1be0): undefined reference to `ros::console::initialize()'
input.cpp:(.text+0x1c2d): undefined reference to `ros::console::initializeLogLocation(ros::console::LogLocation*, std::__cxx11::basic_string<char, std::char_traits<char>, std::allocator<char> > const&, ros::console::levels::Level)'
input.cpp:(.text+0x1c6a): undefined reference to `ros::console::setLogLocationLevel(ros::console::LogLocation*, ros::console::levels::Level)'
input.cpp:(.text+0x1c76): undefined reference to `ros::console::checkLogLocationEnabled(ros::console::LogLocation*)'
input.cpp:(.text+0x1ccb): undefined reference to `ros::console::print(ros::console::FilterBase*, void*, ros::console::levels::Level, char const*, int, char const*, char const*, ...)'
input.cpp:(.text+0x1ce0): undefined reference to `ros::console::g_initialized'
input.cpp:(.text+0x1cf0): undefined reference to `ros::console::initialize()'
input.cpp:(.text+0x1d3d): undefined reference to `ros::console::initializeLogLocation(ros::console::LogLocation*, std::__cxx11::basic_string<char, std::char_traits<char>, std::allocator<char> > const&, ros::console::levels::Level)'
input.cpp:(.text+0x1d7a): undefined reference to `ros::console::setLogLocationLevel(ros::console::LogLocation*, ros::console::levels::Level)'
input.cpp:(.text+0x1d86): undefined reference to `ros::console::checkLogLocationEnabled(ros::console::LogLocation*)'
input.cpp:(.text+0x1ddf): undefined reference to `ros::console::print(ros::console::FilterBase*, void*, ros::console::levels::Level, char const*, int, char const*, char const*, ...)'
CMakeFiles/input.dir/src/input.cpp.o: In function `takeoff(float)':
input.cpp:(.text+0x1f1b): undefined reference to `ros::spinOnce()'
input.cpp:(.text+0x1f43): undefined reference to `ros::Duration::sleep() const'
input.cpp:(.text+0x1f5c): undefined reference to `ros::console::g_initialized'
input.cpp:(.text+0x1f6c): undefined reference to `ros::console::initialize()'
input.cpp:(.text+0x1fb9): undefined reference to `ros::console::initializeLogLocation(ros::console::LogLocation*, std::__cxx11::basic_string<char, std::char_traits<char>, std::allocator<char> > const&, ros::console::levels::Level)'
input.cpp:(.text+0x1ff6): undefined reference to `ros::console::setLogLocationLevel(ros::console::LogLocation*, ros::console::levels::Level)'
input.cpp:(.text+0x2002): undefined reference to `ros::console::checkLogLocationEnabled(ros::console::LogLocation*)'
input.cpp:(.text+0x2057): undefined reference to `ros::console::print(ros::console::FilterBase*, void*, ros::console::levels::Level, char const*, int, char const*, char const*, ...)'
input.cpp:(.text+0x2083): undefined reference to `ros::ok()'
input.cpp:(.text+0x20bf): undefined reference to `ros::Duration::sleep() const'
input.cpp:(.text+0x2109): undefined reference to `ros::console::g_initialized'
input.cpp:(.text+0x2119): undefined reference to `ros::console::initialize()'
input.cpp:(.text+0x2166): undefined reference to `ros::console::initializeLogLocation(ros::console::LogLocation*, std::__cxx11::basic_string<char, std::char_traits<char>, std::allocator<char> > const&, ros::console::levels::Level)'
input.cpp:(.text+0x21a3): undefined reference to `ros::console::setLogLocationLevel(ros::console::LogLocation*, ros::console::levels::Level)'
input.cpp:(.text+0x21af): undefined reference to `ros::console::checkLogLocationEnabled(ros::console::LogLocation*)'
input.cpp:(.text+0x2208): undefined reference to `ros::console::print(ros::console::FilterBase*, void*, ros::console::levels::Level, char const*, int, char const*, char const*, ...)'
input.cpp:(.text+0x2218): undefined reference to `ros::console::g_initialized'
input.cpp:(.text+0x2228): undefined reference to `ros::console::initialize()'
input.cpp:(.text+0x2275): undefined reference to `ros::console::initializeLogLocation(ros::console::LogLocation*, std::__cxx11::basic_string<char, std::char_traits<char>, std::allocator<char> > const&, ros::console::levels::Level)'
input.cpp:(.text+0x22b2): undefined reference to `ros::console::setLogLocationLevel(ros::console::LogLocation*, ros::console::levels::Level)'
input.cpp:(.text+0x22be): undefined reference to `ros::console::checkLogLocationEnabled(ros::console::LogLocation*)'
input.cpp:(.text+0x2317): undefined reference to `ros::console::print(ros::console::FilterBase*, void*, ros::console::levels::Level, char const*, int, char const*, char const*, ...)'
input.cpp:(.text+0x2367): undefined reference to `ros::console::g_initialized'
input.cpp:(.text+0x2377): undefined reference to `ros::console::initialize()'
input.cpp:(.text+0x23c4): undefined reference to `ros::console::initializeLogLocation(ros::console::LogLocation*, std::__cxx11::basic_string<char, std::char_traits<char>, std::allocator<char> > const&, ros::console::levels::Level)'
input.cpp:(.text+0x2401): undefined reference to `ros::console::setLogLocationLevel(ros::console::LogLocation*, ros::console::levels::Level)'
input.cpp:(.text+0x240d): undefined reference to `ros::console::checkLogLocationEnabled(ros::console::LogLocation*)'
input.cpp:(.text+0x246a): undefined reference to `ros::console::print(ros::console::FilterBase*, void*, ros::console::levels::Level, char const*, int, char const*, char const*, ...)'
input.cpp:(.text+0x247a): undefined reference to `ros::console::g_initialized'
input.cpp:(.text+0x248a): undefined reference to `ros::console::initialize()'
input.cpp:(.text+0x24d7): undefined reference to `ros::console::initializeLogLocation(ros::console::LogLocation*, std::__cxx11::basic_string<char, std::char_traits<char>, std::allocator<char> > const&, ros::console::levels::Level)'
input.cpp:(.text+0x2514): undefined reference to `ros::console::setLogLocationLevel(ros::console::LogLocation*, ros::console::levels::Level)'
input.cpp:(.text+0x2520): undefined reference to `ros::console::checkLogLocationEnabled(ros::console::LogLocation*)'
input.cpp:(.text+0x2575): undefined reference to `ros::console::print(ros::console::FilterBase*, void*, ros::console::levels::Level, char const*, int, char const*, char const*, ...)'
CMakeFiles/input.dir/src/input.cpp.o: In function `check_waypoint_reached(float, float)':
input.cpp:(.text+0x27ab): undefined reference to `ros::console::g_initialized'
input.cpp:(.text+0x27bb): undefined reference to `ros::console::initialize()'
input.cpp:(.text+0x2808): undefined reference to `ros::console::initializeLogLocation(ros::console::LogLocation*, std::__cxx11::basic_string<char, std::char_traits<char>, std::allocator<char> > const&, ros::console::levels::Level)'
input.cpp:(.text+0x2845): undefined reference to `ros::console::setLogLocationLevel(ros::console::LogLocation*, ros::console::levels::Level)'
input.cpp:(.text+0x2851): undefined reference to `ros::console::checkLogLocationEnabled(ros::console::LogLocation*)'
input.cpp:(.text+0x28ab): undefined reference to `ros::console::print(ros::console::FilterBase*, void*, ros::console::levels::Level, char const*, int, char const*, char const*, ...)'
input.cpp:(.text+0x28b6): undefined reference to `ros::console::g_initialized'
input.cpp:(.text+0x28c6): undefined reference to `ros::console::initialize()'
input.cpp:(.text+0x2913): undefined reference to `ros::console::initializeLogLocation(ros::console::LogLocation*, std::__cxx11::basic_string<char, std::char_traits<char>, std::allocator<char> > const&, ros::console::levels::Level)'
input.cpp:(.text+0x2950): undefined reference to `ros::console::setLogLocationLevel(ros::console::LogLocation*, ros::console::levels::Level)'
input.cpp:(.text+0x295c): undefined reference to `ros::console::checkLogLocationEnabled(ros::console::LogLocation*)'
input.cpp:(.text+0x29d9): undefined reference to `ros::console::print(ros::console::FilterBase*, void*, ros::console::levels::Level, char const*, int, char const*, char const*, ...)'
input.cpp:(.text+0x29e4): undefined reference to `ros::console::g_initialized'
input.cpp:(.text+0x29f4): undefined reference to `ros::console::initialize()'
input.cpp:(.text+0x2a41): undefined reference to `ros::console::initializeLogLocation(ros::console::LogLocation*, std::__cxx11::basic_string<char, std::char_traits<char>, std::allocator<char> > const&, ros::console::levels::Level)'
input.cpp:(.text+0x2a7e): undefined reference to `ros::console::setLogLocationLevel(ros::console::LogLocation*, ros::console::levels::Level)'
input.cpp:(.text+0x2a8a): undefined reference to `ros::console::checkLogLocationEnabled(ros::console::LogLocation*)'
input.cpp:(.text+0x2b07): undefined reference to `ros::console::print(ros::console::FilterBase*, void*, ros::console::levels::Level, char const*, int, char const*, char const*, ...)'
CMakeFiles/input.dir/src/input.cpp.o: In function `set_mode(std::__cxx11::basic_string<char, std::char_traits<char>, std::allocator<char> >)':
input.cpp:(.text+0x2d35): undefined reference to `ros::console::g_initialized'
input.cpp:(.text+0x2d45): undefined reference to `ros::console::initialize()'
input.cpp:(.text+0x2d92): undefined reference to `ros::console::initializeLogLocation(ros::console::LogLocation*, std::__cxx11::basic_string<char, std::char_traits<char>, std::allocator<char> > const&, ros::console::levels::Level)'
input.cpp:(.text+0x2dcf): undefined reference to `ros::console::setLogLocationLevel(ros::console::LogLocation*, ros::console::levels::Level)'
input.cpp:(.text+0x2ddb): undefined reference to `ros::console::checkLogLocationEnabled(ros::console::LogLocation*)'
input.cpp:(.text+0x2e34): undefined reference to `ros::console::print(ros::console::FilterBase*, void*, ros::console::levels::Level, char const*, int, char const*, char const*, ...)'
input.cpp:(.text+0x2e44): undefined reference to `ros::console::g_initialized'
input.cpp:(.text+0x2e54): undefined reference to `ros::console::initialize()'
input.cpp:(.text+0x2ea1): undefined reference to `ros::console::initializeLogLocation(ros::console::LogLocation*, std::__cxx11::basic_string<char, std::char_traits<char>, std::allocator<char> > const&, ros::console::levels::Level)'
input.cpp:(.text+0x2ede): undefined reference to `ros::console::setLogLocationLevel(ros::console::LogLocation*, ros::console::levels::Level)'
input.cpp:(.text+0x2eea): undefined reference to `ros::console::checkLogLocationEnabled(ros::console::LogLocation*)'
input.cpp:(.text+0x2f3f): undefined reference to `ros::console::print(ros::console::FilterBase*, void*, ros::console::levels::Level, char const*, int, char const*, char const*, ...)'
CMakeFiles/input.dir/src/input.cpp.o: In function `land()':
input.cpp:(.text+0x3047): undefined reference to `ros::console::g_initialized'
input.cpp:(.text+0x3057): undefined reference to `ros::console::initialize()'
input.cpp:(.text+0x30a4): undefined reference to `ros::console::initializeLogLocation(ros::console::LogLocation*, std::__cxx11::basic_string<char, std::char_traits<char>, std::allocator<char> > const&, ros::console::levels::Level)'
input.cpp:(.text+0x30e1): undefined reference to `ros::console::setLogLocationLevel(ros::console::LogLocation*, ros::console::levels::Level)'
input.cpp:(.text+0x30ed): undefined reference to `ros::console::checkLogLocationEnabled(ros::console::LogLocation*)'
input.cpp:(.text+0x3146): undefined reference to `ros::console::print(ros::console::FilterBase*, void*, ros::console::levels::Level, char const*, int, char const*, char const*, ...)'
input.cpp:(.text+0x315b): undefined reference to `ros::console::g_initialized'
input.cpp:(.text+0x316b): undefined reference to `ros::console::initialize()'
input.cpp:(.text+0x31b8): undefined reference to `ros::console::initializeLogLocation(ros::console::LogLocation*, std::__cxx11::basic_string<char, std::char_traits<char>, std::allocator<char> > const&, ros::console::levels::Level)'
input.cpp:(.text+0x31f5): undefined reference to `ros::console::setLogLocationLevel(ros::console::LogLocation*, ros::console::levels::Level)'
input.cpp:(.text+0x3201): undefined reference to `ros::console::checkLogLocationEnabled(ros::console::LogLocation*)'
input.cpp:(.text+0x3256): undefined reference to `ros::console::print(ros::console::FilterBase*, void*, ros::console::levels::Level, char const*, int, char const*, char const*, ...)'
CMakeFiles/input.dir/src/input.cpp.o: In function `init_publisher_subscriber(ros::NodeHandle)':
input.cpp:(.text+0x333e): undefined reference to `ros::NodeHandle::hasParam(std::__cxx11::basic_string<char, std::char_traits<char>, std::allocator<char> > const&) const'
input.cpp:(.text+0x336d): undefined reference to `ros::console::g_initialized'
input.cpp:(.text+0x337d): undefined reference to `ros::console::initialize()'
input.cpp:(.text+0x33d0): undefined reference to `ros::console::initializeLogLocation(ros::console::LogLocation*, std::__cxx11::basic_string<char, std::char_traits<char>, std::allocator<char> > const&, ros::console::levels::Level)'
input.cpp:(.text+0x3410): undefined reference to `ros::console::setLogLocationLevel(ros::console::LogLocation*, ros::console::levels::Level)'
input.cpp:(.text+0x341c): undefined reference to `ros::console::checkLogLocationEnabled(ros::console::LogLocation*)'
input.cpp:(.text+0x347b): undefined reference to `ros::console::print(ros::console::FilterBase*, void*, ros::console::levels::Level, char const*, int, char const*, char const*, ...)'
input.cpp:(.text+0x34c7): undefined reference to `ros::NodeHandle::getParam(std::__cxx11::basic_string<char, std::char_traits<char>, std::allocator<char> > const&, std::__cxx11::basic_string<char, std::char_traits<char>, std::allocator<char> >&) const'
input.cpp:(.text+0x34e9): undefined reference to `ros::console::g_initialized'
input.cpp:(.text+0x34f9): undefined reference to `ros::console::initialize()'
input.cpp:(.text+0x354c): undefined reference to `ros::console::initializeLogLocation(ros::console::LogLocation*, std::__cxx11::basic_string<char, std::char_traits<char>, std::allocator<char> > const&, ros::console::levels::Level)'
input.cpp:(.text+0x358c): undefined reference to `ros::console::setLogLocationLevel(ros::console::LogLocation*, ros::console::levels::Level)'
input.cpp:(.text+0x3598): undefined reference to `ros::console::checkLogLocationEnabled(ros::console::LogLocation*)'
input.cpp:(.text+0x35ff): undefined reference to `ros::console::print(ros::console::FilterBase*, void*, ros::console::levels::Level, char const*, int, char const*, char const*, ...)'
input.cpp:(.text+0x369b): undefined reference to `ros::Publisher::~Publisher()'
input.cpp:(.text+0x37d7): undefined reference to `ros::Subscriber::~Subscriber()'
input.cpp:(.text+0x3922): undefined reference to `ros::Subscriber::~Subscriber()'
input.cpp:(.text+0x3a39): undefined reference to `ros::ServiceClient::~ServiceClient()'
input.cpp:(.text+0x3b50): undefined reference to `ros::ServiceClient::~ServiceClient()'
input.cpp:(.text+0x3c67): undefined reference to `ros::ServiceClient::~ServiceClient()'
input.cpp:(.text+0x3d7e): undefined reference to `ros::ServiceClient::~ServiceClient()'
CMakeFiles/input.dir/src/input.cpp.o: In function `main':
input.cpp:(.text+0x40f8): undefined reference to `ros::init(int&, char**, std::__cxx11::basic_string<char, std::char_traits<char>, std::allocator<char> > const&, unsigned int)'
input.cpp:(.text+0x41a7): undefined reference to `ros::NodeHandle::NodeHandle(std::__cxx11::basic_string<char, std::char_traits<char>, std::allocator<char> > const&, std::map<std::__cxx11::basic_string<char, std::char_traits<char>, std::allocator<char> >, std::__cxx11::basic_string<char, std::char_traits<char>, std::allocator<char> >, std::less<std::__cxx11::basic_string<char, std::char_traits<char>, std::allocator<char> > >, std::allocator<std::pair<std::__cxx11::basic_string<char, std::char_traits<char>, std::allocator<char> > const, std::__cxx11::basic_string<char, std::char_traits<char>, std::allocator<char> > > > > const&)'
input.cpp:(.text+0x4203): undefined reference to `ros::Rate::Rate(double)'
input.cpp:(.text+0x4224): undefined reference to `ros::ok()'
input.cpp:(.text+0x4231): undefined reference to `ros::spinOnce()'
input.cpp:(.text+0x4245): undefined reference to `ros::console::g_initialized'
input.cpp:(.text+0x4255): undefined reference to `ros::console::initialize()'
input.cpp:(.text+0x42ae): undefined reference to `ros::console::initializeLogLocation(ros::console::LogLocation*, std::__cxx11::basic_string<char, std::char_traits<char>, std::allocator<char> > const&, ros::console::levels::Level)'
input.cpp:(.text+0x42f1): undefined reference to `ros::console::setLogLocationLevel(ros::console::LogLocation*, ros::console::levels::Level)'
input.cpp:(.text+0x42fd): undefined reference to `ros::console::checkLogLocationEnabled(ros::console::LogLocation*)'
input.cpp:(.text+0x4358): undefined reference to `ros::console::print(ros::console::FilterBase*, void*, ros::console::levels::Level, char const*, int, char const*, char const*, ...)'
input.cpp:(.text+0x43c9): undefined reference to `ros::NodeHandle::getParam(std::__cxx11::basic_string<char, std::char_traits<char>, std::allocator<char> > const&, int&) const'
input.cpp:(.text+0x4433): undefined reference to `ros::NodeHandle::getParam(std::__cxx11::basic_string<char, std::char_traits<char>, std::allocator<char> > const&, int&) const'
input.cpp:(.text+0x4458): undefined reference to `ros::console::g_initialized'
input.cpp:(.text+0x4468): undefined reference to `ros::console::initialize()'
input.cpp:(.text+0x44c1): undefined reference to `ros::console::initializeLogLocation(ros::console::LogLocation*, std::__cxx11::basic_string<char, std::char_traits<char>, std::allocator<char> > const&, ros::console::levels::Level)'
input.cpp:(.text+0x4504): undefined reference to `ros::console::setLogLocationLevel(ros::console::LogLocation*, ros::console::levels::Level)'
input.cpp:(.text+0x4510): undefined reference to `ros::console::checkLogLocationEnabled(ros::console::LogLocation*)'
input.cpp:(.text+0x457d): undefined reference to `ros::console::print(ros::console::FilterBase*, void*, ros::console::levels::Level, char const*, int, char const*, char const*, ...)'
input.cpp:(.text+0x458d): undefined reference to `ros::console::g_initialized'
input.cpp:(.text+0x459d): undefined reference to `ros::console::initialize()'
input.cpp:(.text+0x45f6): undefined reference to `ros::console::initializeLogLocation(ros::console::LogLocation*, std::__cxx11::basic_string<char, std::char_traits<char>, std::allocator<char> > const&, ros::console::levels::Level)'
input.cpp:(.text+0x4639): undefined reference to `ros::console::setLogLocationLevel(ros::console::LogLocation*, ros::console::levels::Level)'
input.cpp:(.text+0x4645): undefined reference to `ros::console::checkLogLocationEnabled(ros::console::LogLocation*)'
input.cpp:(.text+0x46aa): undefined reference to `ros::console::print(ros::console::FilterBase*, void*, ros::console::levels::Level, char const*, int, char const*, char const*, ...)'
input.cpp:(.text+0x46c4): undefined reference to `ros::Rate::sleep()'
input.cpp:(.text+0x46e7): undefined reference to `ros::NodeHandle::~NodeHandle()'
input.cpp:(.text+0x487e): undefined reference to `ros::NodeHandle::~NodeHandle()'
CMakeFiles/input.dir/src/input.cpp.o: In function `__static_initialization_and_destruction_0(int, int)':
input.cpp:(.text+0x4990): undefined reference to `ros::Publisher::~Publisher()'
input.cpp:(.text+0x49b9): undefined reference to `ros::Subscriber::~Subscriber()'
input.cpp:(.text+0x49e2): undefined reference to `ros::Subscriber::~Subscriber()'
input.cpp:(.text+0x4a0b): undefined reference to `ros::ServiceClient::~ServiceClient()'
input.cpp:(.text+0x4a34): undefined reference to `ros::ServiceClient::~ServiceClient()'
input.cpp:(.text+0x4a5d): undefined reference to `ros::ServiceClient::~ServiceClient()'
input.cpp:(.text+0x4a86): undefined reference to `ros::ServiceClient::~ServiceClient()'
CMakeFiles/input.dir/src/input.cpp.o: In function `ros::Duration::Duration(double)':
input.cpp:(.text._ZN3ros8DurationC2Ed[_ZN3ros8DurationC5Ed]+0x33): undefined reference to `ros::DurationBase<ros::Duration>::fromSec(double)'
CMakeFiles/input.dir/src/input.cpp.o: In function `ros::ServiceClient::deserializeFailed(std::exception const&)':
input.cpp:(.text._ZN3ros13ServiceClient17deserializeFailedERKSt9exception[_ZN3ros13ServiceClient17deserializeFailedERKSt9exception]+0x23): undefined reference to `ros::console::g_initialized'
input.cpp:(.text._ZN3ros13ServiceClient17deserializeFailedERKSt9exception[_ZN3ros13ServiceClient17deserializeFailedERKSt9exception]+0x33): undefined reference to `ros::console::initialize()'
input.cpp:(.text._ZN3ros13ServiceClient17deserializeFailedERKSt9exception[_ZN3ros13ServiceClient17deserializeFailedERKSt9exception]+0x80): undefined reference to `ros::console::initializeLogLocation(ros::console::LogLocation*, std::__cxx11::basic_string<char, std::char_traits<char>, std::allocator<char> > const&, ros::console::levels::Level)'
input.cpp:(.text._ZN3ros13ServiceClient17deserializeFailedERKSt9exception[_ZN3ros13ServiceClient17deserializeFailedERKSt9exception]+0xbd): undefined reference to `ros::console::setLogLocationLevel(ros::console::LogLocation*, ros::console::levels::Level)'
input.cpp:(.text._ZN3ros13ServiceClient17deserializeFailedERKSt9exception[_ZN3ros13ServiceClient17deserializeFailedERKSt9exception]+0xc9): undefined reference to `ros::console::checkLogLocationEnabled(ros::console::LogLocation*)'
input.cpp:(.text._ZN3ros13ServiceClient17deserializeFailedERKSt9exception[_ZN3ros13ServiceClient17deserializeFailedERKSt9exception]+0x139): undefined reference to `ros::console::print(ros::console::FilterBase*, void*, ros::console::levels::Level, char const*, int, char const*, char const*, ...)'
CMakeFiles/input.dir/src/input.cpp.o: In function `Input::Input()':
input.cpp:(.text._ZN5InputC2Ev[_ZN5InputC5Ev]+0x92): undefined reference to `ros::NodeHandle::NodeHandle(std::__cxx11::basic_string<char, std::char_traits<char>, std::allocator<char> > const&, std::map<std::__cxx11::basic_string<char, std::char_traits<char>, std::allocator<char> >, std::__cxx11::basic_string<char, std::char_traits<char>, std::allocator<char> >, std::less<std::__cxx11::basic_string<char, std::char_traits<char>, std::allocator<char> > >, std::allocator<std::pair<std::__cxx11::basic_string<char, std::char_traits<char>, std::allocator<char> > const, std::__cxx11::basic_string<char, std::char_traits<char>, std::allocator<char> > > > > const&)'
input.cpp:(.text._ZN5InputC2Ev[_ZN5InputC5Ev]+0x141): undefined reference to `ros::NodeHandle::NodeHandle(std::__cxx11::basic_string<char, std::char_traits<char>, std::allocator<char> > const&, std::map<std::__cxx11::basic_string<char, std::char_traits<char>, std::allocator<char> >, std::__cxx11::basic_string<char, std::char_traits<char>, std::allocator<char> >, std::less<std::__cxx11::basic_string<char, std::char_traits<char>, std::allocator<char> > >, std::allocator<std::pair<std::__cxx11::basic_string<char, std::char_traits<char>, std::allocator<char> > const, std::__cxx11::basic_string<char, std::char_traits<char>, std::allocator<char> > > > > const&)'
input.cpp:(.text._ZN5InputC2Ev[_ZN5InputC5Ev]+0x15a): undefined reference to `ros::NodeHandle::operator=(ros::NodeHandle const&)'
input.cpp:(.text._ZN5InputC2Ev[_ZN5InputC5Ev]+0x169): undefined reference to `ros::NodeHandle::~NodeHandle()'
input.cpp:(.text._ZN5InputC2Ev[_ZN5InputC5Ev]+0x1ed): undefined reference to `ros::NodeHandle::~NodeHandle()'
input.cpp:(.text._ZN5InputC2Ev[_ZN5InputC5Ev]+0x233): undefined reference to `ros::NodeHandle::~NodeHandle()'
CMakeFiles/input.dir/src/input.cpp.o: In function `Input::send_coordinates_server(int, int)':
input.cpp:(.text._ZN5Input23send_coordinates_serverEii[_ZN5Input23send_coordinates_serverEii]+0x57): undefined reference to `ros::NodeHandle::setParam(std::__cxx11::basic_string<char, std::char_traits<char>, std::allocator<char> > const&, int) const'
input.cpp:(.text._ZN5Input23send_coordinates_serverEii[_ZN5Input23send_coordinates_serverEii]+0xa8): undefined reference to `ros::NodeHandle::setParam(std::__cxx11::basic_string<char, std::char_traits<char>, std::allocator<char> > const&, int) const'
CMakeFiles/input.dir/src/input.cpp.o: In function `void ros::Publisher::publish<geometry_msgs::PoseStamped_<std::allocator<void> > >(geometry_msgs::PoseStamped_<std::allocator<void> > const&) const':
input.cpp:(.text._ZNK3ros9Publisher7publishIN13geometry_msgs12PoseStamped_ISaIvEEEEEvRKT_[_ZNK3ros9Publisher7publishIN13geometry_msgs12PoseStamped_ISaIvEEEEEvRKT_]+0x47): undefined reference to `ros::console::g_initialized'
input.cpp:(.text._ZNK3ros9Publisher7publishIN13geometry_msgs12PoseStamped_ISaIvEEEEEvRKT_[_ZNK3ros9Publisher7publishIN13geometry_msgs12PoseStamped_ISaIvEEEEEvRKT_]+0x57): undefined reference to `ros::console::initialize()'
input.cpp:(.text._ZNK3ros9Publisher7publishIN13geometry_msgs12PoseStamped_ISaIvEEEEEvRKT_[_ZNK3ros9Publisher7publishIN13geometry_msgs12PoseStamped_ISaIvEEEEEvRKT_]+0xaa): undefined reference to `ros::console::initializeLogLocation(ros::console::LogLocation*, std::__cxx11::basic_string<char, std::char_traits<char>, std::allocator<char> > const&, ros::console::levels::Level)'
input.cpp:(.text._ZNK3ros9Publisher7publishIN13geometry_msgs12PoseStamped_ISaIvEEEEEvRKT_[_ZNK3ros9Publisher7publishIN13geometry_msgs12PoseStamped_ISaIvEEEEEvRKT_]+0xea): undefined reference to `ros::console::setLogLocationLevel(ros::console::LogLocation*, ros::console::levels::Level)'
input.cpp:(.text._ZNK3ros9Publisher7publishIN13geometry_msgs12PoseStamped_ISaIvEEEEEvRKT_[_ZNK3ros9Publisher7publishIN13geometry_msgs12PoseStamped_ISaIvEEEEEvRKT_]+0xf6): undefined reference to `ros::console::checkLogLocationEnabled(ros::console::LogLocation*)'
input.cpp:(.text._ZNK3ros9Publisher7publishIN13geometry_msgs12PoseStamped_ISaIvEEEEEvRKT_[_ZNK3ros9Publisher7publishIN13geometry_msgs12PoseStamped_ISaIvEEEEEvRKT_]+0x15f): undefined reference to `ros::console::print(ros::console::FilterBase*, void*, ros::console::levels::Level, char const*, int, char const*, char const*, ...)'
input.cpp:(.text._ZNK3ros9Publisher7publishIN13geometry_msgs12PoseStamped_ISaIvEEEEEvRKT_[_ZNK3ros9Publisher7publishIN13geometry_msgs12PoseStamped_ISaIvEEEEEvRKT_]+0x16a): undefined reference to `ros::console::g_initialized'
input.cpp:(.text._ZNK3ros9Publisher7publishIN13geometry_msgs12PoseStamped_ISaIvEEEEEvRKT_[_ZNK3ros9Publisher7publishIN13geometry_msgs12PoseStamped_ISaIvEEEEEvRKT_]+0x17a): undefined reference to `ros::console::initialize()'
input.cpp:(.text._ZNK3ros9Publisher7publishIN13geometry_msgs12PoseStamped_ISaIvEEEEEvRKT_[_ZNK3ros9Publisher7publishIN13geometry_msgs12PoseStamped_ISaIvEEEEEvRKT_]+0x1cd): undefined reference to `ros::console::initializeLogLocation(ros::console::LogLocation*, std::__cxx11::basic_string<char, std::char_traits<char>, std::allocator<char> > const&, ros::console::levels::Level)'
input.cpp:(.text._ZNK3ros9Publisher7publishIN13geometry_msgs12PoseStamped_ISaIvEEEEEvRKT_[_ZNK3ros9Publisher7publishIN13geometry_msgs12PoseStamped_ISaIvEEEEEvRKT_]+0x20d): undefined reference to `ros::console::setLogLocationLevel(ros::console::LogLocation*, ros::console::levels::Level)'
input.cpp:(.text._ZNK3ros9Publisher7publishIN13geometry_msgs12PoseStamped_ISaIvEEEEEvRKT_[_ZNK3ros9Publisher7publishIN13geometry_msgs12PoseStamped_ISaIvEEEEEvRKT_]+0x219): undefined reference to `ros::console::checkLogLocationEnabled(ros::console::LogLocation*)'
input.cpp:(.text._ZNK3ros9Publisher7publishIN13geometry_msgs12PoseStamped_ISaIvEEEEEvRKT_[_ZNK3ros9Publisher7publishIN13geometry_msgs12PoseStamped_ISaIvEEEEEvRKT_]+0x274): undefined reference to `ros::console::print(ros::console::FilterBase*, void*, ros::console::levels::Level, char const*, int, char const*, char const*, ...)'
input.cpp:(.text._ZNK3ros9Publisher7publishIN13geometry_msgs12PoseStamped_ISaIvEEEEEvRKT_[_ZNK3ros9Publisher7publishIN13geometry_msgs12PoseStamped_ISaIvEEEEEvRKT_]+0x27f): undefined reference to `ros::console::g_initialized'
input.cpp:(.text._ZNK3ros9Publisher7publishIN13geometry_msgs12PoseStamped_ISaIvEEEEEvRKT_[_ZNK3ros9Publisher7publishIN13geometry_msgs12PoseStamped_ISaIvEEEEEvRKT_]+0x28f): undefined reference to `ros::console::initialize()'
input.cpp:(.text._ZNK3ros9Publisher7publishIN13geometry_msgs12PoseStamped_ISaIvEEEEEvRKT_[_ZNK3ros9Publisher7publishIN13geometry_msgs12PoseStamped_ISaIvEEEEEvRKT_]+0x2e2): undefined reference to `ros::console::initializeLogLocation(ros::console::LogLocation*, std::__cxx11::basic_string<char, std::char_traits<char>, std::allocator<char> > const&, ros::console::levels::Level)'
input.cpp:(.text._ZNK3ros9Publisher7publishIN13geometry_msgs12PoseStamped_ISaIvEEEEEvRKT_[_ZNK3ros9Publisher7publishIN13geometry_msgs12PoseStamped_ISaIvEEEEEvRKT_]+0x322): undefined reference to `ros::console::setLogLocationLevel(ros::console::LogLocation*, ros::console::levels::Level)'
input.cpp:(.text._ZNK3ros9Publisher7publishIN13geometry_msgs12PoseStamped_ISaIvEEEEEvRKT_[_ZNK3ros9Publisher7publishIN13geometry_msgs12PoseStamped_ISaIvEEEEEvRKT_]+0x32e): undefined reference to `ros::console::checkLogLocationEnabled(ros::console::LogLocation*)'
input.cpp:(.text._ZNK3ros9Publisher7publishIN13geometry_msgs12PoseStamped_ISaIvEEEEEvRKT_[_ZNK3ros9Publisher7publishIN13geometry_msgs12PoseStamped_ISaIvEEEEEvRKT_]+0x389): undefined reference to `ros::console::print(ros::console::FilterBase*, void*, ros::console::levels::Level, char const*, int, char const*, char const*, ...)'
input.cpp:(.text._ZNK3ros9Publisher7publishIN13geometry_msgs12PoseStamped_ISaIvEEEEEvRKT_[_ZNK3ros9Publisher7publishIN13geometry_msgs12PoseStamped_ISaIvEEEEEvRKT_]+0x3aa): undefined reference to `ros::Publisher::Impl::isValid() const'
input.cpp:(.text._ZNK3ros9Publisher7publishIN13geometry_msgs12PoseStamped_ISaIvEEEEEvRKT_[_ZNK3ros9Publisher7publishIN13geometry_msgs12PoseStamped_ISaIvEEEEEvRKT_]+0x3bc): undefined reference to `ros::console::g_initialized'
input.cpp:(.text._ZNK3ros9Publisher7publishIN13geometry_msgs12PoseStamped_ISaIvEEEEEvRKT_[_ZNK3ros9Publisher7publishIN13geometry_msgs12PoseStamped_ISaIvEEEEEvRKT_]+0x3cc): undefined reference to `ros::console::initialize()'
input.cpp:(.text._ZNK3ros9Publisher7publishIN13geometry_msgs12PoseStamped_ISaIvEEEEEvRKT_[_ZNK3ros9Publisher7publishIN13geometry_msgs12PoseStamped_ISaIvEEEEEvRKT_]+0x41f): undefined reference to `ros::console::initializeLogLocation(ros::console::LogLocation*, std::__cxx11::basic_string<char, std::char_traits<char>, std::allocator<char> > const&, ros::console::levels::Level)'
input.cpp:(.text._ZNK3ros9Publisher7publishIN13geometry_msgs12PoseStamped_ISaIvEEEEEvRKT_[_ZNK3ros9Publisher7publishIN13geometry_msgs12PoseStamped_ISaIvEEEEEvRKT_]+0x45f): undefined reference to `ros::console::setLogLocationLevel(ros::console::LogLocation*, ros::console::levels::Level)'
input.cpp:(.text._ZNK3ros9Publisher7publishIN13geometry_msgs12PoseStamped_ISaIvEEEEEvRKT_[_ZNK3ros9Publisher7publishIN13geometry_msgs12PoseStamped_ISaIvEEEEEvRKT_]+0x46b): undefined reference to `ros::console::checkLogLocationEnabled(ros::console::LogLocation*)'
input.cpp:(.text._ZNK3ros9Publisher7publishIN13geometry_msgs12PoseStamped_ISaIvEEEEEvRKT_[_ZNK3ros9Publisher7publishIN13geometry_msgs12PoseStamped_ISaIvEEEEEvRKT_]+0x4d4): undefined reference to `ros::console::print(ros::console::FilterBase*, void*, ros::console::levels::Level, char const*, int, char const*, char const*, ...)'
input.cpp:(.text._ZNK3ros9Publisher7publishIN13geometry_msgs12PoseStamped_ISaIvEEEEEvRKT_[_ZNK3ros9Publisher7publishIN13geometry_msgs12PoseStamped_ISaIvEEEEEvRKT_]+0x4df): undefined reference to `ros::console::g_initialized'
input.cpp:(.text._ZNK3ros9Publisher7publishIN13geometry_msgs12PoseStamped_ISaIvEEEEEvRKT_[_ZNK3ros9Publisher7publishIN13geometry_msgs12PoseStamped_ISaIvEEEEEvRKT_]+0x4ef): undefined reference to `ros::console::initialize()'
input.cpp:(.text._ZNK3ros9Publisher7publishIN13geometry_msgs12PoseStamped_ISaIvEEEEEvRKT_[_ZNK3ros9Publisher7publishIN13geometry_msgs12PoseStamped_ISaIvEEEEEvRKT_]+0x542): undefined reference to `ros::console::initializeLogLocation(ros::console::LogLocation*, std::__cxx11::basic_string<char, std::char_traits<char>, std::allocator<char> > const&, ros::console::levels::Level)'
input.cpp:(.text._ZNK3ros9Publisher7publishIN13geometry_msgs12PoseStamped_ISaIvEEEEEvRKT_[_ZNK3ros9Publisher7publishIN13geometry_msgs12PoseStamped_ISaIvEEEEEvRKT_]+0x582): undefined reference to `ros::console::setLogLocationLevel(ros::console::LogLocation*, ros::console::levels::Level)'
input.cpp:(.text._ZNK3ros9Publisher7publishIN13geometry_msgs12PoseStamped_ISaIvEEEEEvRKT_[_ZNK3ros9Publisher7publishIN13geometry_msgs12PoseStamped_ISaIvEEEEEvRKT_]+0x58e): undefined reference to `ros::console::checkLogLocationEnabled(ros::console::LogLocation*)'
input.cpp:(.text._ZNK3ros9Publisher7publishIN13geometry_msgs12PoseStamped_ISaIvEEEEEvRKT_[_ZNK3ros9Publisher7publishIN13geometry_msgs12PoseStamped_ISaIvEEEEEvRKT_]+0x600): undefined reference to `ros::console::print(ros::console::FilterBase*, void*, ros::console::levels::Level, char const*, int, char const*, char const*, ...)'
input.cpp:(.text._ZNK3ros9Publisher7publishIN13geometry_msgs12PoseStamped_ISaIvEEEEEvRKT_[_ZNK3ros9Publisher7publishIN13geometry_msgs12PoseStamped_ISaIvEEEEEvRKT_]+0x60b): undefined reference to `ros::console::g_initialized'
input.cpp:(.text._ZNK3ros9Publisher7publishIN13geometry_msgs12PoseStamped_ISaIvEEEEEvRKT_[_ZNK3ros9Publisher7publishIN13geometry_msgs12PoseStamped_ISaIvEEEEEvRKT_]+0x61b): undefined reference to `ros::console::initialize()'
input.cpp:(.text._ZNK3ros9Publisher7publishIN13geometry_msgs12PoseStamped_ISaIvEEEEEvRKT_[_ZNK3ros9Publisher7publishIN13geometry_msgs12PoseStamped_ISaIvEEEEEvRKT_]+0x66e): undefined reference to `ros::console::initializeLogLocation(ros::console::LogLocation*, std::__cxx11::basic_string<char, std::char_traits<char>, std::allocator<char> > const&, ros::console::levels::Level)'
input.cpp:(.text._ZNK3ros9Publisher7publishIN13geometry_msgs12PoseStamped_ISaIvEEEEEvRKT_[_ZNK3ros9Publisher7publishIN13geometry_msgs12PoseStamped_ISaIvEEEEEvRKT_]+0x6ae): undefined reference to `ros::console::setLogLocationLevel(ros::console::LogLocation*, ros::console::levels::Level)'
input.cpp:(.text._ZNK3ros9Publisher7publishIN13geometry_msgs12PoseStamped_ISaIvEEEEEvRKT_[_ZNK3ros9Publisher7publishIN13geometry_msgs12PoseStamped_ISaIvEEEEEvRKT_]+0x6ba): undefined reference to `ros::console::checkLogLocationEnabled(ros::console::LogLocation*)'
input.cpp:(.text._ZNK3ros9Publisher7publishIN13geometry_msgs12PoseStamped_ISaIvEEEEEvRKT_[_ZNK3ros9Publisher7publishIN13geometry_msgs12PoseStamped_ISaIvEEEEEvRKT_]+0x715): undefined reference to `ros::console::print(ros::console::FilterBase*, void*, ros::console::levels::Level, char const*, int, char const*, char const*, ...)'
input.cpp:(.text._ZNK3ros9Publisher7publishIN13geometry_msgs12PoseStamped_ISaIvEEEEEvRKT_[_ZNK3ros9Publisher7publishIN13geometry_msgs12PoseStamped_ISaIvEEEEEvRKT_]+0x82c): undefined reference to `ros::console::g_initialized'
input.cpp:(.text._ZNK3ros9Publisher7publishIN13geometry_msgs12PoseStamped_ISaIvEEEEEvRKT_[_ZNK3ros9Publisher7publishIN13geometry_msgs12PoseStamped_ISaIvEEEEEvRKT_]+0x83c): undefined reference to `ros::console::initialize()'
input.cpp:(.text._ZNK3ros9Publisher7publishIN13geometry_msgs12PoseStamped_ISaIvEEEEEvRKT_[_ZNK3ros9Publisher7publishIN13geometry_msgs12PoseStamped_ISaIvEEEEEvRKT_]+0x88f): undefined reference to `ros::console::initializeLogLocation(ros::console::LogLocation*, std::__cxx11::basic_string<char, std::char_traits<char>, std::allocator<char> > const&, ros::console::levels::Level)'
input.cpp:(.text._ZNK3ros9Publisher7publishIN13geometry_msgs12PoseStamped_ISaIvEEEEEvRKT_[_ZNK3ros9Publisher7publishIN13geometry_msgs12PoseStamped_ISaIvEEEEEvRKT_]+0x8cf): undefined reference to `ros::console::setLogLocationLevel(ros::console::LogLocation*, ros::console::levels::Level)'
input.cpp:(.text._ZNK3ros9Publisher7publishIN13geometry_msgs12PoseStamped_ISaIvEEEEEvRKT_[_ZNK3ros9Publisher7publishIN13geometry_msgs12PoseStamped_ISaIvEEEEEvRKT_]+0x8db): undefined reference to `ros::console::checkLogLocationEnabled(ros::console::LogLocation*)'
input.cpp:(.text._ZNK3ros9Publisher7publishIN13geometry_msgs12PoseStamped_ISaIvEEEEEvRKT_[_ZNK3ros9Publisher7publishIN13geometry_msgs12PoseStamped_ISaIvEEEEEvRKT_]+0x944): undefined reference to `ros::console::print(ros::console::FilterBase*, void*, ros::console::levels::Level, char const*, int, char const*, char const*, ...)'
input.cpp:(.text._ZNK3ros9Publisher7publishIN13geometry_msgs12PoseStamped_ISaIvEEEEEvRKT_[_ZNK3ros9Publisher7publishIN13geometry_msgs12PoseStamped_ISaIvEEEEEvRKT_]+0x94f): undefined reference to `ros::console::g_initialized'
input.cpp:(.text._ZNK3ros9Publisher7publishIN13geometry_msgs12PoseStamped_ISaIvEEEEEvRKT_[_ZNK3ros9Publisher7publishIN13geometry_msgs12PoseStamped_ISaIvEEEEEvRKT_]+0x95f): undefined reference to `ros::console::initialize()'
input.cpp:(.text._ZNK3ros9Publisher7publishIN13geometry_msgs12PoseStamped_ISaIvEEEEEvRKT_[_ZNK3ros9Publisher7publishIN13geometry_msgs12PoseStamped_ISaIvEEEEEvRKT_]+0x9b2): undefined reference to `ros::console::initializeLogLocation(ros::console::LogLocation*, std::__cxx11::basic_string<char, std::char_traits<char>, std::allocator<char> > const&, ros::console::levels::Level)'
input.cpp:(.text._ZNK3ros9Publisher7publishIN13geometry_msgs12PoseStamped_ISaIvEEEEEvRKT_[_ZNK3ros9Publisher7publishIN13geometry_msgs12PoseStamped_ISaIvEEEEEvRKT_]+0x9f2): undefined reference to `ros::console::setLogLocationLevel(ros::console::LogLocation*, ros::console::levels::Level)'
input.cpp:(.text._ZNK3ros9Publisher7publishIN13geometry_msgs12PoseStamped_ISaIvEEEEEvRKT_[_ZNK3ros9Publisher7publishIN13geometry_msgs12PoseStamped_ISaIvEEEEEvRKT_]+0x9fe): undefined reference to `ros::console::checkLogLocationEnabled(ros::console::LogLocation*)'
input.cpp:(.text._ZNK3ros9Publisher7publishIN13geometry_msgs12PoseStamped_ISaIvEEEEEvRKT_[_ZNK3ros9Publisher7publishIN13geometry_msgs12PoseStamped_ISaIvEEEEEvRKT_]+0xac3): undefined reference to `ros::console::print(ros::console::FilterBase*, void*, ros::console::levels::Level, char const*, int, char const*, char const*, ...)'
input.cpp:(.text._ZNK3ros9Publisher7publishIN13geometry_msgs12PoseStamped_ISaIvEEEEEvRKT_[_ZNK3ros9Publisher7publishIN13geometry_msgs12PoseStamped_ISaIvEEEEEvRKT_]+0xace): undefined reference to `ros::console::g_initialized'
input.cpp:(.text._ZNK3ros9Publisher7publishIN13geometry_msgs12PoseStamped_ISaIvEEEEEvRKT_[_ZNK3ros9Publisher7publishIN13geometry_msgs12PoseStamped_ISaIvEEEEEvRKT_]+0xade): undefined reference to `ros::console::initialize()'
input.cpp:(.text._ZNK3ros9Publisher7publishIN13geometry_msgs12PoseStamped_ISaIvEEEEEvRKT_[_ZNK3ros9Publisher7publishIN13geometry_msgs12PoseStamped_ISaIvEEEEEvRKT_]+0xb31): undefined reference to `ros::console::initializeLogLocation(ros::console::LogLocation*, std::__cxx11::basic_string<char, std::char_traits<char>, std::allocator<char> > const&, ros::console::levels::Level)'
input.cpp:(.text._ZNK3ros9Publisher7publishIN13geometry_msgs12PoseStamped_ISaIvEEEEEvRKT_[_ZNK3ros9Publisher7publishIN13geometry_msgs12PoseStamped_ISaIvEEEEEvRKT_]+0xb71): undefined reference to `ros::console::setLogLocationLevel(ros::console::LogLocation*, ros::console::levels::Level)'
input.cpp:(.text._ZNK3ros9Publisher7publishIN13geometry_msgs12PoseStamped_ISaIvEEEEEvRKT_[_ZNK3ros9Publisher7publishIN13geometry_msgs12PoseStamped_ISaIvEEEEEvRKT_]+0xb7d): undefined reference to `ros::console::checkLogLocationEnabled(ros::console::LogLocation*)'
input.cpp:(.text._ZNK3ros9Publisher7publishIN13geometry_msgs12PoseStamped_ISaIvEEEEEvRKT_[_ZNK3ros9Publisher7publishIN13geometry_msgs12PoseStamped_ISaIvEEEEEvRKT_]+0xbd8): undefined reference to `ros::console::print(ros::console::FilterBase*, void*, ros::console::levels::Level, char const*, int, char const*, char const*, ...)'
input.cpp:(.text._ZNK3ros9Publisher7publishIN13geometry_msgs12PoseStamped_ISaIvEEEEEvRKT_[_ZNK3ros9Publisher7publishIN13geometry_msgs12PoseStamped_ISaIvEEEEEvRKT_]+0xc6b): undefined reference to `ros::Publisher::publish(boost::function<ros::SerializedMessage ()> const&, ros::SerializedMessage&) const'
CMakeFiles/input.dir/src/input.cpp.o: In function `bool ros::ServiceClient::call<mavros_msgs::CommandBool>(mavros_msgs::CommandBool&)':
input.cpp:(.text._ZN3ros13ServiceClient4callIN11mavros_msgs11CommandBoolEEEbRT_[_ZN3ros13ServiceClient4callIN11mavros_msgs11CommandBoolEEEbRT_]+0x28): undefined reference to `ros::ServiceClient::isValid() const'
CMakeFiles/input.dir/src/input.cpp.o: In function `bool ros::ServiceClient::call<mavros_msgs::CommandTOL>(mavros_msgs::CommandTOL&)':
input.cpp:(.text._ZN3ros13ServiceClient4callIN11mavros_msgs10CommandTOLEEEbRT_[_ZN3ros13ServiceClient4callIN11mavros_msgs10CommandTOLEEEbRT_]+0x28): undefined reference to `ros::ServiceClient::isValid() const'
CMakeFiles/input.dir/src/input.cpp.o: In function `bool ros::ServiceClient::call<mavros_msgs::SetMode>(mavros_msgs::SetMode&)':
input.cpp:(.text._ZN3ros13ServiceClient4callIN11mavros_msgs7SetModeEEEbRT_[_ZN3ros13ServiceClient4callIN11mavros_msgs7SetModeEEEbRT_]+0x28): undefined reference to `ros::ServiceClient::isValid() const'
CMakeFiles/input.dir/src/input.cpp.o: In function `ros::Publisher ros::NodeHandle::advertise<geometry_msgs::PoseStamped_<std::allocator<void> > >(std::__cxx11::basic_string<char, std::char_traits<char>, std::allocator<char> > const&, unsigned int, bool)':
input.cpp:(.text._ZN3ros10NodeHandle9advertiseIN13geometry_msgs12PoseStamped_ISaIvEEEEENS_9PublisherERKNSt7__cxx1112basic_stringIcSt11char_traitsIcESaIcEEEjb[_ZN3ros10NodeHandle9advertiseIN13geometry_msgs12PoseStamped_ISaIvEEEEENS_9PublisherERKNSt7__cxx1112basic_stringIcSt11char_traitsIcESaIcEEEjb]+0xdd): undefined reference to `ros::NodeHandle::advertise(ros::AdvertiseOptions&)'
CMakeFiles/input.dir/src/input.cpp.o: In function `ros::Subscriber ros::NodeHandle::subscribe<nav_msgs::Odometry_<std::allocator<void> > >(std::__cxx11::basic_string<char, std::char_traits<char>, std::allocator<char> > const&, unsigned int, void (*)(boost::shared_ptr<nav_msgs::Odometry_<std::allocator<void> > const> const&), ros::TransportHints const&)':
input.cpp:(.text._ZN3ros10NodeHandle9subscribeIN8nav_msgs9Odometry_ISaIvEEEEENS_10SubscriberERKNSt7__cxx1112basic_stringIcSt11char_traitsIcESaIcEEEjPFvRKN5boost10shared_ptrIKT_EEERKNS_14TransportHintsE[_ZN3ros10NodeHandle9subscribeIN8nav_msgs9Odometry_ISaIvEEEEENS_10SubscriberERKNSt7__cxx1112basic_stringIcSt11char_traitsIcESaIcEEEjPFvRKN5boost10shared_ptrIKT_EEERKNS_14TransportHintsE]+0x115): undefined reference to `ros::NodeHandle::subscribe(ros::SubscribeOptions&)'
CMakeFiles/input.dir/src/input.cpp.o: In function `ros::Subscriber ros::NodeHandle::subscribe<mavros_msgs::State_<std::allocator<void> > >(std::__cxx11::basic_string<char, std::char_traits<char>, std::allocator<char> > const&, unsigned int, void (*)(boost::shared_ptr<mavros_msgs::State_<std::allocator<void> > const> const&), ros::TransportHints const&)':
input.cpp:(.text._ZN3ros10NodeHandle9subscribeIN11mavros_msgs6State_ISaIvEEEEENS_10SubscriberERKNSt7__cxx1112basic_stringIcSt11char_traitsIcESaIcEEEjPFvRKN5boost10shared_ptrIKT_EEERKNS_14TransportHintsE[_ZN3ros10NodeHandle9subscribeIN11mavros_msgs6State_ISaIvEEEEENS_10SubscriberERKNSt7__cxx1112basic_stringIcSt11char_traitsIcESaIcEEEjPFvRKN5boost10shared_ptrIKT_EEERKNS_14TransportHintsE]+0x115): undefined reference to `ros::NodeHandle::subscribe(ros::SubscribeOptions&)'
CMakeFiles/input.dir/src/input.cpp.o: In function `ros::ServiceClient ros::NodeHandle::serviceClient<mavros_msgs::CommandBool>(std::__cxx11::basic_string<char, std::char_traits<char>, std::allocator<char> > const&, bool, std::map<std::__cxx11::basic_string<char, std::char_traits<char>, std::allocator<char> >, std::__cxx11::basic_string<char, std::char_traits<char>, std::allocator<char> >, std::less<std::__cxx11::basic_string<char, std::char_traits<char>, std::allocator<char> > >, std::allocator<std::pair<std::__cxx11::basic_string<char, std::char_traits<char>, std::allocator<char> > const, std::__cxx11::basic_string<char, std::char_traits<char>, std::allocator<char> > > > > const&)':
input.cpp:(.text._ZN3ros10NodeHandle13serviceClientIN11mavros_msgs11CommandBoolEEENS_13ServiceClientERKNSt7__cxx1112basic_stringIcSt11char_traitsIcESaIcEEEbRKSt3mapISA_SA_St4lessISA_ESaISt4pairISB_SA_EEE[_ZN3ros10NodeHandle13serviceClientIN11mavros_msgs11CommandBoolEEENS_13ServiceClientERKNSt7__cxx1112basic_stringIcSt11char_traitsIcESaIcEEEbRKSt3mapISA_SA_St4lessISA_ESaISt4pairISB_SA_EEE]+0x8e): undefined reference to `ros::NodeHandle::serviceClient(ros::ServiceClientOptions&)'
CMakeFiles/input.dir/src/input.cpp.o: In function `ros::ServiceClient ros::NodeHandle::serviceClient<mavros_msgs::CommandTOL>(std::__cxx11::basic_string<char, std::char_traits<char>, std::allocator<char> > const&, bool, std::map<std::__cxx11::basic_string<char, std::char_traits<char>, std::allocator<char> >, std::__cxx11::basic_string<char, std::char_traits<char>, std::allocator<char> >, std::less<std::__cxx11::basic_string<char, std::char_traits<char>, std::allocator<char> > >, std::allocator<std::pair<std::__cxx11::basic_string<char, std::char_traits<char>, std::allocator<char> > const, std::__cxx11::basic_string<char, std::char_traits<char>, std::allocator<char> > > > > const&)':
input.cpp:(.text._ZN3ros10NodeHandle13serviceClientIN11mavros_msgs10CommandTOLEEENS_13ServiceClientERKNSt7__cxx1112basic_stringIcSt11char_traitsIcESaIcEEEbRKSt3mapISA_SA_St4lessISA_ESaISt4pairISB_SA_EEE[_ZN3ros10NodeHandle13serviceClientIN11mavros_msgs10CommandTOLEEENS_13ServiceClientERKNSt7__cxx1112basic_stringIcSt11char_traitsIcESaIcEEEbRKSt3mapISA_SA_St4lessISA_ESaISt4pairISB_SA_EEE]+0x8e): undefined reference to `ros::NodeHandle::serviceClient(ros::ServiceClientOptions&)'
CMakeFiles/input.dir/src/input.cpp.o: In function `ros::ServiceClient ros::NodeHandle::serviceClient<mavros_msgs::SetMode>(std::__cxx11::basic_string<char, std::char_traits<char>, std::allocator<char> > const&, bool, std::map<std::__cxx11::basic_string<char, std::char_traits<char>, std::allocator<char> >, std::__cxx11::basic_string<char, std::char_traits<char>, std::allocator<char> >, std::less<std::__cxx11::basic_string<char, std::char_traits<char>, std::allocator<char> > >, std::allocator<std::pair<std::__cxx11::basic_string<char, std::char_traits<char>, std::allocator<char> > const, std::__cxx11::basic_string<char, std::char_traits<char>, std::allocator<char> > > > > const&)':
input.cpp:(.text._ZN3ros10NodeHandle13serviceClientIN11mavros_msgs7SetModeEEENS_13ServiceClientERKNSt7__cxx1112basic_stringIcSt11char_traitsIcESaIcEEEbRKSt3mapISA_SA_St4lessISA_ESaISt4pairISB_SA_EEE[_ZN3ros10NodeHandle13serviceClientIN11mavros_msgs7SetModeEEENS_13ServiceClientERKNSt7__cxx1112basic_stringIcSt11char_traitsIcESaIcEEEbRKSt3mapISA_SA_St4lessISA_ESaISt4pairISB_SA_EEE]+0x8e): undefined reference to `ros::NodeHandle::serviceClient(ros::ServiceClientOptions&)'
CMakeFiles/input.dir/src/input.cpp.o: In function `bool ros::ServiceClient::call<mavros_msgs::CommandBoolRequest_<std::allocator<void> >, mavros_msgs::CommandBoolResponse_<std::allocator<void> > >(mavros_msgs::CommandBoolRequest_<std::allocator<void> > const&, mavros_msgs::CommandBoolResponse_<std::allocator<void> >&, std::__cxx11::basic_string<char, std::char_traits<char>, std::allocator<char> > const&)':
input.cpp:(.text._ZN3ros13ServiceClient4callIN11mavros_msgs19CommandBoolRequest_ISaIvEEENS2_20CommandBoolResponse_IS4_EEEEbRKT_RT0_RKNSt7__cxx1112basic_stringIcSt11char_traitsIcESaIcEEE[_ZN3ros13ServiceClient4callIN11mavros_msgs19CommandBoolRequest_ISaIvEEENS2_20CommandBoolResponse_IS4_EEEEbRKT_RT0_RKNSt7__cxx1112basic_stringIcSt11char_traitsIcESaIcEEE]+0x79): undefined reference to `ros::ServiceClient::call(ros::SerializedMessage const&, ros::SerializedMessage&, std::__cxx11::basic_string<char, std::char_traits<char>, std::allocator<char> > const&)'
CMakeFiles/input.dir/src/input.cpp.o: In function `bool ros::ServiceClient::call<mavros_msgs::CommandTOLRequest_<std::allocator<void> >, mavros_msgs::CommandTOLResponse_<std::allocator<void> > >(mavros_msgs::CommandTOLRequest_<std::allocator<void> > const&, mavros_msgs::CommandTOLResponse_<std::allocator<void> >&, std::__cxx11::basic_string<char, std::char_traits<char>, std::allocator<char> > const&)':
input.cpp:(.text._ZN3ros13ServiceClient4callIN11mavros_msgs18CommandTOLRequest_ISaIvEEENS2_19CommandTOLResponse_IS4_EEEEbRKT_RT0_RKNSt7__cxx1112basic_stringIcSt11char_traitsIcESaIcEEE[_ZN3ros13ServiceClient4callIN11mavros_msgs18CommandTOLRequest_ISaIvEEENS2_19CommandTOLResponse_IS4_EEEEbRKT_RT0_RKNSt7__cxx1112basic_stringIcSt11char_traitsIcESaIcEEE]+0x79): undefined reference to `ros::ServiceClient::call(ros::SerializedMessage const&, ros::SerializedMessage&, std::__cxx11::basic_string<char, std::char_traits<char>, std::allocator<char> > const&)'
CMakeFiles/input.dir/src/input.cpp.o: In function `bool ros::ServiceClient::call<mavros_msgs::SetModeRequest_<std::allocator<void> >, mavros_msgs::SetModeResponse_<std::allocator<void> > >(mavros_msgs::SetModeRequest_<std::allocator<void> > const&, mavros_msgs::SetModeResponse_<std::allocator<void> >&, std::__cxx11::basic_string<char, std::char_traits<char>, std::allocator<char> > const&)':
input.cpp:(.text._ZN3ros13ServiceClient4callIN11mavros_msgs15SetModeRequest_ISaIvEEENS2_16SetModeResponse_IS4_EEEEbRKT_RT0_RKNSt7__cxx1112basic_stringIcSt11char_traitsIcESaIcEEE[_ZN3ros13ServiceClient4callIN11mavros_msgs15SetModeRequest_ISaIvEEENS2_16SetModeResponse_IS4_EEEEbRKT_RT0_RKNSt7__cxx1112basic_stringIcSt11char_traitsIcESaIcEEE]+0x79): undefined reference to `ros::ServiceClient::call(ros::SerializedMessage const&, ros::SerializedMessage&, std::__cxx11::basic_string<char, std::char_traits<char>, std::allocator<char> > const&)'
CMakeFiles/input.dir/src/input.cpp.o: In function `void ros::serialization::Serializer<unsigned int>::write<ros::serialization::OStream>(ros::serialization::OStream&, unsigned int)':
input.cpp:(.text._ZN3ros13serialization10SerializerIjE5writeINS0_7OStreamEEEvRT_j[_ZN3ros13serialization10SerializerIjE5writeINS0_7OStreamEEEvRT_j]+0x52): undefined reference to `ros::serialization::throwStreamOverrun()'
CMakeFiles/input.dir/src/input.cpp.o: In function `void ros::serialization::Serializer<unsigned char>::write<ros::serialization::OStream>(ros::serialization::OStream&, unsigned char)':
input.cpp:(.text._ZN3ros13serialization10SerializerIhE5writeINS0_7OStreamEEEvRT_h[_ZN3ros13serialization10SerializerIhE5writeINS0_7OStreamEEEvRT_h]+0x54): undefined reference to `ros::serialization::throwStreamOverrun()'
CMakeFiles/input.dir/src/input.cpp.o: In function `void ros::serialization::Serializer<unsigned char>::read<ros::serialization::IStream>(ros::serialization::IStream&, unsigned char&)':
input.cpp:(.text._ZN3ros13serialization10SerializerIhE4readINS0_7IStreamEEEvRT_Rh[_ZN3ros13serialization10SerializerIhE4readINS0_7IStreamEEEvRT_Rh]+0x53): undefined reference to `ros::serialization::throwStreamOverrun()'
CMakeFiles/input.dir/src/input.cpp.o: In function `void ros::serialization::Serializer<float>::write<ros::serialization::OStream>(ros::serialization::OStream&, float)':
input.cpp:(.text._ZN3ros13serialization10SerializerIfE5writeINS0_7OStreamEEEvRT_f[_ZN3ros13serialization10SerializerIfE5writeINS0_7OStreamEEEvRT_f]+0x54): undefined reference to `ros::serialization::throwStreamOverrun()'
CMakeFiles/input.dir/src/input.cpp.o: In function `void ros::serialization::Serializer<std::__cxx11::basic_string<char, std::char_traits<char>, std::allocator<char> > >::write<ros::serialization::OStream>(ros::serialization::OStream&, std::__cxx11::basic_string<char, std::char_traits<char>, std::allocator<char> > const&)':
input.cpp:(.text._ZN3ros13serialization10SerializerINSt7__cxx1112basic_stringIcSt11char_traitsIcESaIcEEEE5writeINS0_7OStreamEEEvRT_RKS7_[_ZN3ros13serialization10SerializerINSt7__cxx1112basic_stringIcSt11char_traitsIcESaIcEEEE5writeINS0_7OStreamEEEvRT_RKS7_]+0xab): undefined reference to `ros::serialization::throwStreamOverrun()'
CMakeFiles/input.dir/src/input.cpp.o:input.cpp:(.text._ZN3ros13serialization10SerializerIdE5writeINS0_7OStreamEEEvRT_d[_ZN3ros13serialization10SerializerIdE5writeINS0_7OStreamEEEvRT_d]+0x54): more undefined references to `ros::serialization::throwStreamOverrun()' follow
CMakeFiles/input.dir/src/input.cpp.o: In function `ros::SubscriptionCallbackHelperT<boost::shared_ptr<mavros_msgs::State_<std::allocator<void> > const> const&, void>::deserialize(ros::SubscriptionCallbackHelperDeserializeParams const&)':
input.cpp:(.text._ZN3ros27SubscriptionCallbackHelperTIRKN5boost10shared_ptrIKN11mavros_msgs6State_ISaIvEEEEEvE11deserializeERKNS_43SubscriptionCallbackHelperDeserializeParamsE[_ZN3ros27SubscriptionCallbackHelperTIRKN5boost10shared_ptrIKN11mavros_msgs6State_ISaIvEEEEEvE11deserializeERKNS_43SubscriptionCallbackHelperDeserializeParamsE]+0x61): undefined reference to `ros::console::g_initialized'
input.cpp:(.text._ZN3ros27SubscriptionCallbackHelperTIRKN5boost10shared_ptrIKN11mavros_msgs6State_ISaIvEEEEEvE11deserializeERKNS_43SubscriptionCallbackHelperDeserializeParamsE[_ZN3ros27SubscriptionCallbackHelperTIRKN5boost10shared_ptrIKN11mavros_msgs6State_ISaIvEEEEEvE11deserializeERKNS_43SubscriptionCallbackHelperDeserializeParamsE]+0x71): undefined reference to `ros::console::initialize()'
input.cpp:(.text._ZN3ros27SubscriptionCallbackHelperTIRKN5boost10shared_ptrIKN11mavros_msgs6State_ISaIvEEEEEvE11deserializeERKNS_43SubscriptionCallbackHelperDeserializeParamsE[_ZN3ros27SubscriptionCallbackHelperTIRKN5boost10shared_ptrIKN11mavros_msgs6State_ISaIvEEEEEvE11deserializeERKNS_43SubscriptionCallbackHelperDeserializeParamsE]+0xbe): undefined reference to `ros::console::initializeLogLocation(ros::console::LogLocation*, std::__cxx11::basic_string<char, std::char_traits<char>, std::allocator<char> > const&, ros::console::levels::Level)'
input.cpp:(.text._ZN3ros27SubscriptionCallbackHelperTIRKN5boost10shared_ptrIKN11mavros_msgs6State_ISaIvEEEEEvE11deserializeERKNS_43SubscriptionCallbackHelperDeserializeParamsE[_ZN3ros27SubscriptionCallbackHelperTIRKN5boost10shared_ptrIKN11mavros_msgs6State_ISaIvEEEEEvE11deserializeERKNS_43SubscriptionCallbackHelperDeserializeParamsE]+0xfa): undefined reference to `ros::console::setLogLocationLevel(ros::console::LogLocation*, ros::console::levels::Level)'
input.cpp:(.text._ZN3ros27SubscriptionCallbackHelperTIRKN5boost10shared_ptrIKN11mavros_msgs6State_ISaIvEEEEEvE11deserializeERKNS_43SubscriptionCallbackHelperDeserializeParamsE[_ZN3ros27SubscriptionCallbackHelperTIRKN5boost10shared_ptrIKN11mavros_msgs6State_ISaIvEEEEEvE11deserializeERKNS_43SubscriptionCallbackHelperDeserializeParamsE]+0x106): undefined reference to `ros::console::checkLogLocationEnabled(ros::console::LogLocation*)'
input.cpp:(.text._ZN3ros27SubscriptionCallbackHelperTIRKN5boost10shared_ptrIKN11mavros_msgs6State_ISaIvEEEEEvE11deserializeERKNS_43SubscriptionCallbackHelperDeserializeParamsE[_ZN3ros27SubscriptionCallbackHelperTIRKN5boost10shared_ptrIKN11mavros_msgs6State_ISaIvEEEEEvE11deserializeERKNS_43SubscriptionCallbackHelperDeserializeParamsE]+0x180): undefined reference to `ros::console::print(ros::console::FilterBase*, void*, ros::console::levels::Level, char const*, int, char const*, char const*, ...)'
CMakeFiles/input.dir/src/input.cpp.o: In function `ros::SubscriptionCallbackHelperT<boost::shared_ptr<nav_msgs::Odometry_<std::allocator<void> > const> const&, void>::deserialize(ros::SubscriptionCallbackHelperDeserializeParams const&)':
input.cpp:(.text._ZN3ros27SubscriptionCallbackHelperTIRKN5boost10shared_ptrIKN8nav_msgs9Odometry_ISaIvEEEEEvE11deserializeERKNS_43SubscriptionCallbackHelperDeserializeParamsE[_ZN3ros27SubscriptionCallbackHelperTIRKN5boost10shared_ptrIKN8nav_msgs9Odometry_ISaIvEEEEEvE11deserializeERKNS_43SubscriptionCallbackHelperDeserializeParamsE]+0x61): undefined reference to `ros::console::g_initialized'
input.cpp:(.text._ZN3ros27SubscriptionCallbackHelperTIRKN5boost10shared_ptrIKN8nav_msgs9Odometry_ISaIvEEEEEvE11deserializeERKNS_43SubscriptionCallbackHelperDeserializeParamsE[_ZN3ros27SubscriptionCallbackHelperTIRKN5boost10shared_ptrIKN8nav_msgs9Odometry_ISaIvEEEEEvE11deserializeERKNS_43SubscriptionCallbackHelperDeserializeParamsE]+0x71): undefined reference to `ros::console::initialize()'
input.cpp:(.text._ZN3ros27SubscriptionCallbackHelperTIRKN5boost10shared_ptrIKN8nav_msgs9Odometry_ISaIvEEEEEvE11deserializeERKNS_43SubscriptionCallbackHelperDeserializeParamsE[_ZN3ros27SubscriptionCallbackHelperTIRKN5boost10shared_ptrIKN8nav_msgs9Odometry_ISaIvEEEEEvE11deserializeERKNS_43SubscriptionCallbackHelperDeserializeParamsE]+0xbe): undefined reference to `ros::console::initializeLogLocation(ros::console::LogLocation*, std::__cxx11::basic_string<char, std::char_traits<char>, std::allocator<char> > const&, ros::console::levels::Level)'
input.cpp:(.text._ZN3ros27SubscriptionCallbackHelperTIRKN5boost10shared_ptrIKN8nav_msgs9Odometry_ISaIvEEEEEvE11deserializeERKNS_43SubscriptionCallbackHelperDeserializeParamsE[_ZN3ros27SubscriptionCallbackHelperTIRKN5boost10shared_ptrIKN8nav_msgs9Odometry_ISaIvEEEEEvE11deserializeERKNS_43SubscriptionCallbackHelperDeserializeParamsE]+0xfa): undefined reference to `ros::console::setLogLocationLevel(ros::console::LogLocation*, ros::console::levels::Level)'
input.cpp:(.text._ZN3ros27SubscriptionCallbackHelperTIRKN5boost10shared_ptrIKN8nav_msgs9Odometry_ISaIvEEEEEvE11deserializeERKNS_43SubscriptionCallbackHelperDeserializeParamsE[_ZN3ros27SubscriptionCallbackHelperTIRKN5boost10shared_ptrIKN8nav_msgs9Odometry_ISaIvEEEEEvE11deserializeERKNS_43SubscriptionCallbackHelperDeserializeParamsE]+0x106): undefined reference to `ros::console::checkLogLocationEnabled(ros::console::LogLocation*)'
input.cpp:(.text._ZN3ros27SubscriptionCallbackHelperTIRKN5boost10shared_ptrIKN8nav_msgs9Odometry_ISaIvEEEEEvE11deserializeERKNS_43SubscriptionCallbackHelperDeserializeParamsE[_ZN3ros27SubscriptionCallbackHelperTIRKN5boost10shared_ptrIKN8nav_msgs9Odometry_ISaIvEEEEEvE11deserializeERKNS_43SubscriptionCallbackHelperDeserializeParamsE]+0x180): undefined reference to `ros::console::print(ros::console::FilterBase*, void*, ros::console::levels::Level, char const*, int, char const*, char const*, ...)'
CMakeFiles/input.dir/src/input.cpp.o: In function `void ros::serialization::Serializer<std::__cxx11::basic_string<char, std::char_traits<char>, std::allocator<char> > >::read<ros::serialization::IStream>(ros::serialization::IStream&, std::__cxx11::basic_string<char, std::char_traits<char>, std::allocator<char> >&)':
input.cpp:(.text._ZN3ros13serialization10SerializerINSt7__cxx1112basic_stringIcSt11char_traitsIcESaIcEEEE4readINS0_7IStreamEEEvRT_RS7_[_ZN3ros13serialization10SerializerINSt7__cxx1112basic_stringIcSt11char_traitsIcESaIcEEEE4readINS0_7IStreamEEEvRT_RS7_]+0x99): undefined reference to `ros::serialization::throwStreamOverrun()'
CMakeFiles/input.dir/src/input.cpp.o: In function `void ros::serialization::Serializer<unsigned int>::read<ros::serialization::IStream>(ros::serialization::IStream&, unsigned int&)':
input.cpp:(.text._ZN3ros13serialization10SerializerIjE4readINS0_7IStreamEEEvRT_Rj[_ZN3ros13serialization10SerializerIjE4readINS0_7IStreamEEEvRT_Rj]+0x53): undefined reference to `ros::serialization::throwStreamOverrun()'
CMakeFiles/input.dir/src/input.cpp.o: In function `void ros::serialization::ArraySerializer<double, 36ul, void>::read<ros::serialization::IStream>(ros::serialization::IStream&, boost::array<double, 36ul>&)':
input.cpp:(.text._ZN3ros13serialization15ArraySerializerIdLm36EvE4readINS0_7IStreamEEEvRT_RN5boost5arrayIdLm36EEE[_ZN3ros13serialization15ArraySerializerIdLm36EvE4readINS0_7IStreamEEEvRT_RN5boost5arrayIdLm36EEE]+0x5b): undefined reference to `ros::serialization::throwStreamOverrun()'
CMakeFiles/input.dir/src/input.cpp.o: In function `void ros::serialization::Serializer<double>::read<ros::serialization::IStream>(ros::serialization::IStream&, double&)':
input.cpp:(.text._ZN3ros13serialization10SerializerIdE4readINS0_7IStreamEEEvRT_Rd[_ZN3ros13serialization10SerializerIdE4readINS0_7IStreamEEEvRT_Rd]+0x53): undefined reference to `ros::serialization::throwStreamOverrun()'
collect2: error: ld returned 1 exit status
make[2]: *** [/home/adi/ardu_ws/devel/.private/iq_gnc/lib/iq_gnc/input] Error 1
make[1]: *** [CMakeFiles/input.dir/all] Error 2
make: *** [all] Error 2
