In file included from [01m[K/home/adi/ardu_ws/src/iq_gnc/src/drone.cpp:1:0[m[K:
[01m[K/home/adi/ardu_ws/src/iq_gnc/src/classes/drone_base_class.cpp:[m[K In member function ‘[01m[Kvoid Drone::update_shortest_distance(int)[m[K’:
[01m[K/home/adi/ardu_ws/src/iq_gnc/src/classes/drone_base_class.cpp:86:28:[m[K [01;31m[Kerror: [m[K‘[01m[KN[m[K’ was not declared in this scope
         for(int i = 0; i < [01;31m[KN[m[K - 1; i++) {
                            [01;31m[K^[m[K
[01m[K/home/adi/ardu_ws/src/iq_gnc/src/classes/drone_base_class.cpp:87:16:[m[K [01;31m[Kerror: [m[K‘[01m[Kupdate_dist[m[K’ was not declared in this scope
             if([01;31m[Kupdate_dist[m[K[i] < min) {
                [01;31m[K^~~~~~~~~~~[m[K
[01m[K/home/adi/ardu_ws/src/iq_gnc/src/classes/drone_base_class.cpp:92:9:[m[K [01;31m[Kerror: [m[K‘[01m[Kshortest_distance[m[K’ was not declared in this scope
         [01;31m[Kshortest_distance[m[K[x] = min;
         [01;31m[K^~~~~~~~~~~~~~~~~[m[K
[01m[K/home/adi/ardu_ws/src/iq_gnc/src/classes/drone_base_class.cpp:92:9:[m[K [01;36m[Knote: [m[Ksuggested alternative: ‘[01m[Klinear_distance[m[K’
         [01;36m[Kshortest_distance[m[K[x] = min;
         [01;36m[K^~~~~~~~~~~~~~~~~[m[K
         [32m[Klinear_distance[m[K
[01m[K/home/adi/ardu_ws/src/iq_gnc/src/classes/drone_base_class.cpp:93:9:[m[K [01;31m[Kerror: [m[K‘[01m[Kselected_drone[m[K’ was not declared in this scope
         [01;31m[Kselected_drone[m[K[x] = min_index;
         [01;31m[K^~~~~~~~~~~~~~[m[K
[01m[K/home/adi/ardu_ws/src/iq_gnc/src/classes/drone_base_class.cpp:94:9:[m[K [01;31m[Kerror: [m[K‘[01m[Kchosen[m[K’ was not declared in this scope
         [01;31m[Kchosen[m[K[x] = min_index;
         [01;31m[K^~~~~~[m[K
[01m[K/home/adi/ardu_ws/src/iq_gnc/src/classes/drone_base_class.cpp:94:9:[m[K [01;36m[Knote: [m[Ksuggested alternative: ‘[01m[Kchown[m[K’
         [01;36m[Kchosen[m[K[x] = min_index;
         [01;36m[K^~~~~~[m[K
         [32m[Kchown[m[K
make[2]: *** [CMakeFiles/drone.dir/src/drone.cpp.o] Error 1
make[1]: *** [CMakeFiles/drone.dir/all] Error 2
make: *** [all] Error 2
