In file included from [01m[K/home/adi/ardu_ws/src/iq_gnc/src/classes/input_base_class.cpp:2:0[m[K,
                 from [01m[K/home/adi/ardu_ws/src/iq_gnc/src/input.cpp:2[m[K:
[01m[K/home/adi/ardu_ws/src/iq_gnc/include/gnc_functions.hpp:27:20:[m[K [01;31m[Kerror: [m[Kredefinition of ‘[01m[Kmavros_msgs::State current_state_g[m[K’
 mavros_msgs::State [01;31m[Kcurrent_state_g[m[K;
                    [01;31m[K^~~~~~~~~~~~~~~[m[K
In file included from [01m[K/home/adi/ardu_ws/src/iq_gnc/src/input.cpp:1:0[m[K:
[01m[K/home/adi/ardu_ws/src/iq_gnc/include/gnc_functions.hpp:27:20:[m[K [01;36m[Knote: [m[K‘[01m[Kmavros_msgs::State current_state_g[m[K’ previously declared here
 mavros_msgs::State [01;36m[Kcurrent_state_g[m[K;
                    [01;36m[K^~~~~~~~~~~~~~~[m[K
In file included from [01m[K/home/adi/ardu_ws/src/iq_gnc/src/classes/input_base_class.cpp:2:0[m[K,
                 from [01m[K/home/adi/ardu_ws/src/iq_gnc/src/input.cpp:2[m[K:
[01m[K/home/adi/ardu_ws/src/iq_gnc/include/gnc_functions.hpp:28:20:[m[K [01;31m[Kerror: [m[Kredefinition of ‘[01m[Knav_msgs::Odometry current_pose_g[m[K’
 nav_msgs::Odometry [01;31m[Kcurrent_pose_g[m[K;
                    [01;31m[K^~~~~~~~~~~~~~[m[K
In file included from [01m[K/home/adi/ardu_ws/src/iq_gnc/src/input.cpp:1:0[m[K:
[01m[K/home/adi/ardu_ws/src/iq_gnc/include/gnc_functions.hpp:28:20:[m[K [01;36m[Knote: [m[K‘[01m[Knav_msgs::Odometry current_pose_g[m[K’ previously declared here
 nav_msgs::Odometry [01;36m[Kcurrent_pose_g[m[K;
                    [01;36m[K^~~~~~~~~~~~~~[m[K
In file included from [01m[K/home/adi/ardu_ws/src/iq_gnc/src/classes/input_base_class.cpp:2:0[m[K,
                 from [01m[K/home/adi/ardu_ws/src/iq_gnc/src/input.cpp:2[m[K:
[01m[K/home/adi/ardu_ws/src/iq_gnc/include/gnc_functions.hpp:29:21:[m[K [01;31m[Kerror: [m[Kredefinition of ‘[01m[Kgeometry_msgs::Pose correction_vector_g[m[K’
 geometry_msgs::Pose [01;31m[Kcorrection_vector_g[m[K;
                     [01;31m[K^~~~~~~~~~~~~~~~~~~[m[K
In file included from [01m[K/home/adi/ardu_ws/src/iq_gnc/src/input.cpp:1:0[m[K:
[01m[K/home/adi/ardu_ws/src/iq_gnc/include/gnc_functions.hpp:29:21:[m[K [01;36m[Knote: [m[K‘[01m[Kgeometry_msgs::Pose correction_vector_g[m[K’ previously declared here
 geometry_msgs::Pose [01;36m[Kcorrection_vector_g[m[K;
                     [01;36m[K^~~~~~~~~~~~~~~~~~~[m[K
In file included from [01m[K/home/adi/ardu_ws/src/iq_gnc/src/classes/input_base_class.cpp:2:0[m[K,
                 from [01m[K/home/adi/ardu_ws/src/iq_gnc/src/input.cpp:2[m[K:
[01m[K/home/adi/ardu_ws/src/iq_gnc/include/gnc_functions.hpp:30:22:[m[K [01;31m[Kerror: [m[Kredefinition of ‘[01m[Kgeometry_msgs::Point local_offset_pose_g[m[K’
 geometry_msgs::Point [01;31m[Klocal_offset_pose_g[m[K;
                      [01;31m[K^~~~~~~~~~~~~~~~~~~[m[K
In file included from [01m[K/home/adi/ardu_ws/src/iq_gnc/src/input.cpp:1:0[m[K:
[01m[K/home/adi/ardu_ws/src/iq_gnc/include/gnc_functions.hpp:30:22:[m[K [01;36m[Knote: [m[K‘[01m[Kgeometry_msgs::Point local_offset_pose_g[m[K’ previously declared here
 geometry_msgs::Point [01;36m[Klocal_offset_pose_g[m[K;
                      [01;36m[K^~~~~~~~~~~~~~~~~~~[m[K
In file included from [01m[K/home/adi/ardu_ws/src/iq_gnc/src/classes/input_base_class.cpp:2:0[m[K,
                 from [01m[K/home/adi/ardu_ws/src/iq_gnc/src/input.cpp:2[m[K:
[01m[K/home/adi/ardu_ws/src/iq_gnc/include/gnc_functions.hpp:31:28:[m[K [01;31m[Kerror: [m[Kredefinition of ‘[01m[Kgeometry_msgs::PoseStamped waypoint_g[m[K’
 geometry_msgs::PoseStamped [01;31m[Kwaypoint_g[m[K;
                            [01;31m[K^~~~~~~~~~[m[K
In file included from [01m[K/home/adi/ardu_ws/src/iq_gnc/src/input.cpp:1:0[m[K:
[01m[K/home/adi/ardu_ws/src/iq_gnc/include/gnc_functions.hpp:31:28:[m[K [01;36m[Knote: [m[K‘[01m[Kgeometry_msgs::PoseStamped waypoint_g[m[K’ previously declared here
 geometry_msgs::PoseStamped [01;36m[Kwaypoint_g[m[K;
                            [01;36m[K^~~~~~~~~~[m[K
In file included from [01m[K/home/adi/ardu_ws/src/iq_gnc/src/classes/input_base_class.cpp:2:0[m[K,
                 from [01m[K/home/adi/ardu_ws/src/iq_gnc/src/input.cpp:2[m[K:
[01m[K/home/adi/ardu_ws/src/iq_gnc/include/gnc_functions.hpp:33:7:[m[K [01;31m[Kerror: [m[Kredefinition of ‘[01m[Kfloat current_heading_g[m[K’
 float [01;31m[Kcurrent_heading_g[m[K;
       [01;31m[K^~~~~~~~~~~~~~~~~[m[K
In file included from [01m[K/home/adi/ardu_ws/src/iq_gnc/src/input.cpp:1:0[m[K:
[01m[K/home/adi/ardu_ws/src/iq_gnc/include/gnc_functions.hpp:33:7:[m[K [01;36m[Knote: [m[K‘[01m[Kfloat current_heading_g[m[K’ previously declared here
 float [01;36m[Kcurrent_heading_g[m[K;
       [01;36m[K^~~~~~~~~~~~~~~~~[m[K
In file included from [01m[K/home/adi/ardu_ws/src/iq_gnc/src/classes/input_base_class.cpp:2:0[m[K,
                 from [01m[K/home/adi/ardu_ws/src/iq_gnc/src/input.cpp:2[m[K:
[01m[K/home/adi/ardu_ws/src/iq_gnc/include/gnc_functions.hpp:34:7:[m[K [01;31m[Kerror: [m[Kredefinition of ‘[01m[Kfloat local_offset_g[m[K’
 float [01;31m[Klocal_offset_g[m[K;
       [01;31m[K^~~~~~~~~~~~~~[m[K
In file included from [01m[K/home/adi/ardu_ws/src/iq_gnc/src/input.cpp:1:0[m[K:
[01m[K/home/adi/ardu_ws/src/iq_gnc/include/gnc_functions.hpp:34:7:[m[K [01;36m[Knote: [m[K‘[01m[Kfloat local_offset_g[m[K’ previously declared here
 float [01;36m[Klocal_offset_g[m[K;
       [01;36m[K^~~~~~~~~~~~~~[m[K
In file included from [01m[K/home/adi/ardu_ws/src/iq_gnc/src/classes/input_base_class.cpp:2:0[m[K,
                 from [01m[K/home/adi/ardu_ws/src/iq_gnc/src/input.cpp:2[m[K:
[01m[K/home/adi/ardu_ws/src/iq_gnc/include/gnc_functions.hpp:35:7:[m[K [01;31m[Kerror: [m[Kredefinition of ‘[01m[Kfloat correction_heading_g[m[K’
 float [01;31m[Kcorrection_heading_g[m[K = 0;
       [01;31m[K^~~~~~~~~~~~~~~~~~~~[m[K
In file included from [01m[K/home/adi/ardu_ws/src/iq_gnc/src/input.cpp:1:0[m[K:
[01m[K/home/adi/ardu_ws/src/iq_gnc/include/gnc_functions.hpp:35:7:[m[K [01;36m[Knote: [m[K‘[01m[Kfloat correction_heading_g[m[K’ previously defined here
 float [01;36m[Kcorrection_heading_g[m[K = 0;
       [01;36m[K^~~~~~~~~~~~~~~~~~~~[m[K
In file included from [01m[K/home/adi/ardu_ws/src/iq_gnc/src/classes/input_base_class.cpp:2:0[m[K,
                 from [01m[K/home/adi/ardu_ws/src/iq_gnc/src/input.cpp:2[m[K:
[01m[K/home/adi/ardu_ws/src/iq_gnc/include/gnc_functions.hpp:36:7:[m[K [01;31m[Kerror: [m[Kredefinition of ‘[01m[Kfloat local_desired_heading_g[m[K’
 float [01;31m[Klocal_desired_heading_g[m[K;
       [01;31m[K^~~~~~~~~~~~~~~~~~~~~~~[m[K
In file included from [01m[K/home/adi/ardu_ws/src/iq_gnc/src/input.cpp:1:0[m[K:
[01m[K/home/adi/ardu_ws/src/iq_gnc/include/gnc_functions.hpp:36:7:[m[K [01;36m[Knote: [m[K‘[01m[Kfloat local_desired_heading_g[m[K’ previously declared here
 float [01;36m[Klocal_desired_heading_g[m[K;
       [01;36m[K^~~~~~~~~~~~~~~~~~~~~~~[m[K
In file included from [01m[K/home/adi/ardu_ws/src/iq_gnc/src/classes/input_base_class.cpp:2:0[m[K,
                 from [01m[K/home/adi/ardu_ws/src/iq_gnc/src/input.cpp:2[m[K:
[01m[K/home/adi/ardu_ws/src/iq_gnc/include/gnc_functions.hpp:40:16:[m[K [01;31m[Kerror: [m[Kredefinition of ‘[01m[Kros::Publisher local_pos_pub[m[K’
 ros::Publisher [01;31m[Klocal_pos_pub[m[K;
                [01;31m[K^~~~~~~~~~~~~[m[K
In file included from [01m[K/home/adi/ardu_ws/src/iq_gnc/src/input.cpp:1:0[m[K:
[01m[K/home/adi/ardu_ws/src/iq_gnc/include/gnc_functions.hpp:40:16:[m[K [01;36m[Knote: [m[K‘[01m[Kros::Publisher local_pos_pub[m[K’ previously declared here
 ros::Publisher [01;36m[Klocal_pos_pub[m[K;
                [01;36m[K^~~~~~~~~~~~~[m[K
In file included from [01m[K/home/adi/ardu_ws/src/iq_gnc/src/classes/input_base_class.cpp:2:0[m[K,
                 from [01m[K/home/adi/ardu_ws/src/iq_gnc/src/input.cpp:2[m[K:
[01m[K/home/adi/ardu_ws/src/iq_gnc/include/gnc_functions.hpp:41:17:[m[K [01;31m[Kerror: [m[Kredefinition of ‘[01m[Kros::Subscriber currentPos[m[K’
 ros::Subscriber [01;31m[KcurrentPos[m[K;
                 [01;31m[K^~~~~~~~~~[m[K
In file included from [01m[K/home/adi/ardu_ws/src/iq_gnc/src/input.cpp:1:0[m[K:
[01m[K/home/adi/ardu_ws/src/iq_gnc/include/gnc_functions.hpp:41:17:[m[K [01;36m[Knote: [m[K‘[01m[Kros::Subscriber currentPos[m[K’ previously declared here
 ros::Subscriber [01;36m[KcurrentPos[m[K;
                 [01;36m[K^~~~~~~~~~[m[K
In file included from [01m[K/home/adi/ardu_ws/src/iq_gnc/src/classes/input_base_class.cpp:2:0[m[K,
                 from [01m[K/home/adi/ardu_ws/src/iq_gnc/src/input.cpp:2[m[K:
[01m[K/home/adi/ardu_ws/src/iq_gnc/include/gnc_functions.hpp:42:17:[m[K [01;31m[Kerror: [m[Kredefinition of ‘[01m[Kros::Subscriber state_sub[m[K’
 ros::Subscriber [01;31m[Kstate_sub[m[K;
                 [01;31m[K^~~~~~~~~[m[K
In file included from [01m[K/home/adi/ardu_ws/src/iq_gnc/src/input.cpp:1:0[m[K:
[01m[K/home/adi/ardu_ws/src/iq_gnc/include/gnc_functions.hpp:42:17:[m[K [01;36m[Knote: [m[K‘[01m[Kros::Subscriber state_sub[m[K’ previously declared here
 ros::Subscriber [01;36m[Kstate_sub[m[K;
                 [01;36m[K^~~~~~~~~[m[K
In file included from [01m[K/home/adi/ardu_ws/src/iq_gnc/src/classes/input_base_class.cpp:2:0[m[K,
                 from [01m[K/home/adi/ardu_ws/src/iq_gnc/src/input.cpp:2[m[K:
[01m[K/home/adi/ardu_ws/src/iq_gnc/include/gnc_functions.hpp:43:20:[m[K [01;31m[Kerror: [m[Kredefinition of ‘[01m[Kros::ServiceClient arming_client[m[K’
 ros::ServiceClient [01;31m[Karming_client[m[K;
                    [01;31m[K^~~~~~~~~~~~~[m[K
In file included from [01m[K/home/adi/ardu_ws/src/iq_gnc/src/input.cpp:1:0[m[K:
[01m[K/home/adi/ardu_ws/src/iq_gnc/include/gnc_functions.hpp:43:20:[m[K [01;36m[Knote: [m[K‘[01m[Kros::ServiceClient arming_client[m[K’ previously declared here
 ros::ServiceClient [01;36m[Karming_client[m[K;
                    [01;36m[K^~~~~~~~~~~~~[m[K
In file included from [01m[K/home/adi/ardu_ws/src/iq_gnc/src/classes/input_base_class.cpp:2:0[m[K,
                 from [01m[K/home/adi/ardu_ws/src/iq_gnc/src/input.cpp:2[m[K:
[01m[K/home/adi/ardu_ws/src/iq_gnc/include/gnc_functions.hpp:44:20:[m[K [01;31m[Kerror: [m[Kredefinition of ‘[01m[Kros::ServiceClient land_client[m[K’
 ros::ServiceClient [01;31m[Kland_client[m[K;
                    [01;31m[K^~~~~~~~~~~[m[K
In file included from [01m[K/home/adi/ardu_ws/src/iq_gnc/src/input.cpp:1:0[m[K:
[01m[K/home/adi/ardu_ws/src/iq_gnc/include/gnc_functions.hpp:44:20:[m[K [01;36m[Knote: [m[K‘[01m[Kros::ServiceClient land_client[m[K’ previously declared here
 ros::ServiceClient [01;36m[Kland_client[m[K;
                    [01;36m[K^~~~~~~~~~~[m[K
In file included from [01m[K/home/adi/ardu_ws/src/iq_gnc/src/classes/input_base_class.cpp:2:0[m[K,
                 from [01m[K/home/adi/ardu_ws/src/iq_gnc/src/input.cpp:2[m[K:
[01m[K/home/adi/ardu_ws/src/iq_gnc/include/gnc_functions.hpp:45:20:[m[K [01;31m[Kerror: [m[Kredefinition of ‘[01m[Kros::ServiceClient set_mode_client[m[K’
 ros::ServiceClient [01;31m[Kset_mode_client[m[K;
                    [01;31m[K^~~~~~~~~~~~~~~[m[K
In file included from [01m[K/home/adi/ardu_ws/src/iq_gnc/src/input.cpp:1:0[m[K:
[01m[K/home/adi/ardu_ws/src/iq_gnc/include/gnc_functions.hpp:45:20:[m[K [01;36m[Knote: [m[K‘[01m[Kros::ServiceClient set_mode_client[m[K’ previously declared here
 ros::ServiceClient [01;36m[Kset_mode_client[m[K;
                    [01;36m[K^~~~~~~~~~~~~~~[m[K
In file included from [01m[K/home/adi/ardu_ws/src/iq_gnc/src/classes/input_base_class.cpp:2:0[m[K,
                 from [01m[K/home/adi/ardu_ws/src/iq_gnc/src/input.cpp:2[m[K:
[01m[K/home/adi/ardu_ws/src/iq_gnc/include/gnc_functions.hpp:46:20:[m[K [01;31m[Kerror: [m[Kredefinition of ‘[01m[Kros::ServiceClient takeoff_client[m[K’
 ros::ServiceClient [01;31m[Ktakeoff_client[m[K;
                    [01;31m[K^~~~~~~~~~~~~~[m[K
In file included from [01m[K/home/adi/ardu_ws/src/iq_gnc/src/input.cpp:1:0[m[K:
[01m[K/home/adi/ardu_ws/src/iq_gnc/include/gnc_functions.hpp:46:20:[m[K [01;36m[Knote: [m[K‘[01m[Kros::ServiceClient takeoff_client[m[K’ previously declared here
 ros::ServiceClient [01;36m[Ktakeoff_client[m[K;
                    [01;36m[K^~~~~~~~~~~~~~[m[K
In file included from [01m[K/home/adi/ardu_ws/src/iq_gnc/src/classes/input_base_class.cpp:2:0[m[K,
                 from [01m[K/home/adi/ardu_ws/src/iq_gnc/src/input.cpp:2[m[K:
[01m[K/home/adi/ardu_ws/src/iq_gnc/include/gnc_functions.hpp:52:8:[m[K [01;31m[Kerror: [m[Kredefinition of ‘[01m[Kstruct gnc_api_waypoint[m[K’
 struct [01;31m[Kgnc_api_waypoint[m[K{
        [01;31m[K^~~~~~~~~~~~~~~~[m[K
In file included from [01m[K/home/adi/ardu_ws/src/iq_gnc/src/input.cpp:1:0[m[K:
[01m[K/home/adi/ardu_ws/src/iq_gnc/include/gnc_functions.hpp:52:8:[m[K [01;36m[Knote: [m[Kprevious definition of ‘[01m[Kstruct gnc_api_waypoint[m[K’
 struct [01;36m[Kgnc_api_waypoint[m[K{
        [01;36m[K^~~~~~~~~~~~~~~~[m[K
In file included from [01m[K/home/adi/ardu_ws/src/iq_gnc/src/classes/input_base_class.cpp:2:0[m[K,
                 from [01m[K/home/adi/ardu_ws/src/iq_gnc/src/input.cpp:2[m[K:
[01m[K/home/adi/ardu_ws/src/iq_gnc/include/gnc_functions.hpp:[m[K In function ‘[01m[Kvoid state_cb(const ConstPtr&)[m[K’:
[01m[K/home/adi/ardu_ws/src/iq_gnc/include/gnc_functions.hpp:60:6:[m[K [01;31m[Kerror: [m[Kredefinition of ‘[01m[Kvoid state_cb(const ConstPtr&)[m[K’
 void [01;31m[Kstate_cb[m[K(const mavros_msgs::State::ConstPtr& msg)
      [01;31m[K^~~~~~~~[m[K
In file included from [01m[K/home/adi/ardu_ws/src/iq_gnc/src/input.cpp:1:0[m[K:
[01m[K/home/adi/ardu_ws/src/iq_gnc/include/gnc_functions.hpp:60:6:[m[K [01;36m[Knote: [m[K‘[01m[Kvoid state_cb(const ConstPtr&)[m[K’ previously defined here
 void [01;36m[Kstate_cb[m[K(const mavros_msgs::State::ConstPtr& msg)
      [01;36m[K^~~~~~~~[m[K
In file included from [01m[K/home/adi/ardu_ws/src/iq_gnc/src/classes/input_base_class.cpp:2:0[m[K,
                 from [01m[K/home/adi/ardu_ws/src/iq_gnc/src/input.cpp:2[m[K:
[01m[K/home/adi/ardu_ws/src/iq_gnc/include/gnc_functions.hpp:[m[K In function ‘[01m[Kgeometry_msgs::Point enu_2_local(nav_msgs::Odometry)[m[K’:
[01m[K/home/adi/ardu_ws/src/iq_gnc/include/gnc_functions.hpp:64:22:[m[K [01;31m[Kerror: [m[Kredefinition of ‘[01m[Kgeometry_msgs::Point enu_2_local(nav_msgs::Odometry)[m[K’
 geometry_msgs::Point [01;31m[Kenu_2_local[m[K(nav_msgs::Odometry current_pose_enu)
                      [01;31m[K^~~~~~~~~~~[m[K
In file included from [01m[K/home/adi/ardu_ws/src/iq_gnc/src/input.cpp:1:0[m[K:
[01m[K/home/adi/ardu_ws/src/iq_gnc/include/gnc_functions.hpp:64:22:[m[K [01;36m[Knote: [m[K‘[01m[Kgeometry_msgs::Point enu_2_local(nav_msgs::Odometry)[m[K’ previously defined here
 geometry_msgs::Point [01;36m[Kenu_2_local[m[K(nav_msgs::Odometry current_pose_enu)
                      [01;36m[K^~~~~~~~~~~[m[K
In file included from [01m[K/home/adi/ardu_ws/src/iq_gnc/src/classes/input_base_class.cpp:2:0[m[K,
                 from [01m[K/home/adi/ardu_ws/src/iq_gnc/src/input.cpp:2[m[K:
[01m[K/home/adi/ardu_ws/src/iq_gnc/include/gnc_functions.hpp:[m[K In function ‘[01m[Kvoid pose_cb(const ConstPtr&)[m[K’:
[01m[K/home/adi/ardu_ws/src/iq_gnc/include/gnc_functions.hpp:80:6:[m[K [01;31m[Kerror: [m[Kredefinition of ‘[01m[Kvoid pose_cb(const ConstPtr&)[m[K’
 void [01;31m[Kpose_cb[m[K(const nav_msgs::Odometry::ConstPtr& msg)
      [01;31m[K^~~~~~~[m[K
In file included from [01m[K/home/adi/ardu_ws/src/iq_gnc/src/input.cpp:1:0[m[K:
[01m[K/home/adi/ardu_ws/src/iq_gnc/include/gnc_functions.hpp:80:6:[m[K [01;36m[Knote: [m[K‘[01m[Kvoid pose_cb(const ConstPtr&)[m[K’ previously defined here
 void [01;36m[Kpose_cb[m[K(const nav_msgs::Odometry::ConstPtr& msg)
      [01;36m[K^~~~~~~[m[K
In file included from [01m[K/home/adi/ardu_ws/src/iq_gnc/src/classes/input_base_class.cpp:2:0[m[K,
                 from [01m[K/home/adi/ardu_ws/src/iq_gnc/src/input.cpp:2[m[K:
[01m[K/home/adi/ardu_ws/src/iq_gnc/include/gnc_functions.hpp:[m[K In function ‘[01m[Kgeometry_msgs::Point get_current_location()[m[K’:
[01m[K/home/adi/ardu_ws/src/iq_gnc/include/gnc_functions.hpp:96:22:[m[K [01;31m[Kerror: [m[Kredefinition of ‘[01m[Kgeometry_msgs::Point get_current_location()[m[K’
 geometry_msgs::Point [01;31m[Kget_current_location[m[K()
                      [01;31m[K^~~~~~~~~~~~~~~~~~~~[m[K
In file included from [01m[K/home/adi/ardu_ws/src/iq_gnc/src/input.cpp:1:0[m[K:
[01m[K/home/adi/ardu_ws/src/iq_gnc/include/gnc_functions.hpp:96:22:[m[K [01;36m[Knote: [m[K‘[01m[Kgeometry_msgs::Point get_current_location()[m[K’ previously defined here
 geometry_msgs::Point [01;36m[Kget_current_location[m[K()
                      [01;36m[K^~~~~~~~~~~~~~~~~~~~[m[K
In file included from [01m[K/home/adi/ardu_ws/src/iq_gnc/src/classes/input_base_class.cpp:2:0[m[K,
                 from [01m[K/home/adi/ardu_ws/src/iq_gnc/src/input.cpp:2[m[K:
[01m[K/home/adi/ardu_ws/src/iq_gnc/include/gnc_functions.hpp:[m[K In function ‘[01m[Kfloat get_current_heading()[m[K’:
[01m[K/home/adi/ardu_ws/src/iq_gnc/include/gnc_functions.hpp:103:7:[m[K [01;31m[Kerror: [m[Kredefinition of ‘[01m[Kfloat get_current_heading()[m[K’
 float [01;31m[Kget_current_heading[m[K()
       [01;31m[K^~~~~~~~~~~~~~~~~~~[m[K
In file included from [01m[K/home/adi/ardu_ws/src/iq_gnc/src/input.cpp:1:0[m[K:
[01m[K/home/adi/ardu_ws/src/iq_gnc/include/gnc_functions.hpp:103:7:[m[K [01;36m[Knote: [m[K‘[01m[Kfloat get_current_heading()[m[K’ previously defined here
 float [01;36m[Kget_current_heading[m[K()
       [01;36m[K^~~~~~~~~~~~~~~~~~~[m[K
In file included from [01m[K/home/adi/ardu_ws/src/iq_gnc/src/classes/input_base_class.cpp:2:0[m[K,
                 from [01m[K/home/adi/ardu_ws/src/iq_gnc/src/input.cpp:2[m[K:
[01m[K/home/adi/ardu_ws/src/iq_gnc/include/gnc_functions.hpp:[m[K In function ‘[01m[Kvoid set_heading(float)[m[K’:
[01m[K/home/adi/ardu_ws/src/iq_gnc/include/gnc_functions.hpp:116:6:[m[K [01;31m[Kerror: [m[Kredefinition of ‘[01m[Kvoid set_heading(float)[m[K’
 void [01;31m[Kset_heading[m[K(float heading)
      [01;31m[K^~~~~~~~~~~[m[K
In file included from [01m[K/home/adi/ardu_ws/src/iq_gnc/src/input.cpp:1:0[m[K:
[01m[K/home/adi/ardu_ws/src/iq_gnc/include/gnc_functions.hpp:116:6:[m[K [01;36m[Knote: [m[K‘[01m[Kvoid set_heading(float)[m[K’ previously defined here
 void [01;36m[Kset_heading[m[K(float heading)
      [01;36m[K^~~~~~~~~~~[m[K
In file included from [01m[K/home/adi/ardu_ws/src/iq_gnc/src/classes/input_base_class.cpp:2:0[m[K,
                 from [01m[K/home/adi/ardu_ws/src/iq_gnc/src/input.cpp:2[m[K:
[01m[K/home/adi/ardu_ws/src/iq_gnc/include/gnc_functions.hpp:[m[K In function ‘[01m[Kvoid set_destination(float, float, float, float)[m[K’:
[01m[K/home/adi/ardu_ws/src/iq_gnc/include/gnc_functions.hpp:149:6:[m[K [01;31m[Kerror: [m[Kredefinition of ‘[01m[Kvoid set_destination(float, float, float, float)[m[K’
 void [01;31m[Kset_destination[m[K(float x, float y, float z, float psi)
      [01;31m[K^~~~~~~~~~~~~~~[m[K
In file included from [01m[K/home/adi/ardu_ws/src/iq_gnc/src/input.cpp:1:0[m[K:
[01m[K/home/adi/ardu_ws/src/iq_gnc/include/gnc_functions.hpp:149:6:[m[K [01;36m[Knote: [m[K‘[01m[Kvoid set_destination(float, float, float, float)[m[K’ previously defined here
 void [01;36m[Kset_destination[m[K(float x, float y, float z, float psi)
      [01;36m[K^~~~~~~~~~~~~~~[m[K
In file included from [01m[K/home/adi/ardu_ws/src/iq_gnc/src/classes/input_base_class.cpp:2:0[m[K,
                 from [01m[K/home/adi/ardu_ws/src/iq_gnc/src/input.cpp:2[m[K:
[01m[K/home/adi/ardu_ws/src/iq_gnc/include/gnc_functions.hpp:[m[K In function ‘[01m[Kint wait4connect()[m[K’:
[01m[K/home/adi/ardu_ws/src/iq_gnc/include/gnc_functions.hpp:176:5:[m[K [01;31m[Kerror: [m[Kredefinition of ‘[01m[Kint wait4connect()[m[K’
 int [01;31m[Kwait4connect[m[K()
     [01;31m[K^~~~~~~~~~~~[m[K
In file included from [01m[K/home/adi/ardu_ws/src/iq_gnc/src/input.cpp:1:0[m[K:
[01m[K/home/adi/ardu_ws/src/iq_gnc/include/gnc_functions.hpp:176:5:[m[K [01;36m[Knote: [m[K‘[01m[Kint wait4connect()[m[K’ previously defined here
 int [01;36m[Kwait4connect[m[K()
     [01;36m[K^~~~~~~~~~~~[m[K
In file included from [01m[K/home/adi/ardu_ws/src/iq_gnc/src/classes/input_base_class.cpp:2:0[m[K,
                 from [01m[K/home/adi/ardu_ws/src/iq_gnc/src/input.cpp:2[m[K:
[01m[K/home/adi/ardu_ws/src/iq_gnc/include/gnc_functions.hpp:[m[K In function ‘[01m[Kint wait4start()[m[K’:
[01m[K/home/adi/ardu_ws/src/iq_gnc/include/gnc_functions.hpp:202:5:[m[K [01;31m[Kerror: [m[Kredefinition of ‘[01m[Kint wait4start()[m[K’
 int [01;31m[Kwait4start[m[K()
     [01;31m[K^~~~~~~~~~[m[K
In file included from [01m[K/home/adi/ardu_ws/src/iq_gnc/src/input.cpp:1:0[m[K:
[01m[K/home/adi/ardu_ws/src/iq_gnc/include/gnc_functions.hpp:202:5:[m[K [01;36m[Knote: [m[K‘[01m[Kint wait4start()[m[K’ previously defined here
 int [01;36m[Kwait4start[m[K()
     [01;36m[K^~~~~~~~~~[m[K
In file included from [01m[K/home/adi/ardu_ws/src/iq_gnc/src/classes/input_base_class.cpp:2:0[m[K,
                 from [01m[K/home/adi/ardu_ws/src/iq_gnc/src/input.cpp:2[m[K:
[01m[K/home/adi/ardu_ws/src/iq_gnc/include/gnc_functions.hpp:[m[K In function ‘[01m[Kint initialize_local_frame()[m[K’:
[01m[K/home/adi/ardu_ws/src/iq_gnc/include/gnc_functions.hpp:224:5:[m[K [01;31m[Kerror: [m[Kredefinition of ‘[01m[Kint initialize_local_frame()[m[K’
 int [01;31m[Kinitialize_local_frame[m[K()
     [01;31m[K^~~~~~~~~~~~~~~~~~~~~~[m[K
In file included from [01m[K/home/adi/ardu_ws/src/iq_gnc/src/input.cpp:1:0[m[K:
[01m[K/home/adi/ardu_ws/src/iq_gnc/include/gnc_functions.hpp:224:5:[m[K [01;36m[Knote: [m[K‘[01m[Kint initialize_local_frame()[m[K’ previously defined here
 int [01;36m[Kinitialize_local_frame[m[K()
     [01;36m[K^~~~~~~~~~~~~~~~~~~~~~[m[K
In file included from [01m[K/home/adi/ardu_ws/src/iq_gnc/src/classes/input_base_class.cpp:2:0[m[K,
                 from [01m[K/home/adi/ardu_ws/src/iq_gnc/src/input.cpp:2[m[K:
[01m[K/home/adi/ardu_ws/src/iq_gnc/include/gnc_functions.hpp:[m[K In function ‘[01m[Kint arm()[m[K’:
[01m[K/home/adi/ardu_ws/src/iq_gnc/include/gnc_functions.hpp:257:5:[m[K [01;31m[Kerror: [m[Kredefinition of ‘[01m[Kint arm()[m[K’
 int [01;31m[Karm[m[K()
     [01;31m[K^~~[m[K
In file included from [01m[K/home/adi/ardu_ws/src/iq_gnc/src/input.cpp:1:0[m[K:
[01m[K/home/adi/ardu_ws/src/iq_gnc/include/gnc_functions.hpp:257:5:[m[K [01;36m[Knote: [m[K‘[01m[Kint arm()[m[K’ previously defined here
 int [01;36m[Karm[m[K()
     [01;36m[K^~~[m[K
In file included from [01m[K/home/adi/ardu_ws/src/iq_gnc/src/classes/input_base_class.cpp:2:0[m[K,
                 from [01m[K/home/adi/ardu_ws/src/iq_gnc/src/input.cpp:2[m[K:
[01m[K/home/adi/ardu_ws/src/iq_gnc/include/gnc_functions.hpp:[m[K In function ‘[01m[Kint takeoff(float)[m[K’:
[01m[K/home/adi/ardu_ws/src/iq_gnc/include/gnc_functions.hpp:294:5:[m[K [01;31m[Kerror: [m[Kredefinition of ‘[01m[Kint takeoff(float)[m[K’
 int [01;31m[Ktakeoff[m[K(float takeoff_alt)
     [01;31m[K^~~~~~~[m[K
In file included from [01m[K/home/adi/ardu_ws/src/iq_gnc/src/input.cpp:1:0[m[K:
[01m[K/home/adi/ardu_ws/src/iq_gnc/include/gnc_functions.hpp:294:5:[m[K [01;36m[Knote: [m[K‘[01m[Kint takeoff(float)[m[K’ previously defined here
 int [01;36m[Ktakeoff[m[K(float takeoff_alt)
     [01;36m[K^~~~~~~[m[K
In file included from [01m[K/home/adi/ardu_ws/src/iq_gnc/src/classes/input_base_class.cpp:2:0[m[K,
                 from [01m[K/home/adi/ardu_ws/src/iq_gnc/src/input.cpp:2[m[K:
[01m[K/home/adi/ardu_ws/src/iq_gnc/include/gnc_functions.hpp:[m[K In function ‘[01m[Kint check_waypoint_reached(float, float)[m[K’:
[01m[K/home/adi/ardu_ws/src/iq_gnc/include/gnc_functions.hpp:342:5:[m[K [01;31m[Kerror: [m[Kredefinition of ‘[01m[Kint check_waypoint_reached(float, float)[m[K’
 int [01;31m[Kcheck_waypoint_reached[m[K(float pos_tolerance=0.3, float heading_tolerance=0.01)
     [01;31m[K^~~~~~~~~~~~~~~~~~~~~~[m[K
In file included from [01m[K/home/adi/ardu_ws/src/iq_gnc/src/input.cpp:1:0[m[K:
[01m[K/home/adi/ardu_ws/src/iq_gnc/include/gnc_functions.hpp:342:5:[m[K [01;36m[Knote: [m[K‘[01m[Kint check_waypoint_reached(float, float)[m[K’ previously defined here
 int [01;36m[Kcheck_waypoint_reached[m[K(float pos_tolerance=0.3, float heading_tolerance=0.01)
     [01;36m[K^~~~~~~~~~~~~~~~~~~~~~[m[K
In file included from [01m[K/home/adi/ardu_ws/src/iq_gnc/src/classes/input_base_class.cpp:2:0[m[K,
                 from [01m[K/home/adi/ardu_ws/src/iq_gnc/src/input.cpp:2[m[K:
[01m[K/home/adi/ardu_ws/src/iq_gnc/include/gnc_functions.hpp:[m[K In function ‘[01m[Kint set_mode(std::__cxx11::string)[m[K’:
[01m[K/home/adi/ardu_ws/src/iq_gnc/include/gnc_functions.hpp:377:5:[m[K [01;31m[Kerror: [m[Kredefinition of ‘[01m[Kint set_mode(std::__cxx11::string)[m[K’
 int [01;31m[Kset_mode[m[K(std::string mode)
     [01;31m[K^~~~~~~~[m[K
In file included from [01m[K/home/adi/ardu_ws/src/iq_gnc/src/input.cpp:1:0[m[K:
[01m[K/home/adi/ardu_ws/src/iq_gnc/include/gnc_functions.hpp:377:5:[m[K [01;36m[Knote: [m[K‘[01m[Kint set_mode(std::__cxx11::string)[m[K’ previously defined here
 int [01;36m[Kset_mode[m[K(std::string mode)
     [01;36m[K^~~~~~~~[m[K
In file included from [01m[K/home/adi/ardu_ws/src/iq_gnc/src/classes/input_base_class.cpp:2:0[m[K,
                 from [01m[K/home/adi/ardu_ws/src/iq_gnc/src/input.cpp:2[m[K:
[01m[K/home/adi/ardu_ws/src/iq_gnc/include/gnc_functions.hpp:[m[K In function ‘[01m[Kint land()[m[K’:
[01m[K/home/adi/ardu_ws/src/iq_gnc/include/gnc_functions.hpp:396:5:[m[K [01;31m[Kerror: [m[Kredefinition of ‘[01m[Kint land()[m[K’
 int [01;31m[Kland[m[K()
     [01;31m[K^~~~[m[K
In file included from [01m[K/home/adi/ardu_ws/src/iq_gnc/src/input.cpp:1:0[m[K:
[01m[K/home/adi/ardu_ws/src/iq_gnc/include/gnc_functions.hpp:396:5:[m[K [01;36m[Knote: [m[K‘[01m[Kint land()[m[K’ previously defined here
 int [01;36m[Kland[m[K()
     [01;36m[K^~~~[m[K
In file included from [01m[K/home/adi/ardu_ws/src/iq_gnc/src/classes/input_base_class.cpp:2:0[m[K,
                 from [01m[K/home/adi/ardu_ws/src/iq_gnc/src/input.cpp:2[m[K:
[01m[K/home/adi/ardu_ws/src/iq_gnc/include/gnc_functions.hpp:[m[K In function ‘[01m[Kint init_publisher_subscriber(ros::NodeHandle)[m[K’:
[01m[K/home/adi/ardu_ws/src/iq_gnc/include/gnc_functions.hpp:413:5:[m[K [01;31m[Kerror: [m[Kredefinition of ‘[01m[Kint init_publisher_subscriber(ros::NodeHandle)[m[K’
 int [01;31m[Kinit_publisher_subscriber[m[K(ros::NodeHandle controlnode)
     [01;31m[K^~~~~~~~~~~~~~~~~~~~~~~~~[m[K
In file included from [01m[K/home/adi/ardu_ws/src/iq_gnc/src/input.cpp:1:0[m[K:
[01m[K/home/adi/ardu_ws/src/iq_gnc/include/gnc_functions.hpp:413:5:[m[K [01;36m[Knote: [m[K‘[01m[Kint init_publisher_subscriber(ros::NodeHandle)[m[K’ previously defined here
 int [01;36m[Kinit_publisher_subscriber[m[K(ros::NodeHandle controlnode)
     [01;36m[K^~~~~~~~~~~~~~~~~~~~~~~~~[m[K
make[2]: *** [CMakeFiles/input.dir/src/input.cpp.o] Error 1
make[1]: *** [CMakeFiles/input.dir/all] Error 2
make: *** [all] Error 2
