Determining if the pthread_create exist failed with the following output:
Change Dir: /home/adi/ardu_ws/build/libmavconn/CMakeFiles/CMakeTmp

Run Build Command:"/usr/bin/make" "cmTC_00d03/fast"
/usr/bin/make -f CMakeFiles/cmTC_00d03.dir/build.make CMakeFiles/cmTC_00d03.dir/build
make[1]: Entering directory '/home/adi/ardu_ws/build/libmavconn/CMakeFiles/CMakeTmp'
Building C object CMakeFiles/cmTC_00d03.dir/CheckSymbolExists.c.o
/usr/bin/gcc-6    -o CMakeFiles/cmTC_00d03.dir/CheckSymbolExists.c.o   -c /home/adi/ardu_ws/build/libmavconn/CMakeFiles/CMakeTmp/CheckSymbolExists.c
Linking C executable cmTC_00d03
/usr/bin/cmake -E cmake_link_script CMakeFiles/cmTC_00d03.dir/link.txt --verbose=1
/usr/bin/gcc-6      -rdynamic CMakeFiles/cmTC_00d03.dir/CheckSymbolExists.c.o  -o cmTC_00d03 
CMakeFiles/cmTC_00d03.dir/CheckSymbolExists.c.o: In function `main':
CheckSymbolExists.c:(.text+0x1b): undefined reference to `pthread_create'
collect2: error: ld returned 1 exit status
CMakeFiles/cmTC_00d03.dir/build.make:97: recipe for target 'cmTC_00d03' failed
make[1]: *** [cmTC_00d03] Error 1
make[1]: Leaving directory '/home/adi/ardu_ws/build/libmavconn/CMakeFiles/CMakeTmp'
Makefile:126: recipe for target 'cmTC_00d03/fast' failed
make: *** [cmTC_00d03/fast] Error 2

File /home/adi/ardu_ws/build/libmavconn/CMakeFiles/CMakeTmp/CheckSymbolExists.c:
/* */
#include <pthread.h>

int main(int argc, char** argv)
{
  (void)argv;
#ifndef pthread_create
  return ((int*)(&pthread_create))[argc];
#else
  (void)argc;
  return 0;
#endif
}

Determining if the function pthread_create exists in the pthreads failed with the following output:
Change Dir: /home/adi/ardu_ws/build/libmavconn/CMakeFiles/CMakeTmp

Run Build Command:"/usr/bin/make" "cmTC_4a3fc/fast"
/usr/bin/make -f CMakeFiles/cmTC_4a3fc.dir/build.make CMakeFiles/cmTC_4a3fc.dir/build
make[1]: Entering directory '/home/adi/ardu_ws/build/libmavconn/CMakeFiles/CMakeTmp'
Building C object CMakeFiles/cmTC_4a3fc.dir/CheckFunctionExists.c.o
/usr/bin/gcc-6   -DCHECK_FUNCTION_EXISTS=pthread_create   -o CMakeFiles/cmTC_4a3fc.dir/CheckFunctionExists.c.o   -c /usr/share/cmake-3.10/Modules/CheckFunctionExists.c
Linking C executable cmTC_4a3fc
/usr/bin/cmake -E cmake_link_script CMakeFiles/cmTC_4a3fc.dir/link.txt --verbose=1
/usr/bin/gcc-6  -DCHECK_FUNCTION_EXISTS=pthread_create    -rdynamic CMakeFiles/cmTC_4a3fc.dir/CheckFunctionExists.c.o  -o cmTC_4a3fc -lpthreads 
/usr/bin/x86_64-linux-gnu-ld: cannot find -lpthreads
collect2: error: ld returned 1 exit status
CMakeFiles/cmTC_4a3fc.dir/build.make:97: recipe for target 'cmTC_4a3fc' failed
make[1]: *** [cmTC_4a3fc] Error 1
make[1]: Leaving directory '/home/adi/ardu_ws/build/libmavconn/CMakeFiles/CMakeTmp'
Makefile:126: recipe for target 'cmTC_4a3fc/fast' failed
make: *** [cmTC_4a3fc/fast] Error 2


