Determining if the pthread_create exist failed with the following output:
Change Dir: /home/adi/ardu_ws/build/iq_sim/CMakeFiles/CMakeTmp

Run Build Command:"/usr/bin/make" "cmTC_56d9f/fast"
/usr/bin/make -f CMakeFiles/cmTC_56d9f.dir/build.make CMakeFiles/cmTC_56d9f.dir/build
make[1]: Entering directory '/home/adi/ardu_ws/build/iq_sim/CMakeFiles/CMakeTmp'
Building C object CMakeFiles/cmTC_56d9f.dir/CheckSymbolExists.c.o
/usr/bin/gcc-6    -o CMakeFiles/cmTC_56d9f.dir/CheckSymbolExists.c.o   -c /home/adi/ardu_ws/build/iq_sim/CMakeFiles/CMakeTmp/CheckSymbolExists.c
Linking C executable cmTC_56d9f
/usr/bin/cmake -E cmake_link_script CMakeFiles/cmTC_56d9f.dir/link.txt --verbose=1
/usr/bin/gcc-6      -rdynamic CMakeFiles/cmTC_56d9f.dir/CheckSymbolExists.c.o  -o cmTC_56d9f 
CMakeFiles/cmTC_56d9f.dir/CheckSymbolExists.c.o: In function `main':
CheckSymbolExists.c:(.text+0x1b): undefined reference to `pthread_create'
collect2: error: ld returned 1 exit status
CMakeFiles/cmTC_56d9f.dir/build.make:97: recipe for target 'cmTC_56d9f' failed
make[1]: *** [cmTC_56d9f] Error 1
make[1]: Leaving directory '/home/adi/ardu_ws/build/iq_sim/CMakeFiles/CMakeTmp'
Makefile:126: recipe for target 'cmTC_56d9f/fast' failed
make: *** [cmTC_56d9f/fast] Error 2

File /home/adi/ardu_ws/build/iq_sim/CMakeFiles/CMakeTmp/CheckSymbolExists.c:
/* */
#include <pthread.h>

int main(int argc, char** argv)
{
  (void)argv;
#ifndef pthread_create
  return ((int*)(&pthread_create))[argc];
#else
  (void)argc;
  return 0;
#endif
}

Determining if the function pthread_create exists in the pthreads failed with the following output:
Change Dir: /home/adi/ardu_ws/build/iq_sim/CMakeFiles/CMakeTmp

Run Build Command:"/usr/bin/make" "cmTC_40204/fast"
/usr/bin/make -f CMakeFiles/cmTC_40204.dir/build.make CMakeFiles/cmTC_40204.dir/build
make[1]: Entering directory '/home/adi/ardu_ws/build/iq_sim/CMakeFiles/CMakeTmp'
Building C object CMakeFiles/cmTC_40204.dir/CheckFunctionExists.c.o
/usr/bin/gcc-6   -DCHECK_FUNCTION_EXISTS=pthread_create   -o CMakeFiles/cmTC_40204.dir/CheckFunctionExists.c.o   -c /usr/share/cmake-3.10/Modules/CheckFunctionExists.c
Linking C executable cmTC_40204
/usr/bin/cmake -E cmake_link_script CMakeFiles/cmTC_40204.dir/link.txt --verbose=1
/usr/bin/gcc-6  -DCHECK_FUNCTION_EXISTS=pthread_create    -rdynamic CMakeFiles/cmTC_40204.dir/CheckFunctionExists.c.o  -o cmTC_40204 -lpthreads 
/usr/bin/x86_64-linux-gnu-ld: cannot find -lpthreads
collect2: error: ld returned 1 exit status
CMakeFiles/cmTC_40204.dir/build.make:97: recipe for target 'cmTC_40204' failed
make[1]: *** [cmTC_40204] Error 1
make[1]: Leaving directory '/home/adi/ardu_ws/build/iq_sim/CMakeFiles/CMakeTmp'
Makefile:126: recipe for target 'cmTC_40204/fast' failed
make: *** [cmTC_40204/fast] Error 2


