Determining if the pthread_create exist failed with the following output:
Change Dir: /home/adi/ardu_ws/build/mavros_msgs/CMakeFiles/CMakeTmp

Run Build Command:"/usr/bin/make" "cmTC_8dedb/fast"
/usr/bin/make -f CMakeFiles/cmTC_8dedb.dir/build.make CMakeFiles/cmTC_8dedb.dir/build
make[1]: Entering directory '/home/adi/ardu_ws/build/mavros_msgs/CMakeFiles/CMakeTmp'
Building C object CMakeFiles/cmTC_8dedb.dir/CheckSymbolExists.c.o
/usr/bin/gcc-6    -o CMakeFiles/cmTC_8dedb.dir/CheckSymbolExists.c.o   -c /home/adi/ardu_ws/build/mavros_msgs/CMakeFiles/CMakeTmp/CheckSymbolExists.c
Linking C executable cmTC_8dedb
/usr/bin/cmake -E cmake_link_script CMakeFiles/cmTC_8dedb.dir/link.txt --verbose=1
/usr/bin/gcc-6      -rdynamic CMakeFiles/cmTC_8dedb.dir/CheckSymbolExists.c.o  -o cmTC_8dedb 
CMakeFiles/cmTC_8dedb.dir/CheckSymbolExists.c.o: In function `main':
CheckSymbolExists.c:(.text+0x1b): undefined reference to `pthread_create'
collect2: error: ld returned 1 exit status
CMakeFiles/cmTC_8dedb.dir/build.make:97: recipe for target 'cmTC_8dedb' failed
make[1]: *** [cmTC_8dedb] Error 1
make[1]: Leaving directory '/home/adi/ardu_ws/build/mavros_msgs/CMakeFiles/CMakeTmp'
Makefile:126: recipe for target 'cmTC_8dedb/fast' failed
make: *** [cmTC_8dedb/fast] Error 2

File /home/adi/ardu_ws/build/mavros_msgs/CMakeFiles/CMakeTmp/CheckSymbolExists.c:
/* */
#include <pthread.h>

int main(int argc, char** argv)
{
  (void)argv;
#ifndef pthread_create
  return ((int*)(&pthread_create))[argc];
#else
  (void)argc;
  return 0;
#endif
}

Determining if the function pthread_create exists in the pthreads failed with the following output:
Change Dir: /home/adi/ardu_ws/build/mavros_msgs/CMakeFiles/CMakeTmp

Run Build Command:"/usr/bin/make" "cmTC_72d7b/fast"
/usr/bin/make -f CMakeFiles/cmTC_72d7b.dir/build.make CMakeFiles/cmTC_72d7b.dir/build
make[1]: Entering directory '/home/adi/ardu_ws/build/mavros_msgs/CMakeFiles/CMakeTmp'
Building C object CMakeFiles/cmTC_72d7b.dir/CheckFunctionExists.c.o
/usr/bin/gcc-6   -DCHECK_FUNCTION_EXISTS=pthread_create   -o CMakeFiles/cmTC_72d7b.dir/CheckFunctionExists.c.o   -c /usr/share/cmake-3.10/Modules/CheckFunctionExists.c
Linking C executable cmTC_72d7b
/usr/bin/cmake -E cmake_link_script CMakeFiles/cmTC_72d7b.dir/link.txt --verbose=1
/usr/bin/gcc-6  -DCHECK_FUNCTION_EXISTS=pthread_create    -rdynamic CMakeFiles/cmTC_72d7b.dir/CheckFunctionExists.c.o  -o cmTC_72d7b -lpthreads 
/usr/bin/x86_64-linux-gnu-ld: cannot find -lpthreads
collect2: error: ld returned 1 exit status
CMakeFiles/cmTC_72d7b.dir/build.make:97: recipe for target 'cmTC_72d7b' failed
make[1]: *** [cmTC_72d7b] Error 1
make[1]: Leaving directory '/home/adi/ardu_ws/build/mavros_msgs/CMakeFiles/CMakeTmp'
Makefile:126: recipe for target 'cmTC_72d7b/fast' failed
make: *** [cmTC_72d7b/fast] Error 2


