Determining if the pthread_create exist failed with the following output:
Change Dir: /home/adi/ardu_ws/build/catkin_tools_prebuild/CMakeFiles/CMakeTmp

Run Build Command:"/usr/bin/make" "cmTC_de979/fast"
/usr/bin/make -f CMakeFiles/cmTC_de979.dir/build.make CMakeFiles/cmTC_de979.dir/build
make[1]: Entering directory '/home/adi/ardu_ws/build/catkin_tools_prebuild/CMakeFiles/CMakeTmp'
Building C object CMakeFiles/cmTC_de979.dir/CheckSymbolExists.c.o
/usr/lib/ccache/cc    -o CMakeFiles/cmTC_de979.dir/CheckSymbolExists.c.o   -c /home/adi/ardu_ws/build/catkin_tools_prebuild/CMakeFiles/CMakeTmp/CheckSymbolExists.c
Linking C executable cmTC_de979
/usr/bin/cmake -E cmake_link_script CMakeFiles/cmTC_de979.dir/link.txt --verbose=1
/usr/lib/ccache/cc      -rdynamic CMakeFiles/cmTC_de979.dir/CheckSymbolExists.c.o  -o cmTC_de979 
CMakeFiles/cmTC_de979.dir/CheckSymbolExists.c.o: In function `main':
CheckSymbolExists.c:(.text+0x1b): undefined reference to `pthread_create'
collect2: error: ld returned 1 exit status
CMakeFiles/cmTC_de979.dir/build.make:97: recipe for target 'cmTC_de979' failed
make[1]: *** [cmTC_de979] Error 1
make[1]: Leaving directory '/home/adi/ardu_ws/build/catkin_tools_prebuild/CMakeFiles/CMakeTmp'
Makefile:126: recipe for target 'cmTC_de979/fast' failed
make: *** [cmTC_de979/fast] Error 2

File /home/adi/ardu_ws/build/catkin_tools_prebuild/CMakeFiles/CMakeTmp/CheckSymbolExists.c:
/* */
#include <pthread.h>

int main(int argc, char** argv)
{
  (void)argv;
#ifndef pthread_create
  return ((int*)(&pthread_create))[argc];
#else
  (void)argc;
  return 0;
#endif
}

Determining if the function pthread_create exists in the pthreads failed with the following output:
Change Dir: /home/adi/ardu_ws/build/catkin_tools_prebuild/CMakeFiles/CMakeTmp

Run Build Command:"/usr/bin/make" "cmTC_261fb/fast"
/usr/bin/make -f CMakeFiles/cmTC_261fb.dir/build.make CMakeFiles/cmTC_261fb.dir/build
make[1]: Entering directory '/home/adi/ardu_ws/build/catkin_tools_prebuild/CMakeFiles/CMakeTmp'
Building C object CMakeFiles/cmTC_261fb.dir/CheckFunctionExists.c.o
/usr/lib/ccache/cc   -DCHECK_FUNCTION_EXISTS=pthread_create   -o CMakeFiles/cmTC_261fb.dir/CheckFunctionExists.c.o   -c /usr/share/cmake-3.10/Modules/CheckFunctionExists.c
Linking C executable cmTC_261fb
/usr/bin/cmake -E cmake_link_script CMakeFiles/cmTC_261fb.dir/link.txt --verbose=1
/usr/lib/ccache/cc  -DCHECK_FUNCTION_EXISTS=pthread_create    -rdynamic CMakeFiles/cmTC_261fb.dir/CheckFunctionExists.c.o  -o cmTC_261fb -lpthreads 
/usr/bin/ld: cannot find -lpthreads
collect2: error: ld returned 1 exit status
CMakeFiles/cmTC_261fb.dir/build.make:97: recipe for target 'cmTC_261fb' failed
make[1]: *** [cmTC_261fb] Error 1
make[1]: Leaving directory '/home/adi/ardu_ws/build/catkin_tools_prebuild/CMakeFiles/CMakeTmp'
Makefile:126: recipe for target 'cmTC_261fb/fast' failed
make: *** [cmTC_261fb/fast] Error 2


