Determining if the pthread_create exist failed with the following output:
Change Dir: /home/adi/ardu_ws/build/iq_gnc/CMakeFiles/CMakeTmp

Run Build Command:"/usr/bin/make" "cmTC_5f9fe/fast"
/usr/bin/make -f CMakeFiles/cmTC_5f9fe.dir/build.make CMakeFiles/cmTC_5f9fe.dir/build
make[1]: Entering directory '/home/adi/ardu_ws/build/iq_gnc/CMakeFiles/CMakeTmp'
Building C object CMakeFiles/cmTC_5f9fe.dir/CheckSymbolExists.c.o
/usr/bin/gcc-6    -o CMakeFiles/cmTC_5f9fe.dir/CheckSymbolExists.c.o   -c /home/adi/ardu_ws/build/iq_gnc/CMakeFiles/CMakeTmp/CheckSymbolExists.c
Linking C executable cmTC_5f9fe
/usr/bin/cmake -E cmake_link_script CMakeFiles/cmTC_5f9fe.dir/link.txt --verbose=1
/usr/bin/gcc-6      -rdynamic CMakeFiles/cmTC_5f9fe.dir/CheckSymbolExists.c.o  -o cmTC_5f9fe 
CMakeFiles/cmTC_5f9fe.dir/CheckSymbolExists.c.o: In function `main':
CheckSymbolExists.c:(.text+0x1b): undefined reference to `pthread_create'
collect2: error: ld returned 1 exit status
CMakeFiles/cmTC_5f9fe.dir/build.make:97: recipe for target 'cmTC_5f9fe' failed
make[1]: *** [cmTC_5f9fe] Error 1
make[1]: Leaving directory '/home/adi/ardu_ws/build/iq_gnc/CMakeFiles/CMakeTmp'
Makefile:126: recipe for target 'cmTC_5f9fe/fast' failed
make: *** [cmTC_5f9fe/fast] Error 2

File /home/adi/ardu_ws/build/iq_gnc/CMakeFiles/CMakeTmp/CheckSymbolExists.c:
/* */
#include <pthread.h>

int main(int argc, char** argv)
{
  (void)argv;
#ifndef pthread_create
  return ((int*)(&pthread_create))[argc];
#else
  (void)argc;
  return 0;
#endif
}

Determining if the function pthread_create exists in the pthreads failed with the following output:
Change Dir: /home/adi/ardu_ws/build/iq_gnc/CMakeFiles/CMakeTmp

Run Build Command:"/usr/bin/make" "cmTC_838ab/fast"
/usr/bin/make -f CMakeFiles/cmTC_838ab.dir/build.make CMakeFiles/cmTC_838ab.dir/build
make[1]: Entering directory '/home/adi/ardu_ws/build/iq_gnc/CMakeFiles/CMakeTmp'
Building C object CMakeFiles/cmTC_838ab.dir/CheckFunctionExists.c.o
/usr/bin/gcc-6   -DCHECK_FUNCTION_EXISTS=pthread_create   -o CMakeFiles/cmTC_838ab.dir/CheckFunctionExists.c.o   -c /usr/share/cmake-3.10/Modules/CheckFunctionExists.c
Linking C executable cmTC_838ab
/usr/bin/cmake -E cmake_link_script CMakeFiles/cmTC_838ab.dir/link.txt --verbose=1
/usr/bin/gcc-6  -DCHECK_FUNCTION_EXISTS=pthread_create    -rdynamic CMakeFiles/cmTC_838ab.dir/CheckFunctionExists.c.o  -o cmTC_838ab -lpthreads 
/usr/bin/x86_64-linux-gnu-ld: cannot find -lpthreads
collect2: error: ld returned 1 exit status
CMakeFiles/cmTC_838ab.dir/build.make:97: recipe for target 'cmTC_838ab' failed
make[1]: *** [cmTC_838ab] Error 1
make[1]: Leaving directory '/home/adi/ardu_ws/build/iq_gnc/CMakeFiles/CMakeTmp'
Makefile:126: recipe for target 'cmTC_838ab/fast' failed
make: *** [cmTC_838ab/fast] Error 2


