Determining if the pthread_create exist failed with the following output:
Change Dir: /home/adi/ardu_ws/build/mavros/CMakeFiles/CMakeTmp

Run Build Command:"/usr/bin/make" "cmTC_30630/fast"
/usr/bin/make -f CMakeFiles/cmTC_30630.dir/build.make CMakeFiles/cmTC_30630.dir/build
make[1]: Entering directory '/home/adi/ardu_ws/build/mavros/CMakeFiles/CMakeTmp'
Building C object CMakeFiles/cmTC_30630.dir/CheckSymbolExists.c.o
/usr/bin/gcc-6    -o CMakeFiles/cmTC_30630.dir/CheckSymbolExists.c.o   -c /home/adi/ardu_ws/build/mavros/CMakeFiles/CMakeTmp/CheckSymbolExists.c
Linking C executable cmTC_30630
/usr/bin/cmake -E cmake_link_script CMakeFiles/cmTC_30630.dir/link.txt --verbose=1
/usr/bin/gcc-6      -rdynamic CMakeFiles/cmTC_30630.dir/CheckSymbolExists.c.o  -o cmTC_30630 
CMakeFiles/cmTC_30630.dir/CheckSymbolExists.c.o: In function `main':
CheckSymbolExists.c:(.text+0x1b): undefined reference to `pthread_create'
collect2: error: ld returned 1 exit status
CMakeFiles/cmTC_30630.dir/build.make:97: recipe for target 'cmTC_30630' failed
make[1]: *** [cmTC_30630] Error 1
make[1]: Leaving directory '/home/adi/ardu_ws/build/mavros/CMakeFiles/CMakeTmp'
Makefile:126: recipe for target 'cmTC_30630/fast' failed
make: *** [cmTC_30630/fast] Error 2

File /home/adi/ardu_ws/build/mavros/CMakeFiles/CMakeTmp/CheckSymbolExists.c:
/* */
#include <pthread.h>

int main(int argc, char** argv)
{
  (void)argv;
#ifndef pthread_create
  return ((int*)(&pthread_create))[argc];
#else
  (void)argc;
  return 0;
#endif
}

Determining if the function pthread_create exists in the pthreads failed with the following output:
Change Dir: /home/adi/ardu_ws/build/mavros/CMakeFiles/CMakeTmp

Run Build Command:"/usr/bin/make" "cmTC_6fd7c/fast"
/usr/bin/make -f CMakeFiles/cmTC_6fd7c.dir/build.make CMakeFiles/cmTC_6fd7c.dir/build
make[1]: Entering directory '/home/adi/ardu_ws/build/mavros/CMakeFiles/CMakeTmp'
Building C object CMakeFiles/cmTC_6fd7c.dir/CheckFunctionExists.c.o
/usr/bin/gcc-6   -DCHECK_FUNCTION_EXISTS=pthread_create   -o CMakeFiles/cmTC_6fd7c.dir/CheckFunctionExists.c.o   -c /usr/share/cmake-3.10/Modules/CheckFunctionExists.c
Linking C executable cmTC_6fd7c
/usr/bin/cmake -E cmake_link_script CMakeFiles/cmTC_6fd7c.dir/link.txt --verbose=1
/usr/bin/gcc-6  -DCHECK_FUNCTION_EXISTS=pthread_create    -rdynamic CMakeFiles/cmTC_6fd7c.dir/CheckFunctionExists.c.o  -o cmTC_6fd7c -lpthreads 
/usr/bin/x86_64-linux-gnu-ld: cannot find -lpthreads
collect2: error: ld returned 1 exit status
CMakeFiles/cmTC_6fd7c.dir/build.make:97: recipe for target 'cmTC_6fd7c' failed
make[1]: *** [cmTC_6fd7c] Error 1
make[1]: Leaving directory '/home/adi/ardu_ws/build/mavros/CMakeFiles/CMakeTmp'
Makefile:126: recipe for target 'cmTC_6fd7c/fast' failed
make: *** [cmTC_6fd7c/fast] Error 2


